<?xml version="1.0" encoding="UTF-8"?>
<coverage generated="1566401719667" clover="3.2.0">
  <project timestamp="1566401719668" name="All files">
    <metrics statements="695" coveredstatements="666" conditionals="118" coveredconditionals="91" methods="149" coveredmethods="145" elements="962" coveredelements="902" complexity="0" loc="695" ncloc="695" packages="1" files="4" classes="4"/>
    <file name="ReludeParse_IPv4.bs.js" path="/home/awhite/dev/andywhite37/relude-parse/lib/js/src/ReludeParse_IPv4.bs.js">
      <metrics statements="10" coveredstatements="10" conditionals="0" coveredconditionals="0" methods="2" coveredmethods="2"/>
      <line num="4" count="2" type="stmt"/>
      <line num="5" count="2" type="stmt"/>
      <line num="8" count="14" type="stmt"/>
      <line num="17" count="1" type="stmt"/>
      <line num="20" count="2" type="stmt"/>
      <line num="27" count="2" type="stmt"/>
      <line num="29" count="2" type="stmt"/>
      <line num="30" count="2" type="stmt"/>
      <line num="31" count="2" type="stmt"/>
      <line num="32" count="2" type="stmt"/>
    </file>
    <file name="ReludeParse_IPv6.bs.js" path="/home/awhite/dev/andywhite37/relude-parse/lib/js/src/ReludeParse_IPv6.bs.js">
      <metrics statements="163" coveredstatements="140" conditionals="82" coveredconditionals="58" methods="12" coveredmethods="12"/>
      <line num="4" count="1" type="stmt"/>
      <line num="5" count="1" type="stmt"/>
      <line num="6" count="1" type="stmt"/>
      <line num="7" count="1" type="stmt"/>
      <line num="8" count="1" type="stmt"/>
      <line num="11" count="48" type="stmt"/>
      <line num="24" count="4" type="stmt"/>
      <line num="25" count="4" type="stmt"/>
      <line num="26" count="4" type="cond" truecount="10" falsecount="0"/>
      <line num="27" count="3" type="stmt"/>
      <line num="29" count="1" type="stmt"/>
      <line num="31" count="3" type="cond" truecount="1" falsecount="1"/>
      <line num="32" count="3" type="stmt"/>
      <line num="33" count="24" type="stmt"/>
      <line num="63" count="1" type="stmt"/>
      <line num="64" count="25" type="stmt"/>
      <line num="67" count="1" type="stmt"/>
      <line num="68" count="11" type="stmt"/>
      <line num="71" count="1" type="stmt"/>
      <line num="72" count="9" type="stmt"/>
      <line num="75" count="1" type="stmt"/>
      <line num="76" count="9" type="stmt"/>
      <line num="79" count="1" type="stmt"/>
      <line num="80" count="81" type="stmt"/>
      <line num="85" count="81" type="stmt"/>
      <line num="88" count="1" type="stmt"/>
      <line num="89" count="15" type="stmt"/>
      <line num="92" count="1" type="stmt"/>
      <line num="94" count="1" type="stmt"/>
      <line num="96" count="1" type="stmt"/>
      <line num="97" count="28" type="stmt"/>
      <line num="98" count="28" type="cond" truecount="2" falsecount="0"/>
      <line num="99" count="22" type="stmt"/>
      <line num="100" count="22" type="stmt"/>
      <line num="101" count="22" type="stmt"/>
      <line num="102" count="22" type="stmt"/>
      <line num="103" count="22" type="cond" truecount="1" falsecount="1"/>
      <line num="104" count="22" type="stmt"/>
      <line num="105" count="22" type="cond" truecount="2" falsecount="0"/>
      <line num="106" count="20" type="stmt"/>
      <line num="107" count="20" type="cond" truecount="2" falsecount="0"/>
      <line num="108" count="18" type="stmt"/>
      <line num="109" count="18" type="cond" truecount="2" falsecount="0"/>
      <line num="110" count="16" type="stmt"/>
      <line num="111" count="16" type="cond" truecount="2" falsecount="0"/>
      <line num="112" count="13" type="stmt"/>
      <line num="113" count="13" type="cond" truecount="2" falsecount="0"/>
      <line num="114" count="11" type="cond" truecount="1" falsecount="1"/>
      <line num="115" count="0" type="stmt"/>
      <line num="117" count="11" type="stmt"/>
      <line num="120" count="2" type="stmt"/>
      <line num="123" count="3" type="stmt"/>
      <line num="126" count="2" type="stmt"/>
      <line num="129" count="2" type="stmt"/>
      <line num="132" count="2" type="stmt"/>
      <line num="135" count="0" type="stmt"/>
      <line num="137" count="11" type="cond" truecount="1" falsecount="1"/>
      <line num="138" count="11" type="cond" truecount="2" falsecount="0"/>
      <line num="139" count="5" type="stmt"/>
      <line num="140" count="5" type="cond" truecount="1" falsecount="1"/>
      <line num="141" count="5" type="stmt"/>
      <line num="142" count="5" type="cond" truecount="2" falsecount="0"/>
      <line num="143" count="3" type="stmt"/>
      <line num="144" count="3" type="cond" truecount="1" falsecount="1"/>
      <line num="145" count="3" type="stmt"/>
      <line num="146" count="3" type="cond" truecount="2" falsecount="0"/>
      <line num="147" count="2" type="stmt"/>
      <line num="148" count="2" type="cond" truecount="1" falsecount="1"/>
      <line num="149" count="2" type="stmt"/>
      <line num="150" count="2" type="cond" truecount="2" falsecount="0"/>
      <line num="151" count="1" type="stmt"/>
      <line num="152" count="1" type="cond" truecount="1" falsecount="1"/>
      <line num="153" count="1" type="stmt"/>
      <line num="154" count="1" type="cond" truecount="1" falsecount="1"/>
      <line num="155" count="0" type="stmt"/>
      <line num="156" count="0" type="cond" truecount="0" falsecount="4"/>
      <line num="157" count="0" type="stmt"/>
      <line num="159" count="0" type="stmt"/>
      <line num="162" count="1" type="stmt"/>
      <line num="163" count="1" type="cond" truecount="1" falsecount="1"/>
      <line num="164" count="1" type="stmt"/>
      <line num="166" count="0" type="stmt"/>
      <line num="170" count="0" type="stmt"/>
      <line num="173" count="1" type="stmt"/>
      <line num="174" count="1" type="cond" truecount="1" falsecount="1"/>
      <line num="175" count="1" type="stmt"/>
      <line num="176" count="1" type="stmt"/>
      <line num="177" count="1" type="cond" truecount="1" falsecount="1"/>
      <line num="178" count="0" type="stmt"/>
      <line num="180" count="1" type="stmt"/>
      <line num="183" count="0" type="stmt"/>
      <line num="187" count="0" type="stmt"/>
      <line num="190" count="1" type="stmt"/>
      <line num="191" count="1" type="cond" truecount="1" falsecount="1"/>
      <line num="192" count="1" type="stmt"/>
      <line num="193" count="1" type="stmt"/>
      <line num="194" count="1" type="cond" truecount="1" falsecount="1"/>
      <line num="195" count="0" type="stmt"/>
      <line num="196" count="0" type="stmt"/>
      <line num="197" count="0" type="cond" truecount="0" falsecount="2"/>
      <line num="198" count="0" type="stmt"/>
      <line num="200" count="0" type="stmt"/>
      <line num="203" count="1" type="stmt"/>
      <line num="206" count="0" type="stmt"/>
      <line num="210" count="0" type="stmt"/>
      <line num="213" count="2" type="stmt"/>
      <line num="214" count="2" type="cond" truecount="1" falsecount="1"/>
      <line num="215" count="2" type="stmt"/>
      <line num="216" count="2" type="stmt"/>
      <line num="217" count="2" type="cond" truecount="2" falsecount="0"/>
      <line num="218" count="1" type="stmt"/>
      <line num="219" count="1" type="stmt"/>
      <line num="220" count="1" type="cond" truecount="1" falsecount="1"/>
      <line num="221" count="1" type="stmt"/>
      <line num="222" count="1" type="stmt"/>
      <line num="223" count="1" type="cond" truecount="1" falsecount="1"/>
      <line num="224" count="0" type="stmt"/>
      <line num="226" count="1" type="stmt"/>
      <line num="229" count="0" type="stmt"/>
      <line num="232" count="1" type="stmt"/>
      <line num="235" count="0" type="stmt"/>
      <line num="239" count="0" type="stmt"/>
      <line num="242" count="6" type="stmt"/>
      <line num="243" count="6" type="cond" truecount="1" falsecount="1"/>
      <line num="244" count="6" type="stmt"/>
      <line num="245" count="6" type="stmt"/>
      <line num="246" count="6" type="cond" truecount="2" falsecount="0"/>
      <line num="247" count="4" type="stmt"/>
      <line num="248" count="4" type="stmt"/>
      <line num="249" count="4" type="cond" truecount="2" falsecount="0"/>
      <line num="250" count="3" type="stmt"/>
      <line num="251" count="3" type="stmt"/>
      <line num="252" count="3" type="cond" truecount="2" falsecount="0"/>
      <line num="253" count="2" type="stmt"/>
      <line num="254" count="2" type="stmt"/>
      <line num="255" count="2" type="cond" truecount="2" falsecount="0"/>
      <line num="256" count="1" type="stmt"/>
      <line num="258" count="1" type="stmt"/>
      <line num="261" count="1" type="stmt"/>
      <line num="264" count="1" type="stmt"/>
      <line num="267" count="2" type="stmt"/>
      <line num="270" count="0" type="stmt"/>
      <line num="276" count="6" type="stmt"/>
      <line num="280" count="1" type="stmt"/>
      <line num="281" count="1" type="stmt"/>
      <line num="293" count="1" type="stmt"/>
      <line num="295" count="1" type="stmt"/>
      <line num="297" count="1" type="stmt"/>
      <line num="308" count="1" type="stmt"/>
      <line num="309" count="1" type="stmt"/>
      <line num="310" count="1" type="stmt"/>
      <line num="311" count="1" type="stmt"/>
      <line num="312" count="1" type="stmt"/>
      <line num="313" count="1" type="stmt"/>
      <line num="314" count="1" type="stmt"/>
      <line num="315" count="1" type="stmt"/>
      <line num="316" count="1" type="stmt"/>
      <line num="317" count="1" type="stmt"/>
      <line num="318" count="1" type="stmt"/>
      <line num="319" count="1" type="stmt"/>
      <line num="320" count="1" type="stmt"/>
      <line num="321" count="1" type="stmt"/>
      <line num="322" count="1" type="stmt"/>
    </file>
    <file name="ReludeParse_Parser.bs.js" path="/home/awhite/dev/andywhite37/relude-parse/lib/js/src/ReludeParse_Parser.bs.js">
      <metrics statements="508" coveredstatements="502" conditionals="36" coveredconditionals="33" methods="132" coveredmethods="128"/>
      <line num="4" count="5" type="stmt"/>
      <line num="5" count="5" type="stmt"/>
      <line num="6" count="5" type="stmt"/>
      <line num="7" count="5" type="stmt"/>
      <line num="8" count="5" type="stmt"/>
      <line num="9" count="5" type="stmt"/>
      <line num="10" count="5" type="stmt"/>
      <line num="11" count="5" type="stmt"/>
      <line num="12" count="5" type="stmt"/>
      <line num="13" count="5" type="stmt"/>
      <line num="14" count="5" type="stmt"/>
      <line num="15" count="5" type="stmt"/>
      <line num="16" count="5" type="stmt"/>
      <line num="17" count="5" type="stmt"/>
      <line num="18" count="5" type="stmt"/>
      <line num="19" count="5" type="stmt"/>
      <line num="20" count="5" type="stmt"/>
      <line num="21" count="5" type="stmt"/>
      <line num="22" count="5" type="stmt"/>
      <line num="24" count="5" type="stmt"/>
      <line num="26" count="5" type="stmt"/>
      <line num="28" count="5" type="stmt"/>
      <line num="31" count="16" type="stmt"/>
      <line num="37" count="5" type="stmt"/>
      <line num="40" count="0" type="stmt"/>
      <line num="43" count="5" type="stmt"/>
      <line num="45" count="5" type="stmt"/>
      <line num="48" count="2256" type="stmt"/>
      <line num="52" count="39" type="stmt"/>
      <line num="56" count="39" type="cond" truecount="2" falsecount="0"/>
      <line num="57" count="8" type="stmt"/>
      <line num="59" count="31" type="stmt"/>
      <line num="64" count="3228" type="stmt"/>
      <line num="65" count="3228" type="stmt"/>
      <line num="66" count="10220" type="stmt"/>
      <line num="67" count="6587" type="stmt"/>
      <line num="75" count="5" type="stmt"/>
      <line num="77" count="5" type="stmt"/>
      <line num="79" count="5" type="stmt"/>
      <line num="82" count="4" type="stmt"/>
      <line num="83" count="4" type="stmt"/>
      <line num="84" count="4" type="stmt"/>
      <line num="85" count="4" type="stmt"/>
      <line num="91" count="0" type="stmt"/>
      <line num="92" count="0" type="stmt"/>
      <line num="93" count="0" type="stmt"/>
      <line num="98" count="1356" type="stmt"/>
      <line num="99" count="1356" type="stmt"/>
      <line num="100" count="1356" type="stmt"/>
      <line num="101" count="3689" type="stmt"/>
      <line num="102" count="2466" type="stmt"/>
      <line num="103" count="2466" type="stmt"/>
      <line num="104" count="2125" type="stmt"/>
      <line num="113" count="5" type="stmt"/>
      <line num="118" count="5" type="stmt"/>
      <line num="120" count="5" type="stmt"/>
      <line num="122" count="5" type="stmt"/>
      <line num="124" count="5" type="stmt"/>
      <line num="126" count="5" type="stmt"/>
      <line num="128" count="5" type="stmt"/>
      <line num="131" count="2838" type="stmt"/>
      <line num="132" count="2754" type="stmt"/>
      <line num="139" count="5" type="stmt"/>
      <line num="145" count="5" type="stmt"/>
      <line num="148" count="2153" type="stmt"/>
      <line num="149" count="2153" type="stmt"/>
      <line num="150" count="2153" type="stmt"/>
      <line num="151" count="13035" type="stmt"/>
      <line num="152" count="13035" type="cond" truecount="4" falsecount="0"/>
      <line num="153" count="6571" type="stmt"/>
      <line num="155" count="6464" type="stmt"/>
      <line num="160" count="5" type="stmt"/>
      <line num="165" count="5" type="stmt"/>
      <line num="168" count="1862" type="stmt"/>
      <line num="169" count="1862" type="stmt"/>
      <line num="170" count="6264" type="stmt"/>
      <line num="171" count="5430" type="stmt"/>
      <line num="172" count="5430" type="stmt"/>
      <line num="177" count="5" type="stmt"/>
      <line num="184" count="5" type="stmt"/>
      <line num="186" count="5" type="stmt"/>
      <line num="189" count="1314" type="stmt"/>
      <line num="190" count="2759" type="stmt"/>
      <line num="198" count="89" type="stmt"/>
      <line num="199" count="89" type="stmt"/>
      <line num="200" count="4695" type="stmt"/>
      <line num="201" count="4695" type="stmt"/>
      <line num="202" count="1851" type="stmt"/>
      <line num="211" count="4" type="stmt"/>
      <line num="215" count="18" type="stmt"/>
      <line num="218" count="5" type="stmt"/>
      <line num="220" count="5" type="stmt"/>
      <line num="222" count="5" type="stmt"/>
      <line num="224" count="5" type="stmt"/>
      <line num="226" count="5" type="stmt"/>
      <line num="228" count="5" type="stmt"/>
      <line num="230" count="5" type="stmt"/>
      <line num="232" count="5" type="stmt"/>
      <line num="234" count="5" type="stmt"/>
      <line num="236" count="5" type="stmt"/>
      <line num="238" count="5" type="stmt"/>
      <line num="240" count="5" type="stmt"/>
      <line num="242" count="5" type="stmt"/>
      <line num="244" count="5" type="stmt"/>
      <line num="246" count="5" type="stmt"/>
      <line num="248" count="5" type="stmt"/>
      <line num="250" count="5" type="stmt"/>
      <line num="252" count="5" type="stmt"/>
      <line num="254" count="5" type="stmt"/>
      <line num="256" count="5" type="stmt"/>
      <line num="258" count="5" type="stmt"/>
      <line num="280" count="12" type="stmt"/>
      <line num="281" count="12" type="stmt"/>
      <line num="282" count="12" type="stmt"/>
      <line num="283" count="12" type="cond" truecount="2" falsecount="0"/>
      <line num="284" count="4" type="stmt"/>
      <line num="286" count="8" type="stmt"/>
      <line num="295" count="1432" type="stmt"/>
      <line num="296" count="1122" type="stmt"/>
      <line num="297" count="1094" type="stmt"/>
      <line num="300" count="408" type="stmt"/>
      <line num="308" count="53" type="stmt"/>
      <line num="312" count="350" type="cond" truecount="2" falsecount="0"/>
      <line num="313" count="112" type="stmt"/>
      <line num="314" count="161" type="stmt"/>
      <line num="320" count="238" type="stmt"/>
      <line num="325" count="4" type="stmt"/>
      <line num="329" count="4" type="stmt"/>
      <line num="333" count="4" type="stmt"/>
      <line num="337" count="4" type="stmt"/>
      <line num="341" count="12" type="stmt"/>
      <line num="345" count="157" type="cond" truecount="2" falsecount="0"/>
      <line num="346" count="40" type="stmt"/>
      <line num="347" count="156" type="stmt"/>
      <line num="353" count="117" type="stmt"/>
      <line num="354" count="284" type="stmt"/>
      <line num="359" count="157" type="stmt"/>
      <line num="368" count="23" type="stmt"/>
      <line num="372" count="40" type="stmt"/>
      <line num="376" count="8" type="stmt"/>
      <line num="380" count="8" type="stmt"/>
      <line num="381" count="4" type="stmt"/>
      <line num="382" count="4" type="stmt"/>
      <line num="388" count="4" type="stmt"/>
      <line num="396" count="18" type="stmt"/>
      <line num="397" count="18" type="stmt"/>
      <line num="398" count="158" type="stmt"/>
      <line num="406" count="22" type="stmt"/>
      <line num="407" count="45" type="stmt"/>
      <line num="408" count="37" type="stmt"/>
      <line num="414" count="13" type="stmt"/>
      <line num="415" count="4" type="stmt"/>
      <line num="423" count="48" type="stmt"/>
      <line num="424" count="8" type="stmt"/>
      <line num="432" count="56" type="stmt"/>
      <line num="433" count="48" type="stmt"/>
      <line num="434" count="40" type="stmt"/>
      <line num="435" count="40" type="stmt"/>
      <line num="442" count="8" type="stmt"/>
      <line num="446" count="8" type="stmt"/>
      <line num="450" count="24" type="stmt"/>
      <line num="451" count="16" type="stmt"/>
      <line num="452" count="16" type="stmt"/>
      <line num="458" count="32" type="stmt"/>
      <line num="459" count="24" type="stmt"/>
      <line num="464" count="8" type="stmt"/>
      <line num="468" count="24" type="stmt"/>
      <line num="469" count="16" type="stmt"/>
      <line num="470" count="16" type="stmt"/>
      <line num="476" count="16" type="stmt"/>
      <line num="477" count="8" type="stmt"/>
      <line num="482" count="8" type="stmt"/>
      <line num="486" count="50" type="stmt"/>
      <line num="490" count="72" type="stmt"/>
      <line num="491" count="48" type="stmt"/>
      <line num="492" count="8" type="stmt"/>
      <line num="494" count="16" type="stmt"/>
      <line num="500" count="12" type="stmt"/>
      <line num="501" count="4" type="stmt"/>
      <line num="509" count="18" type="stmt"/>
      <line num="510" count="160" type="cond" truecount="2" falsecount="0"/>
      <line num="511" count="130" type="stmt"/>
      <line num="513" count="30" type="stmt"/>
      <line num="518" count="5" type="stmt"/>
      <line num="519" count="427" type="stmt"/>
      <line num="520" count="427" type="cond" truecount="2" falsecount="0"/>
      <line num="521" count="124" type="stmt"/>
      <line num="526" count="303" type="stmt"/>
      <line num="533" count="5" type="stmt"/>
      <line num="534" count="4041" type="stmt"/>
      <line num="535" count="4041" type="stmt"/>
      <line num="536" count="4041" type="stmt"/>
      <line num="537" count="4041" type="cond" truecount="2" falsecount="0"/>
      <line num="538" count="3790" type="stmt"/>
      <line num="546" count="251" type="stmt"/>
      <line num="553" count="5" type="stmt"/>
      <line num="554" count="2368" type="stmt"/>
      <line num="555" count="679" type="stmt"/>
      <line num="559" count="5" type="stmt"/>
      <line num="560" count="1627" type="stmt"/>
      <line num="563" count="5" type="stmt"/>
      <line num="565" count="5" type="stmt"/>
      <line num="567" count="5" type="stmt"/>
      <line num="569" count="5" type="stmt"/>
      <line num="570" count="4" type="stmt"/>
      <line num="573" count="5" type="stmt"/>
      <line num="575" count="5" type="stmt"/>
      <line num="577" count="5" type="stmt"/>
      <line num="578" count="36" type="stmt"/>
      <line num="582" count="381" type="stmt"/>
      <line num="583" count="2968" type="stmt"/>
      <line num="584" count="2968" type="stmt"/>
      <line num="585" count="2968" type="stmt"/>
      <line num="586" count="2968" type="stmt"/>
      <line num="587" count="2968" type="cond" truecount="2" falsecount="0"/>
      <line num="588" count="1221" type="stmt"/>
      <line num="596" count="1747" type="stmt"/>
      <line num="605" count="56" type="stmt"/>
      <line num="606" count="2537" type="stmt"/>
      <line num="607" count="2537" type="stmt"/>
      <line num="608" count="2537" type="stmt"/>
      <line num="609" count="2537" type="stmt"/>
      <line num="610" count="2537" type="cond" truecount="2" falsecount="0"/>
      <line num="611" count="374" type="stmt"/>
      <line num="619" count="2163" type="stmt"/>
      <line num="628" count="29" type="stmt"/>
      <line num="629" count="24" type="cond" truecount="2" falsecount="0"/>
      <line num="630" count="12" type="stmt"/>
      <line num="632" count="12" type="stmt"/>
      <line num="638" count="24" type="stmt"/>
      <line num="642" count="4" type="stmt"/>
      <line num="645" count="5" type="stmt"/>
      <line num="659" count="5" type="stmt"/>
      <line num="661" count="5" type="stmt"/>
      <line num="664" count="13" type="stmt"/>
      <line num="665" count="8" type="stmt"/>
      <line num="670" count="8" type="stmt"/>
      <line num="671" count="8" type="stmt"/>
      <line num="672" count="8" type="stmt"/>
      <line num="677" count="19" type="stmt"/>
      <line num="678" count="1294" type="stmt"/>
      <line num="679" count="1294" type="cond" truecount="4" falsecount="0"/>
      <line num="680" count="854" type="stmt"/>
      <line num="682" count="440" type="stmt"/>
      <line num="687" count="5" type="stmt"/>
      <line num="719" count="5" type="stmt"/>
      <line num="721" count="5" type="stmt"/>
      <line num="723" count="5" type="stmt"/>
      <line num="724" count="134" type="stmt"/>
      <line num="725" count="134" type="stmt"/>
      <line num="729" count="5" type="stmt"/>
      <line num="731" count="5" type="stmt"/>
      <line num="732" count="72" type="stmt"/>
      <line num="735" count="5" type="stmt"/>
      <line num="737" count="5" type="stmt"/>
      <line num="739" count="5" type="stmt"/>
      <line num="741" count="5" type="stmt"/>
      <line num="742" count="46" type="stmt"/>
      <line num="745" count="5" type="stmt"/>
      <line num="747" count="5" type="stmt"/>
      <line num="749" count="5" type="stmt"/>
      <line num="751" count="5" type="stmt"/>
      <line num="753" count="5" type="stmt"/>
      <line num="755" count="5" type="stmt"/>
      <line num="757" count="5" type="stmt"/>
      <line num="759" count="5" type="stmt"/>
      <line num="761" count="5" type="stmt"/>
      <line num="763" count="5" type="stmt"/>
      <line num="765" count="5" type="stmt"/>
      <line num="785" count="5" type="stmt"/>
      <line num="787" count="5" type="stmt"/>
      <line num="788" count="106" type="stmt"/>
      <line num="791" count="5" type="stmt"/>
      <line num="794" count="82" type="stmt"/>
      <line num="795" count="212" type="stmt"/>
      <line num="796" count="212" type="stmt"/>
      <line num="797" count="212" type="stmt"/>
      <line num="798" count="212" type="stmt"/>
      <line num="799" count="212" type="cond" truecount="1" falsecount="1"/>
      <line num="800" count="212" type="stmt"/>
      <line num="801" count="212" type="stmt"/>
      <line num="802" count="212" type="stmt"/>
      <line num="803" count="212" type="cond" truecount="2" falsecount="0"/>
      <line num="804" count="164" type="stmt"/>
      <line num="805" count="0" type="stmt"/>
      <line num="810" count="164" type="stmt"/>
      <line num="818" count="164" type="cond" truecount="1" falsecount="1"/>
      <line num="819" count="0" type="stmt"/>
      <line num="821" count="164" type="stmt"/>
      <line num="825" count="48" type="stmt"/>
      <line num="834" count="28" type="cond" truecount="1" falsecount="1"/>
      <line num="835" count="28" type="stmt"/>
      <line num="838" count="5" type="stmt"/>
      <line num="840" count="5" type="stmt"/>
      <line num="842" count="5" type="stmt"/>
      <line num="844" count="5" type="stmt"/>
      <line num="846" count="5" type="stmt"/>
      <line num="848" count="5" type="stmt"/>
      <line num="850" count="5" type="stmt"/>
      <line num="855" count="5" type="stmt"/>
      <line num="857" count="5" type="stmt"/>
      <line num="859" count="5" type="stmt"/>
      <line num="861" count="5" type="stmt"/>
      <line num="862" count="24" type="stmt"/>
      <line num="865" count="5" type="stmt"/>
      <line num="866" count="24" type="stmt"/>
      <line num="869" count="5" type="stmt"/>
      <line num="871" count="5" type="stmt"/>
      <line num="873" count="5" type="stmt"/>
      <line num="875" count="5" type="stmt"/>
      <line num="878" count="4" type="stmt"/>
      <line num="881" count="5" type="stmt"/>
      <line num="883" count="5" type="stmt"/>
      <line num="886" count="4" type="stmt"/>
      <line num="889" count="5" type="stmt"/>
      <line num="891" count="5" type="stmt"/>
      <line num="894" count="4" type="stmt"/>
      <line num="897" count="5" type="stmt"/>
      <line num="899" count="5" type="stmt"/>
      <line num="902" count="4" type="stmt"/>
      <line num="905" count="5" type="stmt"/>
      <line num="908" count="4" type="stmt"/>
      <line num="911" count="5" type="stmt"/>
      <line num="914" count="4" type="stmt"/>
      <line num="917" count="5" type="stmt"/>
      <line num="920" count="4" type="stmt"/>
      <line num="923" count="5" type="stmt"/>
      <line num="925" count="5" type="stmt"/>
      <line num="927" count="5" type="stmt"/>
      <line num="929" count="5" type="stmt"/>
      <line num="931" count="5" type="stmt"/>
      <line num="933" count="5" type="stmt"/>
      <line num="935" count="5" type="stmt"/>
      <line num="937" count="5" type="stmt"/>
      <line num="939" count="5" type="stmt"/>
      <line num="941" count="5" type="stmt"/>
      <line num="943" count="5" type="stmt"/>
      <line num="945" count="5" type="stmt"/>
      <line num="947" count="5" type="stmt"/>
      <line num="949" count="5" type="stmt"/>
      <line num="951" count="5" type="stmt"/>
      <line num="953" count="5" type="stmt"/>
      <line num="955" count="5" type="stmt"/>
      <line num="957" count="5" type="stmt"/>
      <line num="959" count="5" type="stmt"/>
      <line num="961" count="5" type="stmt"/>
      <line num="963" count="5" type="stmt"/>
      <line num="965" count="5" type="stmt"/>
      <line num="967" count="5" type="stmt"/>
      <line num="969" count="5" type="stmt"/>
      <line num="971" count="5" type="stmt"/>
      <line num="973" count="5" type="stmt"/>
      <line num="974" count="5" type="stmt"/>
      <line num="975" count="5" type="stmt"/>
      <line num="976" count="5" type="stmt"/>
      <line num="977" count="5" type="stmt"/>
      <line num="978" count="5" type="stmt"/>
      <line num="979" count="5" type="stmt"/>
      <line num="980" count="5" type="stmt"/>
      <line num="981" count="5" type="stmt"/>
      <line num="982" count="5" type="stmt"/>
      <line num="983" count="5" type="stmt"/>
      <line num="984" count="5" type="stmt"/>
      <line num="985" count="5" type="stmt"/>
      <line num="986" count="5" type="stmt"/>
      <line num="987" count="5" type="stmt"/>
      <line num="988" count="5" type="stmt"/>
      <line num="989" count="5" type="stmt"/>
      <line num="990" count="5" type="stmt"/>
      <line num="991" count="5" type="stmt"/>
      <line num="992" count="5" type="stmt"/>
      <line num="993" count="5" type="stmt"/>
      <line num="994" count="5" type="stmt"/>
      <line num="995" count="5" type="stmt"/>
      <line num="996" count="5" type="stmt"/>
      <line num="997" count="5" type="stmt"/>
      <line num="998" count="5" type="stmt"/>
      <line num="999" count="5" type="stmt"/>
      <line num="1000" count="5" type="stmt"/>
      <line num="1001" count="5" type="stmt"/>
      <line num="1002" count="5" type="stmt"/>
      <line num="1003" count="5" type="stmt"/>
      <line num="1004" count="5" type="stmt"/>
      <line num="1005" count="5" type="stmt"/>
      <line num="1006" count="5" type="stmt"/>
      <line num="1007" count="5" type="stmt"/>
      <line num="1008" count="5" type="stmt"/>
      <line num="1009" count="5" type="stmt"/>
      <line num="1010" count="5" type="stmt"/>
      <line num="1011" count="5" type="stmt"/>
      <line num="1012" count="5" type="stmt"/>
      <line num="1013" count="5" type="stmt"/>
      <line num="1014" count="5" type="stmt"/>
      <line num="1015" count="5" type="stmt"/>
      <line num="1016" count="5" type="stmt"/>
      <line num="1017" count="5" type="stmt"/>
      <line num="1018" count="5" type="stmt"/>
      <line num="1019" count="5" type="stmt"/>
      <line num="1020" count="5" type="stmt"/>
      <line num="1021" count="5" type="stmt"/>
      <line num="1022" count="5" type="stmt"/>
      <line num="1023" count="5" type="stmt"/>
      <line num="1024" count="5" type="stmt"/>
      <line num="1025" count="5" type="stmt"/>
      <line num="1026" count="5" type="stmt"/>
      <line num="1027" count="5" type="stmt"/>
      <line num="1028" count="5" type="stmt"/>
      <line num="1029" count="5" type="stmt"/>
      <line num="1030" count="5" type="stmt"/>
      <line num="1031" count="5" type="stmt"/>
      <line num="1032" count="5" type="stmt"/>
      <line num="1033" count="5" type="stmt"/>
      <line num="1034" count="5" type="stmt"/>
      <line num="1035" count="5" type="stmt"/>
      <line num="1036" count="5" type="stmt"/>
      <line num="1037" count="5" type="stmt"/>
      <line num="1038" count="5" type="stmt"/>
      <line num="1039" count="5" type="stmt"/>
      <line num="1040" count="5" type="stmt"/>
      <line num="1041" count="5" type="stmt"/>
      <line num="1042" count="5" type="stmt"/>
      <line num="1043" count="5" type="stmt"/>
      <line num="1044" count="5" type="stmt"/>
      <line num="1045" count="5" type="stmt"/>
      <line num="1046" count="5" type="stmt"/>
      <line num="1047" count="5" type="stmt"/>
      <line num="1048" count="5" type="stmt"/>
      <line num="1049" count="5" type="stmt"/>
      <line num="1050" count="5" type="stmt"/>
      <line num="1051" count="5" type="stmt"/>
      <line num="1052" count="5" type="stmt"/>
      <line num="1053" count="5" type="stmt"/>
      <line num="1054" count="5" type="stmt"/>
      <line num="1055" count="5" type="stmt"/>
      <line num="1056" count="5" type="stmt"/>
      <line num="1057" count="5" type="stmt"/>
      <line num="1058" count="5" type="stmt"/>
      <line num="1059" count="5" type="stmt"/>
      <line num="1060" count="5" type="stmt"/>
      <line num="1061" count="5" type="stmt"/>
      <line num="1062" count="5" type="stmt"/>
      <line num="1063" count="5" type="stmt"/>
      <line num="1064" count="5" type="stmt"/>
      <line num="1065" count="5" type="stmt"/>
      <line num="1066" count="5" type="stmt"/>
      <line num="1067" count="5" type="stmt"/>
      <line num="1068" count="5" type="stmt"/>
      <line num="1069" count="5" type="stmt"/>
      <line num="1070" count="5" type="stmt"/>
      <line num="1071" count="5" type="stmt"/>
      <line num="1072" count="5" type="stmt"/>
      <line num="1073" count="5" type="stmt"/>
      <line num="1074" count="5" type="stmt"/>
      <line num="1075" count="5" type="stmt"/>
      <line num="1076" count="5" type="stmt"/>
      <line num="1077" count="5" type="stmt"/>
      <line num="1078" count="5" type="stmt"/>
      <line num="1079" count="5" type="stmt"/>
      <line num="1080" count="5" type="stmt"/>
      <line num="1081" count="5" type="stmt"/>
      <line num="1082" count="5" type="stmt"/>
      <line num="1083" count="5" type="stmt"/>
      <line num="1084" count="5" type="stmt"/>
      <line num="1085" count="5" type="stmt"/>
      <line num="1086" count="5" type="stmt"/>
      <line num="1087" count="5" type="stmt"/>
      <line num="1088" count="5" type="stmt"/>
      <line num="1089" count="5" type="stmt"/>
      <line num="1090" count="5" type="stmt"/>
      <line num="1091" count="5" type="stmt"/>
      <line num="1092" count="5" type="stmt"/>
      <line num="1093" count="5" type="stmt"/>
      <line num="1094" count="5" type="stmt"/>
      <line num="1095" count="5" type="stmt"/>
      <line num="1096" count="5" type="stmt"/>
      <line num="1097" count="5" type="stmt"/>
      <line num="1098" count="5" type="stmt"/>
      <line num="1099" count="5" type="stmt"/>
      <line num="1100" count="5" type="stmt"/>
      <line num="1101" count="5" type="stmt"/>
      <line num="1102" count="5" type="stmt"/>
      <line num="1103" count="5" type="stmt"/>
      <line num="1104" count="5" type="stmt"/>
      <line num="1105" count="5" type="stmt"/>
      <line num="1106" count="5" type="stmt"/>
      <line num="1107" count="5" type="stmt"/>
      <line num="1108" count="5" type="stmt"/>
      <line num="1109" count="5" type="stmt"/>
      <line num="1110" count="5" type="stmt"/>
      <line num="1111" count="5" type="stmt"/>
      <line num="1112" count="5" type="stmt"/>
      <line num="1113" count="5" type="stmt"/>
      <line num="1114" count="5" type="stmt"/>
      <line num="1115" count="5" type="stmt"/>
      <line num="1116" count="5" type="stmt"/>
      <line num="1117" count="5" type="stmt"/>
      <line num="1118" count="5" type="stmt"/>
      <line num="1119" count="5" type="stmt"/>
      <line num="1120" count="5" type="stmt"/>
      <line num="1121" count="5" type="stmt"/>
      <line num="1122" count="5" type="stmt"/>
      <line num="1123" count="5" type="stmt"/>
      <line num="1124" count="5" type="stmt"/>
      <line num="1125" count="5" type="stmt"/>
      <line num="1126" count="5" type="stmt"/>
      <line num="1127" count="5" type="stmt"/>
      <line num="1128" count="5" type="stmt"/>
      <line num="1129" count="5" type="stmt"/>
    </file>
    <file name="ReludeParse_UUID.bs.js" path="/home/awhite/dev/andywhite37/relude-parse/lib/js/src/ReludeParse_UUID.bs.js">
      <metrics statements="14" coveredstatements="14" conditionals="0" coveredconditionals="0" methods="3" coveredmethods="3"/>
      <line num="4" count="1" type="stmt"/>
      <line num="5" count="1" type="stmt"/>
      <line num="6" count="1" type="stmt"/>
      <line num="9" count="1" type="stmt"/>
      <line num="13" count="5" type="stmt"/>
      <line num="16" count="1" type="stmt"/>
      <line num="18" count="1" type="stmt"/>
      <line num="19" count="2" type="stmt"/>
      <line num="22" count="1" type="stmt"/>
      <line num="24" count="1" type="stmt"/>
      <line num="25" count="1" type="stmt"/>
      <line num="26" count="1" type="stmt"/>
      <line num="27" count="1" type="stmt"/>
      <line num="28" count="1" type="stmt"/>
    </file>
  </project>
</coverage>
