{"/home/awhite/dev/andywhite37/relude-parse/lib/js/src/ReludeParse_IPv4.bs.js": {"path":"/home/awhite/dev/andywhite37/relude-parse/lib/js/src/ReludeParse_IPv4.bs.js","statementMap":{"0":{"start":{"line":4,"column":12},"end":{"line":4,"column":50}},"1":{"start":{"line":5,"column":25},"end":{"line":5,"column":62}},"2":{"start":{"line":8,"column":2},"end":{"line":13,"column":10}},"3":{"start":{"line":17,"column":2},"end":{"line":17,"column":111}},"4":{"start":{"line":20,"column":13},"end":{"line":25,"column":6}},"5":{"start":{"line":27,"column":8},"end":{"line":27,"column":9}},"6":{"start":{"line":29,"column":0},"end":{"line":29,"column":14}},"7":{"start":{"line":30,"column":0},"end":{"line":30,"column":40}},"8":{"start":{"line":31,"column":0},"end":{"line":31,"column":20}},"9":{"start":{"line":32,"column":0},"end":{"line":32,"column":24}}},"fnMap":{"0":{"name":"unsafeFromInts","decl":{"start":{"line":7,"column":9},"end":{"line":7,"column":23}},"loc":{"start":{"line":7,"column":36},"end":{"line":14,"column":1}},"line":7},"1":{"name":"show","decl":{"start":{"line":16,"column":9},"end":{"line":16,"column":13}},"loc":{"start":{"line":16,"column":21},"end":{"line":18,"column":1}},"line":16}},"branchMap":{},"s":{"0":2,"1":2,"2":14,"3":1,"4":2,"5":2,"6":2,"7":2,"8":2,"9":2},"f":{"0":14,"1":1},"b":{},"_coverageSchema":"43e27e138ebf9cfc5966b082cf9a028302ed4184","hash":"1ed2e890045d9531a7e0d083e4bf4c48e7749a3a"}
,"/home/awhite/dev/andywhite37/relude-parse/lib/js/src/ReludeParse_IPv6.bs.js": {"path":"/home/awhite/dev/andywhite37/relude-parse/lib/js/src/ReludeParse_IPv6.bs.js","statementMap":{"0":{"start":{"line":4,"column":12},"end":{"line":4,"column":50}},"1":{"start":{"line":5,"column":18},"end":{"line":5,"column":62}},"2":{"start":{"line":6,"column":18},"end":{"line":6,"column":64}},"3":{"start":{"line":7,"column":25},"end":{"line":7,"column":62}},"4":{"start":{"line":8,"column":29},"end":{"line":8,"column":97}},"5":{"start":{"line":11,"column":2},"end":{"line":20,"column":10}},"6":{"start":{"line":24,"column":10},"end":{"line":24,"column":15}},"7":{"start":{"line":25,"column":13},"end":{"line":25,"column":14}},"8":{"start":{"line":26,"column":2},"end":{"line":30,"column":3}},"9":{"start":{"line":27,"column":4},"end":{"line":27,"column":13}},"10":{"start":{"line":29,"column":4},"end":{"line":29,"column":17}},"11":{"start":{"line":31,"column":2},"end":{"line":59,"column":3}},"12":{"start":{"line":32,"column":4},"end":{"line":58,"column":22}},"13":{"start":{"line":33,"column":24},"end":{"line":33,"column":50}},"14":{"start":{"line":63,"column":19},"end":{"line":65,"column":9}},"15":{"start":{"line":64,"column":8},"end":{"line":64,"column":17}},"16":{"start":{"line":67,"column":24},"end":{"line":69,"column":9}},"17":{"start":{"line":68,"column":8},"end":{"line":68,"column":63}},"18":{"start":{"line":71,"column":22},"end":{"line":73,"column":9}},"19":{"start":{"line":72,"column":8},"end":{"line":72,"column":64}},"20":{"start":{"line":75,"column":22},"end":{"line":77,"column":9}},"21":{"start":{"line":76,"column":8},"end":{"line":76,"column":64}},"22":{"start":{"line":79,"column":25},"end":{"line":86,"column":9}},"23":{"start":{"line":80,"column":12},"end":{"line":80,"column":32}},"24":{"start":{"line":85,"column":8},"end":{"line":85,"column":64}},"25":{"start":{"line":88,"column":17},"end":{"line":90,"column":9}},"26":{"start":{"line":89,"column":8},"end":{"line":89,"column":17}},"27":{"start":{"line":92,"column":12},"end":{"line":92,"column":515}},"28":{"start":{"line":94,"column":16},"end":{"line":94,"column":77}},"29":{"start":{"line":96,"column":13},"end":{"line":278,"column":9}},"30":{"start":{"line":97,"column":20},"end":{"line":97,"column":28}},"31":{"start":{"line":98,"column":8},"end":{"line":277,"column":9}},"32":{"start":{"line":99,"column":18},"end":{"line":99,"column":26}},"33":{"start":{"line":100,"column":18},"end":{"line":100,"column":26}},"34":{"start":{"line":101,"column":21},"end":{"line":101,"column":22}},"35":{"start":{"line":102,"column":24},"end":{"line":102,"column":32}},"36":{"start":{"line":103,"column":10},"end":{"line":136,"column":11}},"37":{"start":{"line":104,"column":26},"end":{"line":104,"column":36}},"38":{"start":{"line":105,"column":12},"end":{"line":133,"column":13}},"39":{"start":{"line":106,"column":28},"end":{"line":106,"column":38}},"40":{"start":{"line":107,"column":14},"end":{"line":130,"column":15}},"41":{"start":{"line":108,"column":30},"end":{"line":108,"column":40}},"42":{"start":{"line":109,"column":16},"end":{"line":127,"column":17}},"43":{"start":{"line":110,"column":32},"end":{"line":110,"column":42}},"44":{"start":{"line":111,"column":18},"end":{"line":124,"column":19}},"45":{"start":{"line":112,"column":34},"end":{"line":112,"column":44}},"46":{"start":{"line":113,"column":20},"end":{"line":121,"column":21}},"47":{"start":{"line":114,"column":22},"end":{"line":118,"column":23}},"48":{"start":{"line":115,"column":24},"end":{"line":115,"column":87}},"49":{"start":{"line":117,"column":24},"end":{"line":117,"column":149}},"50":{"start":{"line":120,"column":22},"end":{"line":120,"column":31}},"51":{"start":{"line":123,"column":20},"end":{"line":123,"column":29}},"52":{"start":{"line":126,"column":18},"end":{"line":126,"column":27}},"53":{"start":{"line":129,"column":16},"end":{"line":129,"column":25}},"54":{"start":{"line":132,"column":14},"end":{"line":132,"column":23}},"55":{"start":{"line":135,"column":12},"end":{"line":135,"column":21}},"56":{"start":{"line":137,"column":10},"end":{"line":273,"column":11}},"57":{"start":{"line":138,"column":12},"end":{"line":272,"column":13}},"58":{"start":{"line":139,"column":28},"end":{"line":139,"column":36}},"59":{"start":{"line":140,"column":14},"end":{"line":240,"column":15}},"60":{"start":{"line":141,"column":24},"end":{"line":141,"column":34}},"61":{"start":{"line":142,"column":16},"end":{"line":237,"column":17}},"62":{"start":{"line":143,"column":32},"end":{"line":143,"column":42}},"63":{"start":{"line":144,"column":18},"end":{"line":211,"column":19}},"64":{"start":{"line":145,"column":28},"end":{"line":145,"column":38}},"65":{"start":{"line":146,"column":20},"end":{"line":208,"column":21}},"66":{"start":{"line":147,"column":36},"end":{"line":147,"column":46}},"67":{"start":{"line":148,"column":22},"end":{"line":188,"column":23}},"68":{"start":{"line":149,"column":32},"end":{"line":149,"column":42}},"69":{"start":{"line":150,"column":24},"end":{"line":185,"column":25}},"70":{"start":{"line":151,"column":41},"end":{"line":151,"column":51}},"71":{"start":{"line":152,"column":26},"end":{"line":171,"column":27}},"72":{"start":{"line":153,"column":36},"end":{"line":153,"column":47}},"73":{"start":{"line":154,"column":28},"end":{"line":168,"column":29}},"74":{"start":{"line":155,"column":45},"end":{"line":155,"column":56}},"75":{"start":{"line":156,"column":30},"end":{"line":160,"column":31}},"76":{"start":{"line":157,"column":32},"end":{"line":157,"column":103}},"77":{"start":{"line":159,"column":32},"end":{"line":159,"column":95}},"78":{"start":{"line":162,"column":45},"end":{"line":162,"column":56}},"79":{"start":{"line":163,"column":30},"end":{"line":167,"column":31}},"80":{"start":{"line":164,"column":32},"end":{"line":164,"column":113}},"81":{"start":{"line":166,"column":32},"end":{"line":166,"column":103}},"82":{"start":{"line":170,"column":28},"end":{"line":170,"column":91}},"83":{"start":{"line":173,"column":41},"end":{"line":173,"column":51}},"84":{"start":{"line":174,"column":26},"end":{"line":184,"column":27}},"85":{"start":{"line":175,"column":43},"end":{"line":175,"column":54}},"86":{"start":{"line":176,"column":38},"end":{"line":176,"column":49}},"87":{"start":{"line":177,"column":28},"end":{"line":181,"column":29}},"88":{"start":{"line":178,"column":30},"end":{"line":178,"column":113}},"89":{"start":{"line":180,"column":30},"end":{"line":180,"column":103}},"90":{"start":{"line":183,"column":28},"end":{"line":183,"column":99}},"91":{"start":{"line":187,"column":24},"end":{"line":187,"column":87}},"92":{"start":{"line":190,"column":37},"end":{"line":190,"column":47}},"93":{"start":{"line":191,"column":22},"end":{"line":207,"column":23}},"94":{"start":{"line":192,"column":39},"end":{"line":192,"column":50}},"95":{"start":{"line":193,"column":34},"end":{"line":193,"column":45}},"96":{"start":{"line":194,"column":24},"end":{"line":204,"column":25}},"97":{"start":{"line":195,"column":41},"end":{"line":195,"column":52}},"98":{"start":{"line":196,"column":36},"end":{"line":196,"column":47}},"99":{"start":{"line":197,"column":26},"end":{"line":201,"column":27}},"100":{"start":{"line":198,"column":28},"end":{"line":198,"column":113}},"101":{"start":{"line":200,"column":28},"end":{"line":200,"column":103}},"102":{"start":{"line":203,"column":26},"end":{"line":203,"column":99}},"103":{"start":{"line":206,"column":24},"end":{"line":206,"column":95}},"104":{"start":{"line":210,"column":20},"end":{"line":210,"column":83}},"105":{"start":{"line":213,"column":33},"end":{"line":213,"column":43}},"106":{"start":{"line":214,"column":18},"end":{"line":236,"column":19}},"107":{"start":{"line":215,"column":35},"end":{"line":215,"column":46}},"108":{"start":{"line":216,"column":30},"end":{"line":216,"column":41}},"109":{"start":{"line":217,"column":20},"end":{"line":233,"column":21}},"110":{"start":{"line":218,"column":37},"end":{"line":218,"column":48}},"111":{"start":{"line":219,"column":32},"end":{"line":219,"column":43}},"112":{"start":{"line":220,"column":22},"end":{"line":230,"column":23}},"113":{"start":{"line":221,"column":39},"end":{"line":221,"column":50}},"114":{"start":{"line":222,"column":34},"end":{"line":222,"column":45}},"115":{"start":{"line":223,"column":24},"end":{"line":227,"column":25}},"116":{"start":{"line":224,"column":26},"end":{"line":224,"column":113}},"117":{"start":{"line":226,"column":26},"end":{"line":226,"column":103}},"118":{"start":{"line":229,"column":24},"end":{"line":229,"column":99}},"119":{"start":{"line":232,"column":22},"end":{"line":232,"column":95}},"120":{"start":{"line":235,"column":20},"end":{"line":235,"column":91}},"121":{"start":{"line":239,"column":16},"end":{"line":239,"column":79}},"122":{"start":{"line":242,"column":29},"end":{"line":242,"column":37}},"123":{"start":{"line":243,"column":14},"end":{"line":271,"column":15}},"124":{"start":{"line":244,"column":31},"end":{"line":244,"column":42}},"125":{"start":{"line":245,"column":26},"end":{"line":245,"column":37}},"126":{"start":{"line":246,"column":16},"end":{"line":268,"column":17}},"127":{"start":{"line":247,"column":33},"end":{"line":247,"column":44}},"128":{"start":{"line":248,"column":28},"end":{"line":248,"column":39}},"129":{"start":{"line":249,"column":18},"end":{"line":265,"column":19}},"130":{"start":{"line":250,"column":35},"end":{"line":250,"column":46}},"131":{"start":{"line":251,"column":30},"end":{"line":251,"column":41}},"132":{"start":{"line":252,"column":20},"end":{"line":262,"column":21}},"133":{"start":{"line":253,"column":37},"end":{"line":253,"column":48}},"134":{"start":{"line":254,"column":32},"end":{"line":254,"column":43}},"135":{"start":{"line":255,"column":22},"end":{"line":259,"column":23}},"136":{"start":{"line":256,"column":24},"end":{"line":256,"column":113}},"137":{"start":{"line":258,"column":24},"end":{"line":258,"column":103}},"138":{"start":{"line":261,"column":22},"end":{"line":261,"column":99}},"139":{"start":{"line":264,"column":20},"end":{"line":264,"column":95}},"140":{"start":{"line":267,"column":18},"end":{"line":267,"column":91}},"141":{"start":{"line":270,"column":16},"end":{"line":270,"column":87}},"142":{"start":{"line":276,"column":10},"end":{"line":276,"column":73}},"143":{"start":{"line":280,"column":26},"end":{"line":291,"column":9}},"144":{"start":{"line":281,"column":8},"end":{"line":290,"column":16}},"145":{"start":{"line":293,"column":13},"end":{"line":293,"column":87}},"146":{"start":{"line":295,"column":8},"end":{"line":295,"column":9}},"147":{"start":{"line":297,"column":25},"end":{"line":306,"column":1}},"148":{"start":{"line":308,"column":0},"end":{"line":308,"column":14}},"149":{"start":{"line":309,"column":0},"end":{"line":309,"column":40}},"150":{"start":{"line":310,"column":0},"end":{"line":310,"column":28}},"151":{"start":{"line":311,"column":0},"end":{"line":311,"column":20}},"152":{"start":{"line":312,"column":0},"end":{"line":312,"column":36}},"153":{"start":{"line":313,"column":0},"end":{"line":313,"column":46}},"154":{"start":{"line":314,"column":0},"end":{"line":314,"column":42}},"155":{"start":{"line":315,"column":0},"end":{"line":315,"column":42}},"156":{"start":{"line":316,"column":0},"end":{"line":316,"column":48}},"157":{"start":{"line":317,"column":0},"end":{"line":317,"column":32}},"158":{"start":{"line":318,"column":0},"end":{"line":318,"column":22}},"159":{"start":{"line":319,"column":0},"end":{"line":319,"column":30}},"160":{"start":{"line":320,"column":0},"end":{"line":320,"column":24}},"161":{"start":{"line":321,"column":0},"end":{"line":321,"column":50}},"162":{"start":{"line":322,"column":0},"end":{"line":322,"column":24}}},"fnMap":{"0":{"name":"unsafeFromInts","decl":{"start":{"line":10,"column":9},"end":{"line":10,"column":23}},"loc":{"start":{"line":10,"column":48},"end":{"line":21,"column":1}},"line":10},"1":{"name":"show","decl":{"start":{"line":23,"column":9},"end":{"line":23,"column":13}},"loc":{"start":{"line":23,"column":18},"end":{"line":61,"column":1}},"line":23},"2":{"name":"(anonymous_2)","decl":{"start":{"line":32,"column":93},"end":{"line":32,"column":94}},"loc":{"start":{"line":32,"column":110},"end":{"line":34,"column":23}},"line":32},"3":{"name":"(anonymous_3)","decl":{"start":{"line":63,"column":133},"end":{"line":63,"column":134}},"loc":{"start":{"line":63,"column":150},"end":{"line":65,"column":7}},"line":63},"4":{"name":"(anonymous_4)","decl":{"start":{"line":67,"column":203},"end":{"line":67,"column":204}},"loc":{"start":{"line":67,"column":223},"end":{"line":69,"column":7}},"line":67},"5":{"name":"(anonymous_5)","decl":{"start":{"line":71,"column":333},"end":{"line":71,"column":334}},"loc":{"start":{"line":71,"column":354},"end":{"line":73,"column":7}},"line":71},"6":{"name":"(anonymous_6)","decl":{"start":{"line":75,"column":304},"end":{"line":75,"column":305}},"loc":{"start":{"line":75,"column":325},"end":{"line":77,"column":7}},"line":75},"7":{"name":"(anonymous_7)","decl":{"start":{"line":79,"column":111},"end":{"line":79,"column":112}},"loc":{"start":{"line":79,"column":134},"end":{"line":81,"column":11}},"line":79},"8":{"name":"(anonymous_8)","decl":{"start":{"line":84,"column":13},"end":{"line":84,"column":14}},"loc":{"start":{"line":84,"column":34},"end":{"line":86,"column":7}},"line":84},"9":{"name":"(anonymous_9)","decl":{"start":{"line":88,"column":92},"end":{"line":88,"column":93}},"loc":{"start":{"line":88,"column":109},"end":{"line":90,"column":7}},"line":88},"10":{"name":"(anonymous_10)","decl":{"start":{"line":96,"column":70},"end":{"line":96,"column":71}},"loc":{"start":{"line":96,"column":87},"end":{"line":278,"column":7}},"line":96},"11":{"name":"(anonymous_11)","decl":{"start":{"line":280,"column":104},"end":{"line":280,"column":105}},"loc":{"start":{"line":280,"column":121},"end":{"line":291,"column":7}},"line":280}},"branchMap":{"0":{"loc":{"start":{"line":26,"column":2},"end":{"line":30,"column":3}},"type":"if","locations":[{"start":{"line":26,"column":2},"end":{"line":30,"column":3}},{"start":{"line":26,"column":2},"end":{"line":30,"column":3}}],"line":26},"1":{"loc":{"start":{"line":26,"column":6},"end":{"line":26,"column":118}},"type":"binary-expr","locations":[{"start":{"line":26,"column":6},"end":{"line":26,"column":13}},{"start":{"line":26,"column":17},"end":{"line":26,"column":28}},{"start":{"line":26,"column":32},"end":{"line":26,"column":43}},{"start":{"line":26,"column":47},"end":{"line":26,"column":58}},{"start":{"line":26,"column":62},"end":{"line":26,"column":73}},{"start":{"line":26,"column":77},"end":{"line":26,"column":88}},{"start":{"line":26,"column":92},"end":{"line":26,"column":103}},{"start":{"line":26,"column":107},"end":{"line":26,"column":118}}],"line":26},"2":{"loc":{"start":{"line":31,"column":2},"end":{"line":59,"column":3}},"type":"if","locations":[{"start":{"line":31,"column":2},"end":{"line":59,"column":3}},{"start":{"line":31,"column":2},"end":{"line":59,"column":3}}],"line":31},"3":{"loc":{"start":{"line":98,"column":8},"end":{"line":277,"column":9}},"type":"if","locations":[{"start":{"line":98,"column":8},"end":{"line":277,"column":9}},{"start":{"line":98,"column":8},"end":{"line":277,"column":9}}],"line":98},"4":{"loc":{"start":{"line":103,"column":10},"end":{"line":136,"column":11}},"type":"if","locations":[{"start":{"line":103,"column":10},"end":{"line":136,"column":11}},{"start":{"line":103,"column":10},"end":{"line":136,"column":11}}],"line":103},"5":{"loc":{"start":{"line":105,"column":12},"end":{"line":133,"column":13}},"type":"if","locations":[{"start":{"line":105,"column":12},"end":{"line":133,"column":13}},{"start":{"line":105,"column":12},"end":{"line":133,"column":13}}],"line":105},"6":{"loc":{"start":{"line":107,"column":14},"end":{"line":130,"column":15}},"type":"if","locations":[{"start":{"line":107,"column":14},"end":{"line":130,"column":15}},{"start":{"line":107,"column":14},"end":{"line":130,"column":15}}],"line":107},"7":{"loc":{"start":{"line":109,"column":16},"end":{"line":127,"column":17}},"type":"if","locations":[{"start":{"line":109,"column":16},"end":{"line":127,"column":17}},{"start":{"line":109,"column":16},"end":{"line":127,"column":17}}],"line":109},"8":{"loc":{"start":{"line":111,"column":18},"end":{"line":124,"column":19}},"type":"if","locations":[{"start":{"line":111,"column":18},"end":{"line":124,"column":19}},{"start":{"line":111,"column":18},"end":{"line":124,"column":19}}],"line":111},"9":{"loc":{"start":{"line":113,"column":20},"end":{"line":121,"column":21}},"type":"if","locations":[{"start":{"line":113,"column":20},"end":{"line":121,"column":21}},{"start":{"line":113,"column":20},"end":{"line":121,"column":21}}],"line":113},"10":{"loc":{"start":{"line":114,"column":22},"end":{"line":118,"column":23}},"type":"if","locations":[{"start":{"line":114,"column":22},"end":{"line":118,"column":23}},{"start":{"line":114,"column":22},"end":{"line":118,"column":23}}],"line":114},"11":{"loc":{"start":{"line":137,"column":10},"end":{"line":273,"column":11}},"type":"if","locations":[{"start":{"line":137,"column":10},"end":{"line":273,"column":11}},{"start":{"line":137,"column":10},"end":{"line":273,"column":11}}],"line":137},"12":{"loc":{"start":{"line":138,"column":12},"end":{"line":272,"column":13}},"type":"if","locations":[{"start":{"line":138,"column":12},"end":{"line":272,"column":13}},{"start":{"line":138,"column":12},"end":{"line":272,"column":13}}],"line":138},"13":{"loc":{"start":{"line":140,"column":14},"end":{"line":240,"column":15}},"type":"if","locations":[{"start":{"line":140,"column":14},"end":{"line":240,"column":15}},{"start":{"line":140,"column":14},"end":{"line":240,"column":15}}],"line":140},"14":{"loc":{"start":{"line":142,"column":16},"end":{"line":237,"column":17}},"type":"if","locations":[{"start":{"line":142,"column":16},"end":{"line":237,"column":17}},{"start":{"line":142,"column":16},"end":{"line":237,"column":17}}],"line":142},"15":{"loc":{"start":{"line":144,"column":18},"end":{"line":211,"column":19}},"type":"if","locations":[{"start":{"line":144,"column":18},"end":{"line":211,"column":19}},{"start":{"line":144,"column":18},"end":{"line":211,"column":19}}],"line":144},"16":{"loc":{"start":{"line":146,"column":20},"end":{"line":208,"column":21}},"type":"if","locations":[{"start":{"line":146,"column":20},"end":{"line":208,"column":21}},{"start":{"line":146,"column":20},"end":{"line":208,"column":21}}],"line":146},"17":{"loc":{"start":{"line":148,"column":22},"end":{"line":188,"column":23}},"type":"if","locations":[{"start":{"line":148,"column":22},"end":{"line":188,"column":23}},{"start":{"line":148,"column":22},"end":{"line":188,"column":23}}],"line":148},"18":{"loc":{"start":{"line":150,"column":24},"end":{"line":185,"column":25}},"type":"if","locations":[{"start":{"line":150,"column":24},"end":{"line":185,"column":25}},{"start":{"line":150,"column":24},"end":{"line":185,"column":25}}],"line":150},"19":{"loc":{"start":{"line":152,"column":26},"end":{"line":171,"column":27}},"type":"if","locations":[{"start":{"line":152,"column":26},"end":{"line":171,"column":27}},{"start":{"line":152,"column":26},"end":{"line":171,"column":27}}],"line":152},"20":{"loc":{"start":{"line":154,"column":28},"end":{"line":168,"column":29}},"type":"if","locations":[{"start":{"line":154,"column":28},"end":{"line":168,"column":29}},{"start":{"line":154,"column":28},"end":{"line":168,"column":29}}],"line":154},"21":{"loc":{"start":{"line":156,"column":30},"end":{"line":160,"column":31}},"type":"if","locations":[{"start":{"line":156,"column":30},"end":{"line":160,"column":31}},{"start":{"line":156,"column":30},"end":{"line":160,"column":31}}],"line":156},"22":{"loc":{"start":{"line":156,"column":34},"end":{"line":156,"column":63}},"type":"binary-expr","locations":[{"start":{"line":156,"column":34},"end":{"line":156,"column":42}},{"start":{"line":156,"column":46},"end":{"line":156,"column":63}}],"line":156},"23":{"loc":{"start":{"line":163,"column":30},"end":{"line":167,"column":31}},"type":"if","locations":[{"start":{"line":163,"column":30},"end":{"line":167,"column":31}},{"start":{"line":163,"column":30},"end":{"line":167,"column":31}}],"line":163},"24":{"loc":{"start":{"line":174,"column":26},"end":{"line":184,"column":27}},"type":"if","locations":[{"start":{"line":174,"column":26},"end":{"line":184,"column":27}},{"start":{"line":174,"column":26},"end":{"line":184,"column":27}}],"line":174},"25":{"loc":{"start":{"line":177,"column":28},"end":{"line":181,"column":29}},"type":"if","locations":[{"start":{"line":177,"column":28},"end":{"line":181,"column":29}},{"start":{"line":177,"column":28},"end":{"line":181,"column":29}}],"line":177},"26":{"loc":{"start":{"line":191,"column":22},"end":{"line":207,"column":23}},"type":"if","locations":[{"start":{"line":191,"column":22},"end":{"line":207,"column":23}},{"start":{"line":191,"column":22},"end":{"line":207,"column":23}}],"line":191},"27":{"loc":{"start":{"line":194,"column":24},"end":{"line":204,"column":25}},"type":"if","locations":[{"start":{"line":194,"column":24},"end":{"line":204,"column":25}},{"start":{"line":194,"column":24},"end":{"line":204,"column":25}}],"line":194},"28":{"loc":{"start":{"line":197,"column":26},"end":{"line":201,"column":27}},"type":"if","locations":[{"start":{"line":197,"column":26},"end":{"line":201,"column":27}},{"start":{"line":197,"column":26},"end":{"line":201,"column":27}}],"line":197},"29":{"loc":{"start":{"line":214,"column":18},"end":{"line":236,"column":19}},"type":"if","locations":[{"start":{"line":214,"column":18},"end":{"line":236,"column":19}},{"start":{"line":214,"column":18},"end":{"line":236,"column":19}}],"line":214},"30":{"loc":{"start":{"line":217,"column":20},"end":{"line":233,"column":21}},"type":"if","locations":[{"start":{"line":217,"column":20},"end":{"line":233,"column":21}},{"start":{"line":217,"column":20},"end":{"line":233,"column":21}}],"line":217},"31":{"loc":{"start":{"line":220,"column":22},"end":{"line":230,"column":23}},"type":"if","locations":[{"start":{"line":220,"column":22},"end":{"line":230,"column":23}},{"start":{"line":220,"column":22},"end":{"line":230,"column":23}}],"line":220},"32":{"loc":{"start":{"line":223,"column":24},"end":{"line":227,"column":25}},"type":"if","locations":[{"start":{"line":223,"column":24},"end":{"line":227,"column":25}},{"start":{"line":223,"column":24},"end":{"line":227,"column":25}}],"line":223},"33":{"loc":{"start":{"line":243,"column":14},"end":{"line":271,"column":15}},"type":"if","locations":[{"start":{"line":243,"column":14},"end":{"line":271,"column":15}},{"start":{"line":243,"column":14},"end":{"line":271,"column":15}}],"line":243},"34":{"loc":{"start":{"line":246,"column":16},"end":{"line":268,"column":17}},"type":"if","locations":[{"start":{"line":246,"column":16},"end":{"line":268,"column":17}},{"start":{"line":246,"column":16},"end":{"line":268,"column":17}}],"line":246},"35":{"loc":{"start":{"line":249,"column":18},"end":{"line":265,"column":19}},"type":"if","locations":[{"start":{"line":249,"column":18},"end":{"line":265,"column":19}},{"start":{"line":249,"column":18},"end":{"line":265,"column":19}}],"line":249},"36":{"loc":{"start":{"line":252,"column":20},"end":{"line":262,"column":21}},"type":"if","locations":[{"start":{"line":252,"column":20},"end":{"line":262,"column":21}},{"start":{"line":252,"column":20},"end":{"line":262,"column":21}}],"line":252},"37":{"loc":{"start":{"line":255,"column":22},"end":{"line":259,"column":23}},"type":"if","locations":[{"start":{"line":255,"column":22},"end":{"line":259,"column":23}},{"start":{"line":255,"column":22},"end":{"line":259,"column":23}}],"line":255}},"s":{"0":1,"1":1,"2":1,"3":1,"4":1,"5":48,"6":4,"7":4,"8":4,"9":3,"10":1,"11":3,"12":3,"13":24,"14":1,"15":25,"16":1,"17":11,"18":1,"19":9,"20":1,"21":9,"22":1,"23":81,"24":81,"25":1,"26":15,"27":1,"28":1,"29":1,"30":28,"31":28,"32":22,"33":22,"34":22,"35":22,"36":22,"37":22,"38":22,"39":20,"40":20,"41":18,"42":18,"43":16,"44":16,"45":13,"46":13,"47":11,"48":0,"49":11,"50":2,"51":3,"52":2,"53":2,"54":2,"55":0,"56":11,"57":11,"58":5,"59":5,"60":5,"61":5,"62":3,"63":3,"64":3,"65":3,"66":2,"67":2,"68":2,"69":2,"70":1,"71":1,"72":1,"73":1,"74":0,"75":0,"76":0,"77":0,"78":1,"79":1,"80":1,"81":0,"82":0,"83":1,"84":1,"85":1,"86":1,"87":1,"88":0,"89":1,"90":0,"91":0,"92":1,"93":1,"94":1,"95":1,"96":1,"97":0,"98":0,"99":0,"100":0,"101":0,"102":1,"103":0,"104":0,"105":2,"106":2,"107":2,"108":2,"109":2,"110":1,"111":1,"112":1,"113":1,"114":1,"115":1,"116":0,"117":1,"118":0,"119":1,"120":0,"121":0,"122":6,"123":6,"124":6,"125":6,"126":6,"127":4,"128":4,"129":4,"130":3,"131":3,"132":3,"133":2,"134":2,"135":2,"136":1,"137":1,"138":1,"139":1,"140":2,"141":0,"142":6,"143":1,"144":1,"145":1,"146":1,"147":1,"148":1,"149":1,"150":1,"151":1,"152":1,"153":1,"154":1,"155":1,"156":1,"157":1,"158":1,"159":1,"160":1,"161":1,"162":1},"f":{"0":48,"1":4,"2":24,"3":25,"4":11,"5":9,"6":9,"7":81,"8":81,"9":15,"10":28,"11":1},"b":{"0":[3,1],"1":[4,1,1,1,1,1,1,1],"2":[3,0],"3":[22,6],"4":[22,0],"5":[20,2],"6":[18,2],"7":[16,2],"8":[13,3],"9":[11,2],"10":[0,11],"11":[11,0],"12":[5,6],"13":[5,0],"14":[3,2],"15":[3,0],"16":[2,1],"17":[2,0],"18":[1,1],"19":[1,0],"20":[0,1],"21":[0,0],"22":[0,0],"23":[1,0],"24":[1,0],"25":[0,1],"26":[1,0],"27":[0,1],"28":[0,0],"29":[2,0],"30":[1,1],"31":[1,0],"32":[0,1],"33":[6,0],"34":[4,2],"35":[3,1],"36":[2,1],"37":[1,1]},"_coverageSchema":"43e27e138ebf9cfc5966b082cf9a028302ed4184","hash":"24c171f092e7efcfa7e58eba37b7e590580384be"}
,"/home/awhite/dev/andywhite37/relude-parse/lib/js/src/ReludeParse_Parser.bs.js": {"path":"/home/awhite/dev/andywhite37/relude-parse/lib/js/src/ReludeParse_Parser.bs.js","statementMap":{"0":{"start":{"line":4,"column":12},"end":{"line":4,"column":50}},"1":{"start":{"line":5,"column":12},"end":{"line":5,"column":50}},"2":{"start":{"line":6,"column":14},"end":{"line":6,"column":54}},"3":{"start":{"line":7,"column":17},"end":{"line":7,"column":60}},"4":{"start":{"line":8,"column":18},"end":{"line":8,"column":62}},"5":{"start":{"line":9,"column":18},"end":{"line":9,"column":62}},"6":{"start":{"line":10,"column":18},"end":{"line":10,"column":64}},"7":{"start":{"line":11,"column":19},"end":{"line":11,"column":66}},"8":{"start":{"line":12,"column":20},"end":{"line":12,"column":68}},"9":{"start":{"line":13,"column":20},"end":{"line":13,"column":68}},"10":{"start":{"line":14,"column":20},"end":{"line":14,"column":68}},"11":{"start":{"line":15,"column":22},"end":{"line":15,"column":72}},"12":{"start":{"line":16,"column":22},"end":{"line":16,"column":72}},"13":{"start":{"line":17,"column":28},"end":{"line":17,"column":95}},"14":{"start":{"line":18,"column":29},"end":{"line":18,"column":97}},"15":{"start":{"line":19,"column":30},"end":{"line":19,"column":99}},"16":{"start":{"line":20,"column":30},"end":{"line":20,"column":99}},"17":{"start":{"line":21,"column":32},"end":{"line":21,"column":103}},"18":{"start":{"line":22,"column":36},"end":{"line":22,"column":111}},"19":{"start":{"line":24,"column":17},"end":{"line":24,"column":49}},"20":{"start":{"line":26,"column":19},"end":{"line":26,"column":51}},"21":{"start":{"line":28,"column":22},"end":{"line":28,"column":24}},"22":{"start":{"line":31,"column":2},"end":{"line":34,"column":10}},"23":{"start":{"line":37,"column":28},"end":{"line":37,"column":44}},"24":{"start":{"line":40,"column":2},"end":{"line":40,"column":18}},"25":{"start":{"line":43,"column":29},"end":{"line":43,"column":45}},"26":{"start":{"line":45,"column":14},"end":{"line":45,"column":53}},"27":{"start":{"line":48,"column":2},"end":{"line":48,"column":39}},"28":{"start":{"line":52,"column":15},"end":{"line":55,"column":8}},"29":{"start":{"line":56,"column":2},"end":{"line":60,"column":3}},"30":{"start":{"line":57,"column":4},"end":{"line":57,"column":61}},"31":{"start":{"line":59,"column":4},"end":{"line":59,"column":59}},"32":{"start":{"line":64,"column":11},"end":{"line":64,"column":19}},"33":{"start":{"line":65,"column":2},"end":{"line":72,"column":16}},"34":{"start":{"line":66,"column":14},"end":{"line":71,"column":55}},"35":{"start":{"line":67,"column":28},"end":{"line":70,"column":36}},"36":{"start":{"line":75,"column":26},"end":{"line":75,"column":40}},"37":{"start":{"line":77,"column":14},"end":{"line":77,"column":66}},"38":{"start":{"line":79,"column":13},"end":{"line":79,"column":23}},"39":{"start":{"line":82,"column":11},"end":{"line":82,"column":19}},"40":{"start":{"line":83,"column":2},"end":{"line":87,"column":16}},"41":{"start":{"line":84,"column":14},"end":{"line":86,"column":55}},"42":{"start":{"line":85,"column":28},"end":{"line":85,"column":102}},"43":{"start":{"line":91,"column":2},"end":{"line":94,"column":22}},"44":{"start":{"line":92,"column":16},"end":{"line":92,"column":234}},"45":{"start":{"line":93,"column":16},"end":{"line":93,"column":33}},"46":{"start":{"line":98,"column":11},"end":{"line":98,"column":21}},"47":{"start":{"line":99,"column":11},"end":{"line":99,"column":19}},"48":{"start":{"line":100,"column":2},"end":{"line":110,"column":16}},"49":{"start":{"line":101,"column":14},"end":{"line":109,"column":55}},"50":{"start":{"line":102,"column":36},"end":{"line":102,"column":56}},"51":{"start":{"line":103,"column":28},"end":{"line":108,"column":80}},"52":{"start":{"line":104,"column":42},"end":{"line":107,"column":56}},"53":{"start":{"line":113,"column":24},"end":{"line":116,"column":1}},"54":{"start":{"line":118,"column":16},"end":{"line":118,"column":62}},"55":{"start":{"line":120,"column":13},"end":{"line":120,"column":25}},"56":{"start":{"line":122,"column":13},"end":{"line":122,"column":25}},"57":{"start":{"line":124,"column":13},"end":{"line":124,"column":25}},"58":{"start":{"line":126,"column":13},"end":{"line":126,"column":26}},"59":{"start":{"line":128,"column":16},"end":{"line":128,"column":29}},"60":{"start":{"line":131,"column":2},"end":{"line":136,"column":16}},"61":{"start":{"line":132,"column":14},"end":{"line":135,"column":28}},"62":{"start":{"line":139,"column":30},"end":{"line":143,"column":1}},"63":{"start":{"line":145,"column":16},"end":{"line":145,"column":80}},"64":{"start":{"line":148,"column":11},"end":{"line":148,"column":21}},"65":{"start":{"line":149,"column":11},"end":{"line":149,"column":19}},"66":{"start":{"line":150,"column":2},"end":{"line":157,"column":16}},"67":{"start":{"line":151,"column":23},"end":{"line":151,"column":46}},"68":{"start":{"line":152,"column":14},"end":{"line":156,"column":15}},"69":{"start":{"line":153,"column":16},"end":{"line":153,"column":47}},"70":{"start":{"line":155,"column":16},"end":{"line":155,"column":26}},"71":{"start":{"line":160,"column":22},"end":{"line":163,"column":1}},"72":{"start":{"line":165,"column":0},"end":{"line":165,"column":41}},"73":{"start":{"line":168,"column":11},"end":{"line":168,"column":19}},"74":{"start":{"line":169,"column":2},"end":{"line":174,"column":16}},"75":{"start":{"line":170,"column":14},"end":{"line":173,"column":55}},"76":{"start":{"line":171,"column":40},"end":{"line":171,"column":77}},"77":{"start":{"line":172,"column":28},"end":{"line":172,"column":76}},"78":{"start":{"line":177,"column":24},"end":{"line":182,"column":1}},"79":{"start":{"line":184,"column":16},"end":{"line":184,"column":62}},"80":{"start":{"line":186,"column":14},"end":{"line":186,"column":26}},"81":{"start":{"line":189,"column":2},"end":{"line":194,"column":16}},"82":{"start":{"line":190,"column":14},"end":{"line":193,"column":28}},"83":{"start":{"line":198,"column":11},"end":{"line":198,"column":19}},"84":{"start":{"line":199,"column":2},"end":{"line":207,"column":16}},"85":{"start":{"line":200,"column":24},"end":{"line":200,"column":45}},"86":{"start":{"line":201,"column":14},"end":{"line":206,"column":55}},"87":{"start":{"line":202,"column":28},"end":{"line":205,"column":36}},"88":{"start":{"line":211,"column":2},"end":{"line":211,"column":31}},"89":{"start":{"line":215,"column":2},"end":{"line":215,"column":32}},"90":{"start":{"line":218,"column":16},"end":{"line":218,"column":63}},"91":{"start":{"line":220,"column":19},"end":{"line":220,"column":31}},"92":{"start":{"line":222,"column":23},"end":{"line":222,"column":35}},"93":{"start":{"line":224,"column":16},"end":{"line":224,"column":57}},"94":{"start":{"line":226,"column":23},"end":{"line":226,"column":35}},"95":{"start":{"line":228,"column":17},"end":{"line":228,"column":29}},"96":{"start":{"line":230,"column":18},"end":{"line":230,"column":30}},"97":{"start":{"line":232,"column":16},"end":{"line":232,"column":57}},"98":{"start":{"line":234,"column":22},"end":{"line":234,"column":34}},"99":{"start":{"line":236,"column":16},"end":{"line":236,"column":51}},"100":{"start":{"line":238,"column":23},"end":{"line":238,"column":35}},"101":{"start":{"line":240,"column":39},"end":{"line":240,"column":51}},"102":{"start":{"line":242,"column":24},"end":{"line":242,"column":36}},"103":{"start":{"line":244,"column":24},"end":{"line":244,"column":36}},"104":{"start":{"line":246,"column":25},"end":{"line":246,"column":37}},"105":{"start":{"line":248,"column":37},"end":{"line":248,"column":49}},"106":{"start":{"line":250,"column":37},"end":{"line":250,"column":49}},"107":{"start":{"line":252,"column":25},"end":{"line":252,"column":37}},"108":{"start":{"line":254,"column":25},"end":{"line":254,"column":37}},"109":{"start":{"line":256,"column":25},"end":{"line":256,"column":37}},"110":{"start":{"line":258,"column":24},"end":{"line":277,"column":1}},"111":{"start":{"line":280,"column":10},"end":{"line":280,"column":18}},"112":{"start":{"line":281,"column":2},"end":{"line":291,"column":16}},"113":{"start":{"line":282,"column":26},"end":{"line":282,"column":48}},"114":{"start":{"line":283,"column":14},"end":{"line":290,"column":15}},"115":{"start":{"line":284,"column":16},"end":{"line":284,"column":29}},"116":{"start":{"line":286,"column":16},"end":{"line":289,"column":30}},"117":{"start":{"line":295,"column":2},"end":{"line":304,"column":21}},"118":{"start":{"line":296,"column":20},"end":{"line":298,"column":46}},"119":{"start":{"line":297,"column":34},"end":{"line":297,"column":68}},"120":{"start":{"line":300,"column":18},"end":{"line":303,"column":32}},"121":{"start":{"line":308,"column":2},"end":{"line":308,"column":109}},"122":{"start":{"line":312,"column":2},"end":{"line":321,"column":3}},"123":{"start":{"line":313,"column":4},"end":{"line":318,"column":18}},"124":{"start":{"line":314,"column":16},"end":{"line":317,"column":30}},"125":{"start":{"line":320,"column":4},"end":{"line":320,"column":110}},"126":{"start":{"line":325,"column":2},"end":{"line":325,"column":34}},"127":{"start":{"line":329,"column":2},"end":{"line":329,"column":38}},"128":{"start":{"line":333,"column":2},"end":{"line":333,"column":42}},"129":{"start":{"line":337,"column":2},"end":{"line":337,"column":46}},"130":{"start":{"line":341,"column":2},"end":{"line":341,"column":106}},"131":{"start":{"line":345,"column":2},"end":{"line":364,"column":3}},"132":{"start":{"line":346,"column":4},"end":{"line":351,"column":18}},"133":{"start":{"line":347,"column":16},"end":{"line":350,"column":30}},"134":{"start":{"line":353,"column":4},"end":{"line":363,"column":60}},"135":{"start":{"line":354,"column":30},"end":{"line":357,"column":38}},"136":{"start":{"line":359,"column":28},"end":{"line":362,"column":42}},"137":{"start":{"line":368,"column":2},"end":{"line":368,"column":125}},"138":{"start":{"line":372,"column":2},"end":{"line":372,"column":65}},"139":{"start":{"line":376,"column":2},"end":{"line":376,"column":56}},"140":{"start":{"line":380,"column":2},"end":{"line":392,"column":21}},"141":{"start":{"line":381,"column":20},"end":{"line":386,"column":34}},"142":{"start":{"line":382,"column":32},"end":{"line":385,"column":46}},"143":{"start":{"line":388,"column":18},"end":{"line":391,"column":32}},"144":{"start":{"line":396,"column":12},"end":{"line":396,"column":57}},"145":{"start":{"line":397,"column":2},"end":{"line":402,"column":21}},"146":{"start":{"line":398,"column":18},"end":{"line":401,"column":32}},"147":{"start":{"line":406,"column":2},"end":{"line":410,"column":18}},"148":{"start":{"line":407,"column":16},"end":{"line":409,"column":32}},"149":{"start":{"line":408,"column":30},"end":{"line":408,"column":77}},"150":{"start":{"line":414,"column":2},"end":{"line":419,"column":21}},"151":{"start":{"line":415,"column":18},"end":{"line":418,"column":32}},"152":{"start":{"line":423,"column":2},"end":{"line":428,"column":21}},"153":{"start":{"line":424,"column":18},"end":{"line":427,"column":32}},"154":{"start":{"line":432,"column":2},"end":{"line":438,"column":18}},"155":{"start":{"line":433,"column":16},"end":{"line":437,"column":82}},"156":{"start":{"line":434,"column":34},"end":{"line":436,"column":50}},"157":{"start":{"line":435,"column":48},"end":{"line":435,"column":95}},"158":{"start":{"line":442,"column":2},"end":{"line":442,"column":44}},"159":{"start":{"line":446,"column":2},"end":{"line":446,"column":45}},"160":{"start":{"line":450,"column":2},"end":{"line":454,"column":32}},"161":{"start":{"line":451,"column":20},"end":{"line":453,"column":36}},"162":{"start":{"line":452,"column":34},"end":{"line":452,"column":60}},"163":{"start":{"line":458,"column":2},"end":{"line":460,"column":18}},"164":{"start":{"line":459,"column":16},"end":{"line":459,"column":48}},"165":{"start":{"line":464,"column":2},"end":{"line":464,"column":62}},"166":{"start":{"line":468,"column":2},"end":{"line":472,"column":32}},"167":{"start":{"line":469,"column":20},"end":{"line":471,"column":36}},"168":{"start":{"line":470,"column":34},"end":{"line":470,"column":83}},"169":{"start":{"line":476,"column":2},"end":{"line":478,"column":18}},"170":{"start":{"line":477,"column":16},"end":{"line":477,"column":48}},"171":{"start":{"line":482,"column":2},"end":{"line":482,"column":62}},"172":{"start":{"line":486,"column":2},"end":{"line":486,"column":78}},"173":{"start":{"line":490,"column":2},"end":{"line":496,"column":18}},"174":{"start":{"line":491,"column":16},"end":{"line":495,"column":37}},"175":{"start":{"line":492,"column":34},"end":{"line":492,"column":79}},"176":{"start":{"line":494,"column":34},"end":{"line":494,"column":83}},"177":{"start":{"line":500,"column":2},"end":{"line":505,"column":108}},"178":{"start":{"line":501,"column":22},"end":{"line":504,"column":36}},"179":{"start":{"line":509,"column":2},"end":{"line":515,"column":27}},"180":{"start":{"line":510,"column":20},"end":{"line":514,"column":21}},"181":{"start":{"line":511,"column":22},"end":{"line":511,"column":37}},"182":{"start":{"line":513,"column":22},"end":{"line":513,"column":74}},"183":{"start":{"line":518,"column":22},"end":{"line":531,"column":7}},"184":{"start":{"line":519,"column":16},"end":{"line":519,"column":37}},"185":{"start":{"line":520,"column":6},"end":{"line":530,"column":7}},"186":{"start":{"line":521,"column":8},"end":{"line":524,"column":22}},"187":{"start":{"line":526,"column":8},"end":{"line":529,"column":22}},"188":{"start":{"line":533,"column":26},"end":{"line":551,"column":7}},"189":{"start":{"line":534,"column":16},"end":{"line":534,"column":33}},"190":{"start":{"line":535,"column":16},"end":{"line":535,"column":33}},"191":{"start":{"line":536,"column":18},"end":{"line":536,"column":48}},"192":{"start":{"line":537,"column":6},"end":{"line":550,"column":7}},"193":{"start":{"line":538,"column":8},"end":{"line":544,"column":22}},"194":{"start":{"line":546,"column":8},"end":{"line":549,"column":22}},"195":{"start":{"line":553,"column":20},"end":{"line":557,"column":14}},"196":{"start":{"line":554,"column":12},"end":{"line":556,"column":58}},"197":{"start":{"line":555,"column":26},"end":{"line":555,"column":93}},"198":{"start":{"line":559,"column":15},"end":{"line":561,"column":24}},"199":{"start":{"line":560,"column":8},"end":{"line":560,"column":28}},"200":{"start":{"line":563,"column":13},"end":{"line":563,"column":101}},"201":{"start":{"line":565,"column":18},"end":{"line":565,"column":63}},"202":{"start":{"line":567,"column":20},"end":{"line":567,"column":56}},"203":{"start":{"line":569,"column":21},"end":{"line":571,"column":9}},"204":{"start":{"line":570,"column":8},"end":{"line":570,"column":63}},"205":{"start":{"line":573,"column":20},"end":{"line":573,"column":65}},"206":{"start":{"line":575,"column":20},"end":{"line":575,"column":56}},"207":{"start":{"line":577,"column":24},"end":{"line":579,"column":9}},"208":{"start":{"line":578,"column":8},"end":{"line":578,"column":65}},"209":{"start":{"line":582,"column":2},"end":{"line":601,"column":16}},"210":{"start":{"line":583,"column":24},"end":{"line":583,"column":41}},"211":{"start":{"line":584,"column":24},"end":{"line":584,"column":41}},"212":{"start":{"line":585,"column":32},"end":{"line":585,"column":61}},"213":{"start":{"line":586,"column":26},"end":{"line":586,"column":78}},"214":{"start":{"line":587,"column":14},"end":{"line":600,"column":15}},"215":{"start":{"line":588,"column":16},"end":{"line":594,"column":30}},"216":{"start":{"line":596,"column":16},"end":{"line":599,"column":30}},"217":{"start":{"line":605,"column":2},"end":{"line":624,"column":16}},"218":{"start":{"line":606,"column":24},"end":{"line":606,"column":41}},"219":{"start":{"line":607,"column":24},"end":{"line":607,"column":41}},"220":{"start":{"line":608,"column":32},"end":{"line":608,"column":61}},"221":{"start":{"line":609,"column":26},"end":{"line":609,"column":78}},"222":{"start":{"line":610,"column":14},"end":{"line":623,"column":15}},"223":{"start":{"line":611,"column":16},"end":{"line":617,"column":30}},"224":{"start":{"line":619,"column":16},"end":{"line":622,"column":30}},"225":{"start":{"line":628,"column":2},"end":{"line":634,"column":23}},"226":{"start":{"line":629,"column":20},"end":{"line":633,"column":21}},"227":{"start":{"line":630,"column":22},"end":{"line":630,"column":37}},"228":{"start":{"line":632,"column":22},"end":{"line":632,"column":71}},"229":{"start":{"line":638,"column":2},"end":{"line":638,"column":48}},"230":{"start":{"line":642,"column":2},"end":{"line":642,"column":58}},"231":{"start":{"line":645,"column":13},"end":{"line":657,"column":16}},"232":{"start":{"line":659,"column":12},"end":{"line":659,"column":89}},"233":{"start":{"line":661,"column":9},"end":{"line":661,"column":33}},"234":{"start":{"line":664,"column":2},"end":{"line":666,"column":18}},"235":{"start":{"line":665,"column":16},"end":{"line":665,"column":97}},"236":{"start":{"line":670,"column":23},"end":{"line":670,"column":76}},"237":{"start":{"line":671,"column":2},"end":{"line":673,"column":18}},"238":{"start":{"line":672,"column":16},"end":{"line":672,"column":129}},"239":{"start":{"line":677,"column":2},"end":{"line":684,"column":23}},"240":{"start":{"line":678,"column":35},"end":{"line":678,"column":65}},"241":{"start":{"line":679,"column":20},"end":{"line":683,"column":21}},"242":{"start":{"line":680,"column":22},"end":{"line":680,"column":37}},"243":{"start":{"line":682,"column":22},"end":{"line":682,"column":145}},"244":{"start":{"line":687,"column":18},"end":{"line":717,"column":6}},"245":{"start":{"line":719,"column":22},"end":{"line":719,"column":44}},"246":{"start":{"line":721,"column":27},"end":{"line":721,"column":102}},"247":{"start":{"line":723,"column":21},"end":{"line":727,"column":14}},"248":{"start":{"line":724,"column":12},"end":{"line":726,"column":28}},"249":{"start":{"line":725,"column":26},"end":{"line":725,"column":92}},"250":{"start":{"line":729,"column":21},"end":{"line":729,"column":112}},"251":{"start":{"line":731,"column":9},"end":{"line":733,"column":9}},"252":{"start":{"line":732,"column":8},"end":{"line":732,"column":38}},"253":{"start":{"line":735,"column":21},"end":{"line":735,"column":63}},"254":{"start":{"line":737,"column":11},"end":{"line":737,"column":69}},"255":{"start":{"line":739,"column":13},"end":{"line":739,"column":71}},"256":{"start":{"line":741,"column":11},"end":{"line":743,"column":25}},"257":{"start":{"line":742,"column":8},"end":{"line":742,"column":24}},"258":{"start":{"line":745,"column":23},"end":{"line":745,"column":84}},"259":{"start":{"line":747,"column":23},"end":{"line":747,"column":77}},"260":{"start":{"line":749,"column":11},"end":{"line":749,"column":34}},"261":{"start":{"line":751,"column":23},"end":{"line":751,"column":71}},"262":{"start":{"line":753,"column":11},"end":{"line":753,"column":33}},"263":{"start":{"line":755,"column":23},"end":{"line":755,"column":71}},"264":{"start":{"line":757,"column":11},"end":{"line":757,"column":73}},"265":{"start":{"line":759,"column":15},"end":{"line":759,"column":83}},"266":{"start":{"line":761,"column":11},"end":{"line":761,"column":57}},"267":{"start":{"line":763,"column":22},"end":{"line":763,"column":82}},"268":{"start":{"line":765,"column":11},"end":{"line":783,"column":16}},"269":{"start":{"line":785,"column":18},"end":{"line":785,"column":59}},"270":{"start":{"line":787,"column":11},"end":{"line":789,"column":22}},"271":{"start":{"line":788,"column":8},"end":{"line":788,"column":25}},"272":{"start":{"line":791,"column":25},"end":{"line":791,"column":75}},"273":{"start":{"line":794,"column":2},"end":{"line":830,"column":16}},"274":{"start":{"line":795,"column":24},"end":{"line":795,"column":41}},"275":{"start":{"line":796,"column":24},"end":{"line":796,"column":41}},"276":{"start":{"line":797,"column":26},"end":{"line":797,"column":39}},"277":{"start":{"line":798,"column":27},"end":{"line":798,"column":41}},"278":{"start":{"line":799,"column":32},"end":{"line":799,"column":93}},"279":{"start":{"line":800,"column":31},"end":{"line":800,"column":61}},"280":{"start":{"line":801,"column":26},"end":{"line":801,"column":60}},"281":{"start":{"line":802,"column":30},"end":{"line":802,"column":52}},"282":{"start":{"line":803,"column":14},"end":{"line":829,"column":15}},"283":{"start":{"line":804,"column":16},"end":{"line":823,"column":67}},"284":{"start":{"line":805,"column":30},"end":{"line":808,"column":44}},"285":{"start":{"line":810,"column":30},"end":{"line":816,"column":44}},"286":{"start":{"line":818,"column":34},"end":{"line":822,"column":35}},"287":{"start":{"line":819,"column":36},"end":{"line":819,"column":53}},"288":{"start":{"line":821,"column":36},"end":{"line":821,"column":66}},"289":{"start":{"line":825,"column":16},"end":{"line":828,"column":30}},"290":{"start":{"line":834,"column":14},"end":{"line":834,"column":62}},"291":{"start":{"line":835,"column":2},"end":{"line":835,"column":47}},"292":{"start":{"line":838,"column":42},"end":{"line":838,"column":83}},"293":{"start":{"line":840,"column":45},"end":{"line":840,"column":73}},"294":{"start":{"line":842,"column":11},"end":{"line":842,"column":114}},"295":{"start":{"line":844,"column":25},"end":{"line":844,"column":72}},"296":{"start":{"line":846,"column":12},"end":{"line":846,"column":68}},"297":{"start":{"line":848,"column":25},"end":{"line":848,"column":72}},"298":{"start":{"line":850,"column":12},"end":{"line":853,"column":6}},"299":{"start":{"line":855,"column":25},"end":{"line":855,"column":72}},"300":{"start":{"line":857,"column":12},"end":{"line":857,"column":78}},"301":{"start":{"line":859,"column":17},"end":{"line":859,"column":57}},"302":{"start":{"line":861,"column":15},"end":{"line":863,"column":9}},"303":{"start":{"line":862,"column":8},"end":{"line":862,"column":20}},"304":{"start":{"line":865,"column":16},"end":{"line":867,"column":9}},"305":{"start":{"line":866,"column":8},"end":{"line":866,"column":21}},"306":{"start":{"line":869,"column":12},"end":{"line":869,"column":59}},"307":{"start":{"line":871,"column":14},"end":{"line":871,"column":49}},"308":{"start":{"line":873,"column":16},"end":{"line":873,"column":24}},"309":{"start":{"line":875,"column":17},"end":{"line":875,"column":25}},"310":{"start":{"line":878,"column":2},"end":{"line":878,"column":97}},"311":{"start":{"line":881,"column":16},"end":{"line":881,"column":24}},"312":{"start":{"line":883,"column":17},"end":{"line":883,"column":25}},"313":{"start":{"line":886,"column":2},"end":{"line":886,"column":97}},"314":{"start":{"line":889,"column":17},"end":{"line":889,"column":25}},"315":{"start":{"line":891,"column":18},"end":{"line":891,"column":26}},"316":{"start":{"line":894,"column":2},"end":{"line":894,"column":99}},"317":{"start":{"line":897,"column":16},"end":{"line":897,"column":24}},"318":{"start":{"line":899,"column":17},"end":{"line":899,"column":25}},"319":{"start":{"line":902,"column":2},"end":{"line":902,"column":97}},"320":{"start":{"line":905,"column":18},"end":{"line":905,"column":27}},"321":{"start":{"line":908,"column":2},"end":{"line":908,"column":47}},"322":{"start":{"line":911,"column":18},"end":{"line":911,"column":26}},"323":{"start":{"line":914,"column":2},"end":{"line":914,"column":47}},"324":{"start":{"line":917,"column":15},"end":{"line":917,"column":23}},"325":{"start":{"line":920,"column":2},"end":{"line":920,"column":41}},"326":{"start":{"line":923,"column":26},"end":{"line":923,"column":36}},"327":{"start":{"line":925,"column":14},"end":{"line":925,"column":24}},"328":{"start":{"line":927,"column":16},"end":{"line":927,"column":26}},"329":{"start":{"line":929,"column":15},"end":{"line":929,"column":25}},"330":{"start":{"line":931,"column":11},"end":{"line":931,"column":21}},"331":{"start":{"line":933,"column":24},"end":{"line":933,"column":36}},"332":{"start":{"line":935,"column":17},"end":{"line":935,"column":29}},"333":{"start":{"line":937,"column":18},"end":{"line":937,"column":30}},"334":{"start":{"line":939,"column":11},"end":{"line":939,"column":23}},"335":{"start":{"line":941,"column":11},"end":{"line":941,"column":23}},"336":{"start":{"line":943,"column":11},"end":{"line":943,"column":23}},"337":{"start":{"line":945,"column":11},"end":{"line":945,"column":23}},"338":{"start":{"line":947,"column":16},"end":{"line":947,"column":29}},"339":{"start":{"line":949,"column":16},"end":{"line":949,"column":29}},"340":{"start":{"line":951,"column":16},"end":{"line":951,"column":29}},"341":{"start":{"line":953,"column":30},"end":{"line":953,"column":42}},"342":{"start":{"line":955,"column":13},"end":{"line":955,"column":25}},"343":{"start":{"line":957,"column":24},"end":{"line":957,"column":36}},"344":{"start":{"line":959,"column":14},"end":{"line":959,"column":26}},"345":{"start":{"line":961,"column":21},"end":{"line":961,"column":33}},"346":{"start":{"line":963,"column":25},"end":{"line":963,"column":37}},"347":{"start":{"line":965,"column":13},"end":{"line":965,"column":25}},"348":{"start":{"line":967,"column":12},"end":{"line":967,"column":24}},"349":{"start":{"line":969,"column":13},"end":{"line":969,"column":25}},"350":{"start":{"line":971,"column":26},"end":{"line":971,"column":39}},"351":{"start":{"line":973,"column":0},"end":{"line":973,"column":32}},"352":{"start":{"line":974,"column":0},"end":{"line":974,"column":36}},"353":{"start":{"line":975,"column":0},"end":{"line":975,"column":18}},"354":{"start":{"line":976,"column":0},"end":{"line":976,"column":30}},"355":{"start":{"line":977,"column":0},"end":{"line":977,"column":32}},"356":{"start":{"line":978,"column":0},"end":{"line":978,"column":26}},"357":{"start":{"line":979,"column":0},"end":{"line":979,"column":28}},"358":{"start":{"line":980,"column":0},"end":{"line":980,"column":30}},"359":{"start":{"line":981,"column":0},"end":{"line":981,"column":18}},"360":{"start":{"line":982,"column":0},"end":{"line":982,"column":26}},"361":{"start":{"line":983,"column":0},"end":{"line":983,"column":50}},"362":{"start":{"line":984,"column":0},"end":{"line":984,"column":26}},"363":{"start":{"line":985,"column":0},"end":{"line":985,"column":24}},"364":{"start":{"line":986,"column":0},"end":{"line":986,"column":30}},"365":{"start":{"line":987,"column":0},"end":{"line":987,"column":28}},"366":{"start":{"line":988,"column":0},"end":{"line":988,"column":20}},"367":{"start":{"line":989,"column":0},"end":{"line":989,"column":18}},"368":{"start":{"line":990,"column":0},"end":{"line":990,"column":24}},"369":{"start":{"line":991,"column":0},"end":{"line":991,"column":22}},"370":{"start":{"line":992,"column":0},"end":{"line":992,"column":22}},"371":{"start":{"line":993,"column":0},"end":{"line":993,"column":46}},"372":{"start":{"line":994,"column":0},"end":{"line":994,"column":32}},"373":{"start":{"line":995,"column":0},"end":{"line":995,"column":34}},"374":{"start":{"line":996,"column":0},"end":{"line":996,"column":20}},"375":{"start":{"line":997,"column":0},"end":{"line":997,"column":20}},"376":{"start":{"line":998,"column":0},"end":{"line":998,"column":20}},"377":{"start":{"line":999,"column":0},"end":{"line":999,"column":20}},"378":{"start":{"line":1000,"column":0},"end":{"line":1000,"column":24}},"379":{"start":{"line":1001,"column":0},"end":{"line":1001,"column":24}},"380":{"start":{"line":1002,"column":0},"end":{"line":1002,"column":24}},"381":{"start":{"line":1003,"column":0},"end":{"line":1003,"column":24}},"382":{"start":{"line":1004,"column":0},"end":{"line":1004,"column":30}},"383":{"start":{"line":1005,"column":0},"end":{"line":1005,"column":30}},"384":{"start":{"line":1006,"column":0},"end":{"line":1006,"column":30}},"385":{"start":{"line":1007,"column":0},"end":{"line":1007,"column":30}},"386":{"start":{"line":1008,"column":0},"end":{"line":1008,"column":20}},"387":{"start":{"line":1009,"column":0},"end":{"line":1009,"column":34}},"388":{"start":{"line":1010,"column":0},"end":{"line":1010,"column":58}},"389":{"start":{"line":1011,"column":0},"end":{"line":1011,"column":24}},"390":{"start":{"line":1012,"column":0},"end":{"line":1012,"column":18}},"391":{"start":{"line":1013,"column":0},"end":{"line":1013,"column":18}},"392":{"start":{"line":1014,"column":0},"end":{"line":1014,"column":20}},"393":{"start":{"line":1015,"column":0},"end":{"line":1015,"column":22}},"394":{"start":{"line":1016,"column":0},"end":{"line":1016,"column":46}},"395":{"start":{"line":1017,"column":0},"end":{"line":1017,"column":26}},"396":{"start":{"line":1018,"column":0},"end":{"line":1018,"column":26}},"397":{"start":{"line":1019,"column":0},"end":{"line":1019,"column":40}},"398":{"start":{"line":1020,"column":0},"end":{"line":1020,"column":48}},"399":{"start":{"line":1021,"column":0},"end":{"line":1021,"column":24}},"400":{"start":{"line":1022,"column":0},"end":{"line":1022,"column":22}},"401":{"start":{"line":1023,"column":0},"end":{"line":1023,"column":24}},"402":{"start":{"line":1024,"column":0},"end":{"line":1024,"column":20}},"403":{"start":{"line":1025,"column":0},"end":{"line":1025,"column":22}},"404":{"start":{"line":1026,"column":0},"end":{"line":1026,"column":30}},"405":{"start":{"line":1027,"column":0},"end":{"line":1027,"column":38}},"406":{"start":{"line":1028,"column":0},"end":{"line":1028,"column":22}},"407":{"start":{"line":1029,"column":0},"end":{"line":1029,"column":36}},"408":{"start":{"line":1030,"column":0},"end":{"line":1030,"column":44}},"409":{"start":{"line":1031,"column":0},"end":{"line":1031,"column":44}},"410":{"start":{"line":1032,"column":0},"end":{"line":1032,"column":32}},"411":{"start":{"line":1033,"column":0},"end":{"line":1033,"column":34}},"412":{"start":{"line":1034,"column":0},"end":{"line":1034,"column":42}},"413":{"start":{"line":1035,"column":0},"end":{"line":1035,"column":44}},"414":{"start":{"line":1036,"column":0},"end":{"line":1036,"column":50}},"415":{"start":{"line":1037,"column":0},"end":{"line":1037,"column":30}},"416":{"start":{"line":1038,"column":0},"end":{"line":1038,"column":20}},"417":{"start":{"line":1039,"column":0},"end":{"line":1039,"column":22}},"418":{"start":{"line":1040,"column":0},"end":{"line":1040,"column":22}},"419":{"start":{"line":1041,"column":0},"end":{"line":1041,"column":24}},"420":{"start":{"line":1042,"column":0},"end":{"line":1042,"column":24}},"421":{"start":{"line":1043,"column":0},"end":{"line":1043,"column":24}},"422":{"start":{"line":1044,"column":0},"end":{"line":1044,"column":24}},"423":{"start":{"line":1045,"column":0},"end":{"line":1045,"column":28}},"424":{"start":{"line":1046,"column":0},"end":{"line":1046,"column":28}},"425":{"start":{"line":1047,"column":0},"end":{"line":1047,"column":34}},"426":{"start":{"line":1048,"column":0},"end":{"line":1048,"column":26}},"427":{"start":{"line":1049,"column":0},"end":{"line":1049,"column":30}},"428":{"start":{"line":1050,"column":0},"end":{"line":1050,"column":24}},"429":{"start":{"line":1051,"column":0},"end":{"line":1051,"column":18}},"430":{"start":{"line":1052,"column":0},"end":{"line":1052,"column":22}},"431":{"start":{"line":1053,"column":0},"end":{"line":1053,"column":24}},"432":{"start":{"line":1054,"column":0},"end":{"line":1054,"column":34}},"433":{"start":{"line":1055,"column":0},"end":{"line":1055,"column":36}},"434":{"start":{"line":1056,"column":0},"end":{"line":1056,"column":36}},"435":{"start":{"line":1057,"column":0},"end":{"line":1057,"column":38}},"436":{"start":{"line":1058,"column":0},"end":{"line":1058,"column":24}},"437":{"start":{"line":1059,"column":0},"end":{"line":1059,"column":26}},"438":{"start":{"line":1060,"column":0},"end":{"line":1060,"column":38}},"439":{"start":{"line":1061,"column":0},"end":{"line":1061,"column":24}},"440":{"start":{"line":1062,"column":0},"end":{"line":1062,"column":26}},"441":{"start":{"line":1063,"column":0},"end":{"line":1063,"column":38}},"442":{"start":{"line":1064,"column":0},"end":{"line":1064,"column":22}},"443":{"start":{"line":1065,"column":0},"end":{"line":1065,"column":30}},"444":{"start":{"line":1066,"column":0},"end":{"line":1066,"column":32}},"445":{"start":{"line":1067,"column":0},"end":{"line":1067,"column":24}},"446":{"start":{"line":1068,"column":0},"end":{"line":1068,"column":18}},"447":{"start":{"line":1069,"column":0},"end":{"line":1069,"column":26}},"448":{"start":{"line":1070,"column":0},"end":{"line":1070,"column":38}},"449":{"start":{"line":1071,"column":0},"end":{"line":1071,"column":28}},"450":{"start":{"line":1072,"column":0},"end":{"line":1072,"column":24}},"451":{"start":{"line":1073,"column":0},"end":{"line":1073,"column":40}},"452":{"start":{"line":1074,"column":0},"end":{"line":1074,"column":46}},"453":{"start":{"line":1075,"column":0},"end":{"line":1075,"column":18}},"454":{"start":{"line":1076,"column":0},"end":{"line":1076,"column":38}},"455":{"start":{"line":1077,"column":0},"end":{"line":1077,"column":30}},"456":{"start":{"line":1078,"column":0},"end":{"line":1078,"column":28}},"457":{"start":{"line":1079,"column":0},"end":{"line":1079,"column":48}},"458":{"start":{"line":1080,"column":0},"end":{"line":1080,"column":24}},"459":{"start":{"line":1081,"column":0},"end":{"line":1081,"column":22}},"460":{"start":{"line":1082,"column":0},"end":{"line":1082,"column":16}},"461":{"start":{"line":1083,"column":0},"end":{"line":1083,"column":36}},"462":{"start":{"line":1084,"column":0},"end":{"line":1084,"column":56}},"463":{"start":{"line":1085,"column":0},"end":{"line":1085,"column":40}},"464":{"start":{"line":1086,"column":0},"end":{"line":1086,"column":34}},"465":{"start":{"line":1087,"column":0},"end":{"line":1087,"column":42}},"466":{"start":{"line":1088,"column":0},"end":{"line":1088,"column":52}},"467":{"start":{"line":1089,"column":0},"end":{"line":1089,"column":40}},"468":{"start":{"line":1090,"column":0},"end":{"line":1090,"column":40}},"469":{"start":{"line":1091,"column":0},"end":{"line":1091,"column":40}},"470":{"start":{"line":1092,"column":0},"end":{"line":1092,"column":24}},"471":{"start":{"line":1093,"column":0},"end":{"line":1093,"column":44}},"472":{"start":{"line":1094,"column":0},"end":{"line":1094,"column":44}},"473":{"start":{"line":1095,"column":0},"end":{"line":1095,"column":44}},"474":{"start":{"line":1096,"column":0},"end":{"line":1096,"column":44}},"475":{"start":{"line":1097,"column":0},"end":{"line":1097,"column":28}},"476":{"start":{"line":1098,"column":0},"end":{"line":1098,"column":42}},"477":{"start":{"line":1099,"column":0},"end":{"line":1099,"column":34}},"478":{"start":{"line":1100,"column":0},"end":{"line":1100,"column":48}},"479":{"start":{"line":1101,"column":0},"end":{"line":1101,"column":22}},"480":{"start":{"line":1102,"column":0},"end":{"line":1102,"column":28}},"481":{"start":{"line":1103,"column":0},"end":{"line":1103,"column":82}},"482":{"start":{"line":1104,"column":0},"end":{"line":1104,"column":88}},"483":{"start":{"line":1105,"column":0},"end":{"line":1105,"column":48}},"484":{"start":{"line":1106,"column":0},"end":{"line":1106,"column":48}},"485":{"start":{"line":1107,"column":0},"end":{"line":1107,"column":48}},"486":{"start":{"line":1108,"column":0},"end":{"line":1108,"column":32}},"487":{"start":{"line":1109,"column":0},"end":{"line":1109,"column":28}},"488":{"start":{"line":1110,"column":0},"end":{"line":1110,"column":30}},"489":{"start":{"line":1111,"column":0},"end":{"line":1111,"column":26}},"490":{"start":{"line":1112,"column":0},"end":{"line":1112,"column":30}},"491":{"start":{"line":1113,"column":0},"end":{"line":1113,"column":32}},"492":{"start":{"line":1114,"column":0},"end":{"line":1114,"column":38}},"493":{"start":{"line":1115,"column":0},"end":{"line":1115,"column":30}},"494":{"start":{"line":1116,"column":0},"end":{"line":1116,"column":32}},"495":{"start":{"line":1117,"column":0},"end":{"line":1117,"column":40}},"496":{"start":{"line":1118,"column":0},"end":{"line":1118,"column":32}},"497":{"start":{"line":1119,"column":0},"end":{"line":1119,"column":34}},"498":{"start":{"line":1120,"column":0},"end":{"line":1120,"column":40}},"499":{"start":{"line":1121,"column":0},"end":{"line":1121,"column":30}},"500":{"start":{"line":1122,"column":0},"end":{"line":1122,"column":32}},"501":{"start":{"line":1123,"column":0},"end":{"line":1123,"column":38}},"502":{"start":{"line":1124,"column":0},"end":{"line":1124,"column":34}},"503":{"start":{"line":1125,"column":0},"end":{"line":1125,"column":50}},"504":{"start":{"line":1126,"column":0},"end":{"line":1126,"column":34}},"505":{"start":{"line":1127,"column":0},"end":{"line":1127,"column":50}},"506":{"start":{"line":1128,"column":0},"end":{"line":1128,"column":28}},"507":{"start":{"line":1129,"column":0},"end":{"line":1129,"column":44}}},"fnMap":{"0":{"name":"make","decl":{"start":{"line":30,"column":9},"end":{"line":30,"column":13}},"loc":{"start":{"line":30,"column":24},"end":{"line":35,"column":1}},"line":30},"1":{"name":"show","decl":{"start":{"line":39,"column":9},"end":{"line":39,"column":13}},"loc":{"start":{"line":39,"column":21},"end":{"line":41,"column":1}},"line":39},"2":{"name":"unParser","decl":{"start":{"line":47,"column":9},"end":{"line":47,"column":17}},"loc":{"start":{"line":47,"column":36},"end":{"line":49,"column":1}},"line":47},"3":{"name":"runParser","decl":{"start":{"line":51,"column":9},"end":{"line":51,"column":18}},"loc":{"start":{"line":51,"column":33},"end":{"line":61,"column":1}},"line":51},"4":{"name":"map","decl":{"start":{"line":63,"column":9},"end":{"line":63,"column":12}},"loc":{"start":{"line":63,"column":23},"end":{"line":73,"column":1}},"line":63},"5":{"name":"(anonymous_5)","decl":{"start":{"line":65,"column":23},"end":{"line":65,"column":24}},"loc":{"start":{"line":65,"column":44},"end":{"line":72,"column":13}},"line":65},"6":{"name":"(anonymous_6)","decl":{"start":{"line":66,"column":40},"end":{"line":66,"column":41}},"loc":{"start":{"line":66,"column":57},"end":{"line":71,"column":27}},"line":66},"7":{"name":"tap","decl":{"start":{"line":81,"column":9},"end":{"line":81,"column":12}},"loc":{"start":{"line":81,"column":23},"end":{"line":88,"column":1}},"line":81},"8":{"name":"(anonymous_8)","decl":{"start":{"line":83,"column":23},"end":{"line":83,"column":24}},"loc":{"start":{"line":83,"column":44},"end":{"line":87,"column":13}},"line":83},"9":{"name":"(anonymous_9)","decl":{"start":{"line":84,"column":40},"end":{"line":84,"column":41}},"loc":{"start":{"line":84,"column":57},"end":{"line":86,"column":27}},"line":84},"10":{"name":"tapLog","decl":{"start":{"line":90,"column":9},"end":{"line":90,"column":15}},"loc":{"start":{"line":90,"column":20},"end":{"line":95,"column":1}},"line":90},"11":{"name":"(anonymous_11)","decl":{"start":{"line":91,"column":14},"end":{"line":91,"column":15}},"loc":{"start":{"line":91,"column":65},"end":{"line":94,"column":15}},"line":91},"12":{"name":"apply","decl":{"start":{"line":97,"column":9},"end":{"line":97,"column":14}},"loc":{"start":{"line":97,"column":31},"end":{"line":111,"column":1}},"line":97},"13":{"name":"(anonymous_13)","decl":{"start":{"line":100,"column":23},"end":{"line":100,"column":24}},"loc":{"start":{"line":100,"column":44},"end":{"line":110,"column":13}},"line":100},"14":{"name":"(anonymous_14)","decl":{"start":{"line":101,"column":44},"end":{"line":101,"column":45}},"loc":{"start":{"line":101,"column":61},"end":{"line":109,"column":27}},"line":101},"15":{"name":"(anonymous_15)","decl":{"start":{"line":103,"column":58},"end":{"line":103,"column":59}},"loc":{"start":{"line":103,"column":75},"end":{"line":108,"column":41}},"line":103},"16":{"name":"pure","decl":{"start":{"line":130,"column":9},"end":{"line":130,"column":13}},"loc":{"start":{"line":130,"column":17},"end":{"line":137,"column":1}},"line":130},"17":{"name":"(anonymous_17)","decl":{"start":{"line":131,"column":23},"end":{"line":131,"column":24}},"loc":{"start":{"line":131,"column":44},"end":{"line":136,"column":13}},"line":131},"18":{"name":"alt","decl":{"start":{"line":147,"column":9},"end":{"line":147,"column":12}},"loc":{"start":{"line":147,"column":29},"end":{"line":158,"column":1}},"line":147},"19":{"name":"(anonymous_19)","decl":{"start":{"line":150,"column":23},"end":{"line":150,"column":24}},"loc":{"start":{"line":150,"column":44},"end":{"line":157,"column":13}},"line":150},"20":{"name":"bind","decl":{"start":{"line":167,"column":9},"end":{"line":167,"column":13}},"loc":{"start":{"line":167,"column":28},"end":{"line":175,"column":1}},"line":167},"21":{"name":"(anonymous_21)","decl":{"start":{"line":169,"column":23},"end":{"line":169,"column":24}},"loc":{"start":{"line":169,"column":44},"end":{"line":174,"column":13}},"line":169},"22":{"name":"(anonymous_22)","decl":{"start":{"line":170,"column":44},"end":{"line":170,"column":45}},"loc":{"start":{"line":170,"column":61},"end":{"line":173,"column":27}},"line":170},"23":{"name":"fail","decl":{"start":{"line":188,"column":9},"end":{"line":188,"column":13}},"loc":{"start":{"line":188,"column":23},"end":{"line":195,"column":1}},"line":188},"24":{"name":"(anonymous_24)","decl":{"start":{"line":189,"column":23},"end":{"line":189,"column":24}},"loc":{"start":{"line":189,"column":40},"end":{"line":194,"column":13}},"line":189},"25":{"name":"tries","decl":{"start":{"line":197,"column":9},"end":{"line":197,"column":14}},"loc":{"start":{"line":197,"column":22},"end":{"line":208,"column":1}},"line":197},"26":{"name":"(anonymous_26)","decl":{"start":{"line":199,"column":23},"end":{"line":199,"column":24}},"loc":{"start":{"line":199,"column":44},"end":{"line":207,"column":13}},"line":199},"27":{"name":"(anonymous_27)","decl":{"start":{"line":201,"column":45},"end":{"line":201,"column":46}},"loc":{"start":{"line":201,"column":62},"end":{"line":206,"column":27}},"line":201},"28":{"name":"withError","decl":{"start":{"line":210,"column":9},"end":{"line":210,"column":18}},"loc":{"start":{"line":210,"column":31},"end":{"line":212,"column":1}},"line":210},"29":{"name":"flipWithError","decl":{"start":{"line":214,"column":9},"end":{"line":214,"column":22}},"loc":{"start":{"line":214,"column":36},"end":{"line":216,"column":1}},"line":214},"30":{"name":"lookAhead","decl":{"start":{"line":279,"column":9},"end":{"line":279,"column":18}},"loc":{"start":{"line":279,"column":26},"end":{"line":292,"column":1}},"line":279},"31":{"name":"(anonymous_31)","decl":{"start":{"line":281,"column":23},"end":{"line":281,"column":24}},"loc":{"start":{"line":281,"column":44},"end":{"line":291,"column":13}},"line":281},"32":{"name":"many","decl":{"start":{"line":294,"column":9},"end":{"line":294,"column":13}},"loc":{"start":{"line":294,"column":18},"end":{"line":305,"column":1}},"line":294},"33":{"name":"(anonymous_33)","decl":{"start":{"line":295,"column":67},"end":{"line":295,"column":68}},"loc":{"start":{"line":295,"column":80},"end":{"line":299,"column":19}},"line":295},"34":{"name":"(anonymous_34)","decl":{"start":{"line":296,"column":51},"end":{"line":296,"column":52}},"loc":{"start":{"line":296,"column":68},"end":{"line":298,"column":33}},"line":296},"35":{"name":"(anonymous_35)","decl":{"start":{"line":299,"column":37},"end":{"line":299,"column":38}},"loc":{"start":{"line":299,"column":58},"end":{"line":304,"column":17}},"line":299},"36":{"name":"many1","decl":{"start":{"line":307,"column":9},"end":{"line":307,"column":14}},"loc":{"start":{"line":307,"column":19},"end":{"line":309,"column":1}},"line":307},"37":{"name":"times","decl":{"start":{"line":311,"column":9},"end":{"line":311,"column":14}},"loc":{"start":{"line":311,"column":26},"end":{"line":322,"column":1}},"line":311},"38":{"name":"(anonymous_38)","decl":{"start":{"line":313,"column":25},"end":{"line":313,"column":26}},"loc":{"start":{"line":313,"column":46},"end":{"line":318,"column":15}},"line":313},"39":{"name":"times2","decl":{"start":{"line":324,"column":9},"end":{"line":324,"column":15}},"loc":{"start":{"line":324,"column":20},"end":{"line":326,"column":1}},"line":324},"40":{"name":"times3","decl":{"start":{"line":328,"column":9},"end":{"line":328,"column":15}},"loc":{"start":{"line":328,"column":20},"end":{"line":330,"column":1}},"line":328},"41":{"name":"times4","decl":{"start":{"line":332,"column":9},"end":{"line":332,"column":15}},"loc":{"start":{"line":332,"column":20},"end":{"line":334,"column":1}},"line":332},"42":{"name":"times5","decl":{"start":{"line":336,"column":9},"end":{"line":336,"column":15}},"loc":{"start":{"line":336,"column":20},"end":{"line":338,"column":1}},"line":336},"43":{"name":"timesMin","decl":{"start":{"line":340,"column":9},"end":{"line":340,"column":17}},"loc":{"start":{"line":340,"column":27},"end":{"line":342,"column":1}},"line":340},"44":{"name":"timesMax","decl":{"start":{"line":344,"column":9},"end":{"line":344,"column":17}},"loc":{"start":{"line":344,"column":27},"end":{"line":365,"column":1}},"line":344},"45":{"name":"(anonymous_45)","decl":{"start":{"line":346,"column":25},"end":{"line":346,"column":26}},"loc":{"start":{"line":346,"column":46},"end":{"line":351,"column":15}},"line":346},"46":{"name":"(anonymous_46)","decl":{"start":{"line":353,"column":140},"end":{"line":353,"column":141}},"loc":{"start":{"line":353,"column":153},"end":{"line":358,"column":29}},"line":353},"47":{"name":"(anonymous_47)","decl":{"start":{"line":358,"column":47},"end":{"line":358,"column":48}},"loc":{"start":{"line":358,"column":68},"end":{"line":363,"column":27}},"line":358},"48":{"name":"timesMinMax","decl":{"start":{"line":367,"column":9},"end":{"line":367,"column":20}},"loc":{"start":{"line":367,"column":35},"end":{"line":369,"column":1}},"line":367},"49":{"name":"between","decl":{"start":{"line":371,"column":9},"end":{"line":371,"column":16}},"loc":{"start":{"line":371,"column":29},"end":{"line":373,"column":1}},"line":371},"50":{"name":"orDefault","decl":{"start":{"line":375,"column":9},"end":{"line":375,"column":18}},"loc":{"start":{"line":375,"column":33},"end":{"line":377,"column":1}},"line":375},"51":{"name":"orUnit","decl":{"start":{"line":379,"column":9},"end":{"line":379,"column":15}},"loc":{"start":{"line":379,"column":19},"end":{"line":393,"column":1}},"line":379},"52":{"name":"(anonymous_52)","decl":{"start":{"line":380,"column":66},"end":{"line":380,"column":67}},"loc":{"start":{"line":380,"column":83},"end":{"line":387,"column":19}},"line":380},"53":{"name":"(anonymous_53)","decl":{"start":{"line":381,"column":41},"end":{"line":381,"column":42}},"loc":{"start":{"line":381,"column":62},"end":{"line":386,"column":31}},"line":381},"54":{"name":"(anonymous_54)","decl":{"start":{"line":387,"column":37},"end":{"line":387,"column":38}},"loc":{"start":{"line":387,"column":58},"end":{"line":392,"column":17}},"line":387},"55":{"name":"opt","decl":{"start":{"line":395,"column":9},"end":{"line":395,"column":12}},"loc":{"start":{"line":395,"column":16},"end":{"line":403,"column":1}},"line":395},"56":{"name":"(anonymous_56)","decl":{"start":{"line":397,"column":55},"end":{"line":397,"column":56}},"loc":{"start":{"line":397,"column":76},"end":{"line":402,"column":17}},"line":397},"57":{"name":"sepBy1","decl":{"start":{"line":405,"column":9},"end":{"line":405,"column":15}},"loc":{"start":{"line":405,"column":24},"end":{"line":411,"column":1}},"line":405},"58":{"name":"(anonymous_58)","decl":{"start":{"line":406,"column":40},"end":{"line":406,"column":41}},"loc":{"start":{"line":406,"column":53},"end":{"line":410,"column":15}},"line":406},"59":{"name":"(anonymous_59)","decl":{"start":{"line":407,"column":88},"end":{"line":407,"column":89}},"loc":{"start":{"line":407,"column":101},"end":{"line":409,"column":29}},"line":407},"60":{"name":"sepBy","decl":{"start":{"line":413,"column":9},"end":{"line":413,"column":14}},"loc":{"start":{"line":413,"column":23},"end":{"line":420,"column":1}},"line":413},"61":{"name":"(anonymous_61)","decl":{"start":{"line":414,"column":128},"end":{"line":414,"column":129}},"loc":{"start":{"line":414,"column":149},"end":{"line":419,"column":17}},"line":414},"62":{"name":"sepByOptEnd","decl":{"start":{"line":422,"column":9},"end":{"line":422,"column":20}},"loc":{"start":{"line":422,"column":29},"end":{"line":429,"column":1}},"line":422},"63":{"name":"(anonymous_63)","decl":{"start":{"line":423,"column":134},"end":{"line":423,"column":135}},"loc":{"start":{"line":423,"column":155},"end":{"line":428,"column":17}},"line":423},"64":{"name":"sepByOptEnd1","decl":{"start":{"line":431,"column":9},"end":{"line":431,"column":21}},"loc":{"start":{"line":431,"column":30},"end":{"line":439,"column":1}},"line":431},"65":{"name":"(anonymous_65)","decl":{"start":{"line":432,"column":40},"end":{"line":432,"column":41}},"loc":{"start":{"line":432,"column":53},"end":{"line":438,"column":15}},"line":432},"66":{"name":"(anonymous_66)","decl":{"start":{"line":433,"column":81},"end":{"line":433,"column":82}},"loc":{"start":{"line":433,"column":98},"end":{"line":437,"column":33}},"line":433},"67":{"name":"(anonymous_67)","decl":{"start":{"line":434,"column":90},"end":{"line":434,"column":91}},"loc":{"start":{"line":434,"column":103},"end":{"line":436,"column":47}},"line":434},"68":{"name":"sepByWithEnd","decl":{"start":{"line":441,"column":9},"end":{"line":441,"column":21}},"loc":{"start":{"line":441,"column":30},"end":{"line":443,"column":1}},"line":441},"69":{"name":"sepByWithEnd1","decl":{"start":{"line":445,"column":9},"end":{"line":445,"column":22}},"loc":{"start":{"line":445,"column":31},"end":{"line":447,"column":1}},"line":445},"70":{"name":"chainr1$prime","decl":{"start":{"line":449,"column":9},"end":{"line":449,"column":22}},"loc":{"start":{"line":449,"column":34},"end":{"line":455,"column":1}},"line":449},"71":{"name":"(anonymous_71)","decl":{"start":{"line":450,"column":67},"end":{"line":450,"column":68}},"loc":{"start":{"line":450,"column":80},"end":{"line":454,"column":19}},"line":450},"72":{"name":"(anonymous_72)","decl":{"start":{"line":451,"column":72},"end":{"line":451,"column":73}},"loc":{"start":{"line":451,"column":86},"end":{"line":453,"column":33}},"line":451},"73":{"name":"chainr1","decl":{"start":{"line":457,"column":9},"end":{"line":457,"column":16}},"loc":{"start":{"line":457,"column":25},"end":{"line":461,"column":1}},"line":457},"74":{"name":"(anonymous_74)","decl":{"start":{"line":458,"column":40},"end":{"line":458,"column":41}},"loc":{"start":{"line":458,"column":53},"end":{"line":460,"column":15}},"line":458},"75":{"name":"chainr","decl":{"start":{"line":463,"column":9},"end":{"line":463,"column":15}},"loc":{"start":{"line":463,"column":27},"end":{"line":465,"column":1}},"line":463},"76":{"name":"chainl1$prime","decl":{"start":{"line":467,"column":9},"end":{"line":467,"column":22}},"loc":{"start":{"line":467,"column":34},"end":{"line":473,"column":1}},"line":467},"77":{"name":"(anonymous_77)","decl":{"start":{"line":468,"column":67},"end":{"line":468,"column":68}},"loc":{"start":{"line":468,"column":80},"end":{"line":472,"column":19}},"line":468},"78":{"name":"(anonymous_78)","decl":{"start":{"line":469,"column":58},"end":{"line":469,"column":59}},"loc":{"start":{"line":469,"column":72},"end":{"line":471,"column":33}},"line":469},"79":{"name":"chainl1","decl":{"start":{"line":475,"column":9},"end":{"line":475,"column":16}},"loc":{"start":{"line":475,"column":25},"end":{"line":479,"column":1}},"line":475},"80":{"name":"(anonymous_80)","decl":{"start":{"line":476,"column":40},"end":{"line":476,"column":41}},"loc":{"start":{"line":476,"column":53},"end":{"line":478,"column":15}},"line":476},"81":{"name":"chainl","decl":{"start":{"line":481,"column":9},"end":{"line":481,"column":15}},"loc":{"start":{"line":481,"column":27},"end":{"line":483,"column":1}},"line":481},"82":{"name":"anyOf","decl":{"start":{"line":485,"column":9},"end":{"line":485,"column":14}},"loc":{"start":{"line":485,"column":19},"end":{"line":487,"column":1}},"line":485},"83":{"name":"many1Until","decl":{"start":{"line":489,"column":9},"end":{"line":489,"column":19}},"loc":{"start":{"line":489,"column":28},"end":{"line":497,"column":1}},"line":489},"84":{"name":"(anonymous_84)","decl":{"start":{"line":490,"column":40},"end":{"line":490,"column":41}},"loc":{"start":{"line":490,"column":53},"end":{"line":496,"column":15}},"line":490},"85":{"name":"(anonymous_85)","decl":{"start":{"line":491,"column":82},"end":{"line":491,"column":83}},"loc":{"start":{"line":491,"column":99},"end":{"line":493,"column":33}},"line":491},"86":{"name":"(anonymous_86)","decl":{"start":{"line":493,"column":85},"end":{"line":493,"column":86}},"loc":{"start":{"line":493,"column":100},"end":{"line":495,"column":33}},"line":493},"87":{"name":"manyUntil","decl":{"start":{"line":499,"column":9},"end":{"line":499,"column":18}},"loc":{"start":{"line":499,"column":27},"end":{"line":506,"column":1}},"line":499},"88":{"name":"(anonymous_88)","decl":{"start":{"line":500,"column":76},"end":{"line":500,"column":77}},"loc":{"start":{"line":500,"column":97},"end":{"line":505,"column":21}},"line":500},"89":{"name":"filter","decl":{"start":{"line":508,"column":9},"end":{"line":508,"column":15}},"loc":{"start":{"line":508,"column":26},"end":{"line":516,"column":1}},"line":508},"90":{"name":"(anonymous_90)","decl":{"start":{"line":509,"column":34},"end":{"line":509,"column":35}},"loc":{"start":{"line":509,"column":47},"end":{"line":515,"column":19}},"line":509},"91":{"name":"(anonymous_91)","decl":{"start":{"line":518,"column":24},"end":{"line":518,"column":25}},"loc":{"start":{"line":518,"column":45},"end":{"line":531,"column":5}},"line":518},"92":{"name":"(anonymous_92)","decl":{"start":{"line":533,"column":28},"end":{"line":533,"column":29}},"loc":{"start":{"line":533,"column":45},"end":{"line":551,"column":5}},"line":533},"93":{"name":"(anonymous_93)","decl":{"start":{"line":553,"column":62},"end":{"line":553,"column":63}},"loc":{"start":{"line":553,"column":75},"end":{"line":557,"column":11}},"line":553},"94":{"name":"(anonymous_94)","decl":{"start":{"line":554,"column":43},"end":{"line":554,"column":44}},"loc":{"start":{"line":554,"column":60},"end":{"line":556,"column":25}},"line":554},"95":{"name":"(anonymous_95)","decl":{"start":{"line":559,"column":39},"end":{"line":559,"column":40}},"loc":{"start":{"line":559,"column":55},"end":{"line":561,"column":7}},"line":559},"96":{"name":"(anonymous_96)","decl":{"start":{"line":569,"column":65},"end":{"line":569,"column":66}},"loc":{"start":{"line":569,"column":82},"end":{"line":571,"column":7}},"line":569},"97":{"name":"(anonymous_97)","decl":{"start":{"line":577,"column":69},"end":{"line":577,"column":70}},"loc":{"start":{"line":577,"column":86},"end":{"line":579,"column":7}},"line":577},"98":{"name":"str","decl":{"start":{"line":581,"column":9},"end":{"line":581,"column":12}},"loc":{"start":{"line":581,"column":22},"end":{"line":602,"column":1}},"line":581},"99":{"name":"(anonymous_99)","decl":{"start":{"line":582,"column":23},"end":{"line":582,"column":24}},"loc":{"start":{"line":582,"column":40},"end":{"line":601,"column":13}},"line":582},"100":{"name":"strIgnoreCase","decl":{"start":{"line":604,"column":9},"end":{"line":604,"column":22}},"loc":{"start":{"line":604,"column":32},"end":{"line":625,"column":1}},"line":604},"101":{"name":"(anonymous_101)","decl":{"start":{"line":605,"column":23},"end":{"line":605,"column":24}},"loc":{"start":{"line":605,"column":40},"end":{"line":624,"column":13}},"line":605},"102":{"name":"anyCharBy","decl":{"start":{"line":627,"column":9},"end":{"line":627,"column":18}},"loc":{"start":{"line":627,"column":25},"end":{"line":635,"column":1}},"line":627},"103":{"name":"(anonymous_103)","decl":{"start":{"line":628,"column":51},"end":{"line":628,"column":52}},"loc":{"start":{"line":628,"column":64},"end":{"line":634,"column":19}},"line":628},"104":{"name":"anyOfStr","decl":{"start":{"line":637,"column":9},"end":{"line":637,"column":17}},"loc":{"start":{"line":637,"column":29},"end":{"line":639,"column":1}},"line":637},"105":{"name":"anyOfStrIgnoreCase","decl":{"start":{"line":641,"column":9},"end":{"line":641,"column":27}},"loc":{"start":{"line":641,"column":39},"end":{"line":643,"column":1}},"line":641},"106":{"name":"anyCharNotIn","decl":{"start":{"line":663,"column":9},"end":{"line":663,"column":21}},"loc":{"start":{"line":663,"column":33},"end":{"line":667,"column":1}},"line":663},"107":{"name":"(anonymous_107)","decl":{"start":{"line":664,"column":20},"end":{"line":664,"column":21}},"loc":{"start":{"line":664,"column":33},"end":{"line":666,"column":15}},"line":664},"108":{"name":"anyCharNotInIgnoreCase","decl":{"start":{"line":669,"column":9},"end":{"line":669,"column":31}},"loc":{"start":{"line":669,"column":43},"end":{"line":674,"column":1}},"line":669},"109":{"name":"(anonymous_109)","decl":{"start":{"line":671,"column":20},"end":{"line":671,"column":21}},"loc":{"start":{"line":671,"column":33},"end":{"line":673,"column":15}},"line":671},"110":{"name":"anyCharInRange","decl":{"start":{"line":676,"column":9},"end":{"line":676,"column":23}},"loc":{"start":{"line":676,"column":34},"end":{"line":685,"column":1}},"line":676},"111":{"name":"(anonymous_111)","decl":{"start":{"line":677,"column":51},"end":{"line":677,"column":52}},"loc":{"start":{"line":677,"column":64},"end":{"line":684,"column":19}},"line":677},"112":{"name":"(anonymous_112)","decl":{"start":{"line":723,"column":162},"end":{"line":723,"column":163}},"loc":{"start":{"line":723,"column":186},"end":{"line":727,"column":11}},"line":723},"113":{"name":"(anonymous_113)","decl":{"start":{"line":724,"column":138},"end":{"line":724,"column":139}},"loc":{"start":{"line":724,"column":161},"end":{"line":726,"column":25}},"line":724},"114":{"name":"(anonymous_114)","decl":{"start":{"line":731,"column":86},"end":{"line":731,"column":87}},"loc":{"start":{"line":731,"column":99},"end":{"line":733,"column":7}},"line":731},"115":{"name":"(anonymous_115)","decl":{"start":{"line":741,"column":19},"end":{"line":741,"column":20}},"loc":{"start":{"line":741,"column":32},"end":{"line":743,"column":7}},"line":741},"116":{"name":"(anonymous_116)","decl":{"start":{"line":787,"column":19},"end":{"line":787,"column":20}},"loc":{"start":{"line":787,"column":32},"end":{"line":789,"column":7}},"line":787},"117":{"name":"regex","decl":{"start":{"line":793,"column":9},"end":{"line":793,"column":14}},"loc":{"start":{"line":793,"column":24},"end":{"line":831,"column":1}},"line":793},"118":{"name":"(anonymous_118)","decl":{"start":{"line":794,"column":23},"end":{"line":794,"column":24}},"loc":{"start":{"line":794,"column":40},"end":{"line":830,"column":13}},"line":794},"119":{"name":"(anonymous_119)","decl":{"start":{"line":804,"column":47},"end":{"line":804,"column":48}},"loc":{"start":{"line":804,"column":64},"end":{"line":809,"column":29}},"line":804},"120":{"name":"(anonymous_120)","decl":{"start":{"line":809,"column":33},"end":{"line":809,"column":34}},"loc":{"start":{"line":809,"column":51},"end":{"line":817,"column":29}},"line":809},"121":{"name":"(anonymous_121)","decl":{"start":{"line":817,"column":65},"end":{"line":817,"column":66}},"loc":{"start":{"line":817,"column":81},"end":{"line":823,"column":33}},"line":817},"122":{"name":"regexStr","decl":{"start":{"line":833,"column":9},"end":{"line":833,"column":17}},"loc":{"start":{"line":833,"column":46},"end":{"line":836,"column":1}},"line":833},"123":{"name":"(anonymous_123)","decl":{"start":{"line":861,"column":66},"end":{"line":861,"column":67}},"loc":{"start":{"line":861,"column":83},"end":{"line":863,"column":7}},"line":861},"124":{"name":"(anonymous_124)","decl":{"start":{"line":865,"column":68},"end":{"line":865,"column":69}},"loc":{"start":{"line":865,"column":85},"end":{"line":867,"column":7}},"line":865},"125":{"name":"betweenParens","decl":{"start":{"line":877,"column":9},"end":{"line":877,"column":22}},"loc":{"start":{"line":877,"column":27},"end":{"line":879,"column":1}},"line":877},"126":{"name":"betweenCurlies","decl":{"start":{"line":885,"column":9},"end":{"line":885,"column":23}},"loc":{"start":{"line":885,"column":28},"end":{"line":887,"column":1}},"line":885},"127":{"name":"betweenSquares","decl":{"start":{"line":893,"column":9},"end":{"line":893,"column":23}},"loc":{"start":{"line":893,"column":28},"end":{"line":895,"column":1}},"line":893},"128":{"name":"betweenAngles","decl":{"start":{"line":901,"column":9},"end":{"line":901,"column":22}},"loc":{"start":{"line":901,"column":27},"end":{"line":903,"column":1}},"line":901},"129":{"name":"betweenDoubleQuotes","decl":{"start":{"line":907,"column":9},"end":{"line":907,"column":28}},"loc":{"start":{"line":907,"column":33},"end":{"line":909,"column":1}},"line":907},"130":{"name":"betweenSingleQuotes","decl":{"start":{"line":913,"column":9},"end":{"line":913,"column":28}},"loc":{"start":{"line":913,"column":33},"end":{"line":915,"column":1}},"line":913},"131":{"name":"betweenBackTicks","decl":{"start":{"line":919,"column":9},"end":{"line":919,"column":25}},"loc":{"start":{"line":919,"column":30},"end":{"line":921,"column":1}},"line":919}},"branchMap":{"0":{"loc":{"start":{"line":56,"column":2},"end":{"line":60,"column":3}},"type":"if","locations":[{"start":{"line":56,"column":2},"end":{"line":60,"column":3}},{"start":{"line":56,"column":2},"end":{"line":60,"column":3}}],"line":56},"1":{"loc":{"start":{"line":152,"column":14},"end":{"line":156,"column":15}},"type":"if","locations":[{"start":{"line":152,"column":14},"end":{"line":156,"column":15}},{"start":{"line":152,"column":14},"end":{"line":156,"column":15}}],"line":152},"2":{"loc":{"start":{"line":152,"column":18},"end":{"line":152,"column":71}},"type":"binary-expr","locations":[{"start":{"line":152,"column":18},"end":{"line":152,"column":24}},{"start":{"line":152,"column":28},"end":{"line":152,"column":71}}],"line":152},"3":{"loc":{"start":{"line":283,"column":14},"end":{"line":290,"column":15}},"type":"if","locations":[{"start":{"line":283,"column":14},"end":{"line":290,"column":15}},{"start":{"line":283,"column":14},"end":{"line":290,"column":15}}],"line":283},"4":{"loc":{"start":{"line":312,"column":2},"end":{"line":321,"column":3}},"type":"if","locations":[{"start":{"line":312,"column":2},"end":{"line":321,"column":3}},{"start":{"line":312,"column":2},"end":{"line":321,"column":3}}],"line":312},"5":{"loc":{"start":{"line":345,"column":2},"end":{"line":364,"column":3}},"type":"if","locations":[{"start":{"line":345,"column":2},"end":{"line":364,"column":3}},{"start":{"line":345,"column":2},"end":{"line":364,"column":3}}],"line":345},"6":{"loc":{"start":{"line":510,"column":20},"end":{"line":514,"column":21}},"type":"if","locations":[{"start":{"line":510,"column":20},"end":{"line":514,"column":21}},{"start":{"line":510,"column":20},"end":{"line":514,"column":21}}],"line":510},"7":{"loc":{"start":{"line":520,"column":6},"end":{"line":530,"column":7}},"type":"if","locations":[{"start":{"line":520,"column":6},"end":{"line":530,"column":7}},{"start":{"line":520,"column":6},"end":{"line":530,"column":7}}],"line":520},"8":{"loc":{"start":{"line":537,"column":6},"end":{"line":550,"column":7}},"type":"if","locations":[{"start":{"line":537,"column":6},"end":{"line":550,"column":7}},{"start":{"line":537,"column":6},"end":{"line":550,"column":7}}],"line":537},"9":{"loc":{"start":{"line":587,"column":14},"end":{"line":600,"column":15}},"type":"if","locations":[{"start":{"line":587,"column":14},"end":{"line":600,"column":15}},{"start":{"line":587,"column":14},"end":{"line":600,"column":15}}],"line":587},"10":{"loc":{"start":{"line":610,"column":14},"end":{"line":623,"column":15}},"type":"if","locations":[{"start":{"line":610,"column":14},"end":{"line":623,"column":15}},{"start":{"line":610,"column":14},"end":{"line":623,"column":15}}],"line":610},"11":{"loc":{"start":{"line":629,"column":20},"end":{"line":633,"column":21}},"type":"if","locations":[{"start":{"line":629,"column":20},"end":{"line":633,"column":21}},{"start":{"line":629,"column":20},"end":{"line":633,"column":21}}],"line":629},"12":{"loc":{"start":{"line":679,"column":20},"end":{"line":683,"column":21}},"type":"if","locations":[{"start":{"line":679,"column":20},"end":{"line":683,"column":21}},{"start":{"line":679,"column":20},"end":{"line":683,"column":21}}],"line":679},"13":{"loc":{"start":{"line":679,"column":24},"end":{"line":679,"column":58}},"type":"binary-expr","locations":[{"start":{"line":679,"column":24},"end":{"line":679,"column":39}},{"start":{"line":679,"column":43},"end":{"line":679,"column":58}}],"line":679},"14":{"loc":{"start":{"line":799,"column":32},"end":{"line":799,"column":93}},"type":"cond-expr","locations":[{"start":{"line":799,"column":72},"end":{"line":799,"column":78}},{"start":{"line":799,"column":81},"end":{"line":799,"column":93}}],"line":799},"15":{"loc":{"start":{"line":803,"column":14},"end":{"line":829,"column":15}},"type":"if","locations":[{"start":{"line":803,"column":14},"end":{"line":829,"column":15}},{"start":{"line":803,"column":14},"end":{"line":829,"column":15}}],"line":803},"16":{"loc":{"start":{"line":818,"column":34},"end":{"line":822,"column":35}},"type":"if","locations":[{"start":{"line":818,"column":34},"end":{"line":822,"column":35}},{"start":{"line":818,"column":34},"end":{"line":822,"column":35}}],"line":818},"17":{"loc":{"start":{"line":834,"column":14},"end":{"line":834,"column":62}},"type":"cond-expr","locations":[{"start":{"line":834,"column":44},"end":{"line":834,"column":57}},{"start":{"line":834,"column":60},"end":{"line":834,"column":62}}],"line":834}},"s":{"0":5,"1":5,"2":5,"3":5,"4":5,"5":5,"6":5,"7":5,"8":5,"9":5,"10":5,"11":5,"12":5,"13":5,"14":5,"15":5,"16":5,"17":5,"18":5,"19":5,"20":5,"21":5,"22":16,"23":5,"24":0,"25":5,"26":5,"27":2256,"28":39,"29":39,"30":8,"31":31,"32":3228,"33":3228,"34":10220,"35":6587,"36":5,"37":5,"38":5,"39":4,"40":4,"41":4,"42":4,"43":0,"44":0,"45":0,"46":1356,"47":1356,"48":1356,"49":3689,"50":2466,"51":2466,"52":2125,"53":5,"54":5,"55":5,"56":5,"57":5,"58":5,"59":5,"60":2838,"61":2754,"62":5,"63":5,"64":2153,"65":2153,"66":2153,"67":13035,"68":13035,"69":6571,"70":6464,"71":5,"72":5,"73":1862,"74":1862,"75":6264,"76":5430,"77":5430,"78":5,"79":5,"80":5,"81":1314,"82":2759,"83":89,"84":89,"85":4695,"86":4695,"87":1851,"88":4,"89":18,"90":5,"91":5,"92":5,"93":5,"94":5,"95":5,"96":5,"97":5,"98":5,"99":5,"100":5,"101":5,"102":5,"103":5,"104":5,"105":5,"106":5,"107":5,"108":5,"109":5,"110":5,"111":12,"112":12,"113":12,"114":12,"115":4,"116":8,"117":1432,"118":1122,"119":1094,"120":408,"121":53,"122":350,"123":112,"124":161,"125":238,"126":4,"127":4,"128":4,"129":4,"130":12,"131":157,"132":40,"133":156,"134":117,"135":284,"136":157,"137":23,"138":40,"139":8,"140":8,"141":4,"142":4,"143":4,"144":18,"145":18,"146":158,"147":22,"148":45,"149":37,"150":13,"151":4,"152":48,"153":8,"154":56,"155":48,"156":40,"157":40,"158":8,"159":8,"160":24,"161":16,"162":16,"163":32,"164":24,"165":8,"166":24,"167":16,"168":16,"169":16,"170":8,"171":8,"172":50,"173":72,"174":48,"175":8,"176":16,"177":12,"178":4,"179":18,"180":160,"181":130,"182":30,"183":5,"184":427,"185":427,"186":124,"187":303,"188":5,"189":4041,"190":4041,"191":4041,"192":4041,"193":3790,"194":251,"195":5,"196":2368,"197":679,"198":5,"199":1627,"200":5,"201":5,"202":5,"203":5,"204":4,"205":5,"206":5,"207":5,"208":36,"209":381,"210":2968,"211":2968,"212":2968,"213":2968,"214":2968,"215":1221,"216":1747,"217":56,"218":2537,"219":2537,"220":2537,"221":2537,"222":2537,"223":374,"224":2163,"225":29,"226":24,"227":12,"228":12,"229":24,"230":4,"231":5,"232":5,"233":5,"234":13,"235":8,"236":8,"237":8,"238":8,"239":19,"240":1294,"241":1294,"242":854,"243":440,"244":5,"245":5,"246":5,"247":5,"248":134,"249":134,"250":5,"251":5,"252":72,"253":5,"254":5,"255":5,"256":5,"257":46,"258":5,"259":5,"260":5,"261":5,"262":5,"263":5,"264":5,"265":5,"266":5,"267":5,"268":5,"269":5,"270":5,"271":106,"272":5,"273":82,"274":212,"275":212,"276":212,"277":212,"278":212,"279":212,"280":212,"281":212,"282":212,"283":164,"284":0,"285":164,"286":164,"287":0,"288":164,"289":48,"290":28,"291":28,"292":5,"293":5,"294":5,"295":5,"296":5,"297":5,"298":5,"299":5,"300":5,"301":5,"302":5,"303":24,"304":5,"305":24,"306":5,"307":5,"308":5,"309":5,"310":4,"311":5,"312":5,"313":4,"314":5,"315":5,"316":4,"317":5,"318":5,"319":4,"320":5,"321":4,"322":5,"323":4,"324":5,"325":4,"326":5,"327":5,"328":5,"329":5,"330":5,"331":5,"332":5,"333":5,"334":5,"335":5,"336":5,"337":5,"338":5,"339":5,"340":5,"341":5,"342":5,"343":5,"344":5,"345":5,"346":5,"347":5,"348":5,"349":5,"350":5,"351":5,"352":5,"353":5,"354":5,"355":5,"356":5,"357":5,"358":5,"359":5,"360":5,"361":5,"362":5,"363":5,"364":5,"365":5,"366":5,"367":5,"368":5,"369":5,"370":5,"371":5,"372":5,"373":5,"374":5,"375":5,"376":5,"377":5,"378":5,"379":5,"380":5,"381":5,"382":5,"383":5,"384":5,"385":5,"386":5,"387":5,"388":5,"389":5,"390":5,"391":5,"392":5,"393":5,"394":5,"395":5,"396":5,"397":5,"398":5,"399":5,"400":5,"401":5,"402":5,"403":5,"404":5,"405":5,"406":5,"407":5,"408":5,"409":5,"410":5,"411":5,"412":5,"413":5,"414":5,"415":5,"416":5,"417":5,"418":5,"419":5,"420":5,"421":5,"422":5,"423":5,"424":5,"425":5,"426":5,"427":5,"428":5,"429":5,"430":5,"431":5,"432":5,"433":5,"434":5,"435":5,"436":5,"437":5,"438":5,"439":5,"440":5,"441":5,"442":5,"443":5,"444":5,"445":5,"446":5,"447":5,"448":5,"449":5,"450":5,"451":5,"452":5,"453":5,"454":5,"455":5,"456":5,"457":5,"458":5,"459":5,"460":5,"461":5,"462":5,"463":5,"464":5,"465":5,"466":5,"467":5,"468":5,"469":5,"470":5,"471":5,"472":5,"473":5,"474":5,"475":5,"476":5,"477":5,"478":5,"479":5,"480":5,"481":5,"482":5,"483":5,"484":5,"485":5,"486":5,"487":5,"488":5,"489":5,"490":5,"491":5,"492":5,"493":5,"494":5,"495":5,"496":5,"497":5,"498":5,"499":5,"500":5,"501":5,"502":5,"503":5,"504":5,"505":5,"506":5,"507":5},"f":{"0":16,"1":0,"2":2256,"3":39,"4":3228,"5":10220,"6":6587,"7":4,"8":4,"9":4,"10":0,"11":0,"12":1356,"13":3689,"14":2466,"15":2125,"16":2838,"17":2754,"18":2153,"19":13035,"20":1862,"21":6264,"22":5430,"23":1314,"24":2759,"25":89,"26":4695,"27":1851,"28":4,"29":18,"30":12,"31":12,"32":1432,"33":1122,"34":1094,"35":408,"36":53,"37":350,"38":161,"39":4,"40":4,"41":4,"42":4,"43":12,"44":157,"45":156,"46":284,"47":157,"48":23,"49":40,"50":8,"51":8,"52":4,"53":4,"54":4,"55":18,"56":158,"57":22,"58":45,"59":37,"60":13,"61":4,"62":48,"63":8,"64":56,"65":48,"66":40,"67":40,"68":8,"69":8,"70":24,"71":16,"72":16,"73":32,"74":24,"75":8,"76":24,"77":16,"78":16,"79":16,"80":8,"81":8,"82":50,"83":72,"84":48,"85":8,"86":16,"87":12,"88":4,"89":18,"90":160,"91":427,"92":4041,"93":2368,"94":679,"95":1627,"96":4,"97":36,"98":381,"99":2968,"100":56,"101":2537,"102":29,"103":24,"104":24,"105":4,"106":13,"107":8,"108":8,"109":8,"110":19,"111":1294,"112":134,"113":134,"114":72,"115":46,"116":106,"117":82,"118":212,"119":0,"120":164,"121":164,"122":28,"123":24,"124":24,"125":4,"126":4,"127":4,"128":4,"129":4,"130":4,"131":4},"b":{"0":[8,31],"1":[6571,6464],"2":[13035,6635],"3":[4,8],"4":[112,238],"5":[40,117],"6":[130,30],"7":[124,303],"8":[3790,251],"9":[1221,1747],"10":[374,2163],"11":[12,12],"12":[854,440],"13":[1294,892],"14":[0,212],"15":[164,48],"16":[0,164],"17":[28,0]},"_coverageSchema":"43e27e138ebf9cfc5966b082cf9a028302ed4184","hash":"999f352738ffd22be415b71ef17101889f9be74f"}
,"/home/awhite/dev/andywhite37/relude-parse/lib/js/src/ReludeParse_UUID.bs.js": {"path":"/home/awhite/dev/andywhite37/relude-parse/lib/js/src/ReludeParse_UUID.bs.js","statementMap":{"0":{"start":{"line":4,"column":12},"end":{"line":4,"column":50}},"1":{"start":{"line":5,"column":25},"end":{"line":5,"column":62}},"2":{"start":{"line":6,"column":29},"end":{"line":6,"column":97}},"3":{"start":{"line":9,"column":2},"end":{"line":9,"column":18}},"4":{"start":{"line":13,"column":2},"end":{"line":13,"column":167}},"5":{"start":{"line":16,"column":13},"end":{"line":16,"column":40}},"6":{"start":{"line":18,"column":13},"end":{"line":20,"column":152}},"7":{"start":{"line":19,"column":40},"end":{"line":19,"column":115}},"8":{"start":{"line":22,"column":8},"end":{"line":22,"column":9}},"9":{"start":{"line":24,"column":0},"end":{"line":24,"column":14}},"10":{"start":{"line":25,"column":0},"end":{"line":25,"column":20}},"11":{"start":{"line":26,"column":0},"end":{"line":26,"column":30}},"12":{"start":{"line":27,"column":0},"end":{"line":27,"column":24}},"13":{"start":{"line":28,"column":0},"end":{"line":28,"column":24}}},"fnMap":{"0":{"name":"show","decl":{"start":{"line":8,"column":9},"end":{"line":8,"column":13}},"loc":{"start":{"line":8,"column":21},"end":{"line":10,"column":1}},"line":8},"1":{"name":"hexDigits","decl":{"start":{"line":12,"column":9},"end":{"line":12,"column":18}},"loc":{"start":{"line":12,"column":26},"end":{"line":14,"column":1}},"line":12},"2":{"name":"(anonymous_2)","decl":{"start":{"line":18,"column":400},"end":{"line":18,"column":401}},"loc":{"start":{"line":18,"column":425},"end":{"line":20,"column":39}},"line":18}},"branchMap":{},"s":{"0":1,"1":1,"2":1,"3":1,"4":5,"5":1,"6":1,"7":2,"8":1,"9":1,"10":1,"11":1,"12":1,"13":1},"f":{"0":1,"1":5,"2":2},"b":{},"_coverageSchema":"43e27e138ebf9cfc5966b082cf9a028302ed4184","hash":"4d48f18f88a210faa12d737754560b79c2ee06c2"}
}
