TN:
SF:/home/awhite/dev/andywhite37/relude-parse/lib/js/src/ReludeParse_IPv4.bs.js
FN:7,unsafeFromInts
FN:16,show
FNF:2
FNH:2
FNDA:14,unsafeFromInts
FNDA:1,show
DA:4,2
DA:5,2
DA:8,14
DA:17,1
DA:20,2
DA:27,2
DA:29,2
DA:30,2
DA:31,2
DA:32,2
LF:10
LH:10
BRF:0
BRH:0
end_of_record
TN:
SF:/home/awhite/dev/andywhite37/relude-parse/lib/js/src/ReludeParse_IPv6.bs.js
FN:10,unsafeFromInts
FN:23,show
FN:32,(anonymous_2)
FN:63,(anonymous_3)
FN:67,(anonymous_4)
FN:71,(anonymous_5)
FN:75,(anonymous_6)
FN:79,(anonymous_7)
FN:84,(anonymous_8)
FN:88,(anonymous_9)
FN:96,(anonymous_10)
FN:280,(anonymous_11)
FNF:12
FNH:12
FNDA:48,unsafeFromInts
FNDA:4,show
FNDA:24,(anonymous_2)
FNDA:25,(anonymous_3)
FNDA:11,(anonymous_4)
FNDA:9,(anonymous_5)
FNDA:9,(anonymous_6)
FNDA:81,(anonymous_7)
FNDA:81,(anonymous_8)
FNDA:15,(anonymous_9)
FNDA:28,(anonymous_10)
FNDA:1,(anonymous_11)
DA:4,1
DA:5,1
DA:6,1
DA:7,1
DA:8,1
DA:11,48
DA:24,4
DA:25,4
DA:26,4
DA:27,3
DA:29,1
DA:31,3
DA:32,3
DA:33,24
DA:63,1
DA:64,25
DA:67,1
DA:68,11
DA:71,1
DA:72,9
DA:75,1
DA:76,9
DA:79,1
DA:80,81
DA:85,81
DA:88,1
DA:89,15
DA:92,1
DA:94,1
DA:96,1
DA:97,28
DA:98,28
DA:99,22
DA:100,22
DA:101,22
DA:102,22
DA:103,22
DA:104,22
DA:105,22
DA:106,20
DA:107,20
DA:108,18
DA:109,18
DA:110,16
DA:111,16
DA:112,13
DA:113,13
DA:114,11
DA:115,0
DA:117,11
DA:120,2
DA:123,3
DA:126,2
DA:129,2
DA:132,2
DA:135,0
DA:137,11
DA:138,11
DA:139,5
DA:140,5
DA:141,5
DA:142,5
DA:143,3
DA:144,3
DA:145,3
DA:146,3
DA:147,2
DA:148,2
DA:149,2
DA:150,2
DA:151,1
DA:152,1
DA:153,1
DA:154,1
DA:155,0
DA:156,0
DA:157,0
DA:159,0
DA:162,1
DA:163,1
DA:164,1
DA:166,0
DA:170,0
DA:173,1
DA:174,1
DA:175,1
DA:176,1
DA:177,1
DA:178,0
DA:180,1
DA:183,0
DA:187,0
DA:190,1
DA:191,1
DA:192,1
DA:193,1
DA:194,1
DA:195,0
DA:196,0
DA:197,0
DA:198,0
DA:200,0
DA:203,1
DA:206,0
DA:210,0
DA:213,2
DA:214,2
DA:215,2
DA:216,2
DA:217,2
DA:218,1
DA:219,1
DA:220,1
DA:221,1
DA:222,1
DA:223,1
DA:224,0
DA:226,1
DA:229,0
DA:232,1
DA:235,0
DA:239,0
DA:242,6
DA:243,6
DA:244,6
DA:245,6
DA:246,6
DA:247,4
DA:248,4
DA:249,4
DA:250,3
DA:251,3
DA:252,3
DA:253,2
DA:254,2
DA:255,2
DA:256,1
DA:258,1
DA:261,1
DA:264,1
DA:267,2
DA:270,0
DA:276,6
DA:280,1
DA:281,1
DA:293,1
DA:295,1
DA:297,1
DA:308,1
DA:309,1
DA:310,1
DA:311,1
DA:312,1
DA:313,1
DA:314,1
DA:315,1
DA:316,1
DA:317,1
DA:318,1
DA:319,1
DA:320,1
DA:321,1
DA:322,1
LF:163
LH:140
BRDA:26,0,0,3
BRDA:26,0,1,1
BRDA:26,1,0,4
BRDA:26,1,1,1
BRDA:26,1,2,1
BRDA:26,1,3,1
BRDA:26,1,4,1
BRDA:26,1,5,1
BRDA:26,1,6,1
BRDA:26,1,7,1
BRDA:31,2,0,3
BRDA:31,2,1,0
BRDA:98,3,0,22
BRDA:98,3,1,6
BRDA:103,4,0,22
BRDA:103,4,1,0
BRDA:105,5,0,20
BRDA:105,5,1,2
BRDA:107,6,0,18
BRDA:107,6,1,2
BRDA:109,7,0,16
BRDA:109,7,1,2
BRDA:111,8,0,13
BRDA:111,8,1,3
BRDA:113,9,0,11
BRDA:113,9,1,2
BRDA:114,10,0,0
BRDA:114,10,1,11
BRDA:137,11,0,11
BRDA:137,11,1,0
BRDA:138,12,0,5
BRDA:138,12,1,6
BRDA:140,13,0,5
BRDA:140,13,1,0
BRDA:142,14,0,3
BRDA:142,14,1,2
BRDA:144,15,0,3
BRDA:144,15,1,0
BRDA:146,16,0,2
BRDA:146,16,1,1
BRDA:148,17,0,2
BRDA:148,17,1,0
BRDA:150,18,0,1
BRDA:150,18,1,1
BRDA:152,19,0,1
BRDA:152,19,1,0
BRDA:154,20,0,0
BRDA:154,20,1,1
BRDA:156,21,0,0
BRDA:156,21,1,0
BRDA:156,22,0,0
BRDA:156,22,1,0
BRDA:163,23,0,1
BRDA:163,23,1,0
BRDA:174,24,0,1
BRDA:174,24,1,0
BRDA:177,25,0,0
BRDA:177,25,1,1
BRDA:191,26,0,1
BRDA:191,26,1,0
BRDA:194,27,0,0
BRDA:194,27,1,1
BRDA:197,28,0,0
BRDA:197,28,1,0
BRDA:214,29,0,2
BRDA:214,29,1,0
BRDA:217,30,0,1
BRDA:217,30,1,1
BRDA:220,31,0,1
BRDA:220,31,1,0
BRDA:223,32,0,0
BRDA:223,32,1,1
BRDA:243,33,0,6
BRDA:243,33,1,0
BRDA:246,34,0,4
BRDA:246,34,1,2
BRDA:249,35,0,3
BRDA:249,35,1,1
BRDA:252,36,0,2
BRDA:252,36,1,1
BRDA:255,37,0,1
BRDA:255,37,1,1
BRF:82
BRH:58
end_of_record
TN:
SF:/home/awhite/dev/andywhite37/relude-parse/lib/js/src/ReludeParse_Parser.bs.js
FN:30,make
FN:39,show
FN:47,unParser
FN:51,runParser
FN:63,map
FN:65,(anonymous_5)
FN:66,(anonymous_6)
FN:81,tap
FN:83,(anonymous_8)
FN:84,(anonymous_9)
FN:90,tapLog
FN:91,(anonymous_11)
FN:97,apply
FN:100,(anonymous_13)
FN:101,(anonymous_14)
FN:103,(anonymous_15)
FN:130,pure
FN:131,(anonymous_17)
FN:147,alt
FN:150,(anonymous_19)
FN:167,bind
FN:169,(anonymous_21)
FN:170,(anonymous_22)
FN:188,fail
FN:189,(anonymous_24)
FN:197,tries
FN:199,(anonymous_26)
FN:201,(anonymous_27)
FN:210,withError
FN:214,flipWithError
FN:279,lookAhead
FN:281,(anonymous_31)
FN:294,many
FN:295,(anonymous_33)
FN:296,(anonymous_34)
FN:299,(anonymous_35)
FN:307,many1
FN:311,times
FN:313,(anonymous_38)
FN:324,times2
FN:328,times3
FN:332,times4
FN:336,times5
FN:340,timesMin
FN:344,timesMax
FN:346,(anonymous_45)
FN:353,(anonymous_46)
FN:358,(anonymous_47)
FN:367,timesMinMax
FN:371,between
FN:375,orDefault
FN:379,orUnit
FN:380,(anonymous_52)
FN:381,(anonymous_53)
FN:387,(anonymous_54)
FN:395,opt
FN:397,(anonymous_56)
FN:405,sepBy1
FN:406,(anonymous_58)
FN:407,(anonymous_59)
FN:413,sepBy
FN:414,(anonymous_61)
FN:422,sepByOptEnd
FN:423,(anonymous_63)
FN:431,sepByOptEnd1
FN:432,(anonymous_65)
FN:433,(anonymous_66)
FN:434,(anonymous_67)
FN:441,sepByWithEnd
FN:445,sepByWithEnd1
FN:449,chainr1$prime
FN:450,(anonymous_71)
FN:451,(anonymous_72)
FN:457,chainr1
FN:458,(anonymous_74)
FN:463,chainr
FN:467,chainl1$prime
FN:468,(anonymous_77)
FN:469,(anonymous_78)
FN:475,chainl1
FN:476,(anonymous_80)
FN:481,chainl
FN:485,anyOf
FN:489,many1Until
FN:490,(anonymous_84)
FN:491,(anonymous_85)
FN:493,(anonymous_86)
FN:499,manyUntil
FN:500,(anonymous_88)
FN:508,filter
FN:509,(anonymous_90)
FN:518,(anonymous_91)
FN:533,(anonymous_92)
FN:553,(anonymous_93)
FN:554,(anonymous_94)
FN:559,(anonymous_95)
FN:569,(anonymous_96)
FN:577,(anonymous_97)
FN:581,str
FN:582,(anonymous_99)
FN:604,strIgnoreCase
FN:605,(anonymous_101)
FN:627,anyCharBy
FN:628,(anonymous_103)
FN:637,anyOfStr
FN:641,anyOfStrIgnoreCase
FN:663,anyCharNotIn
FN:664,(anonymous_107)
FN:669,anyCharNotInIgnoreCase
FN:671,(anonymous_109)
FN:676,anyCharInRange
FN:677,(anonymous_111)
FN:723,(anonymous_112)
FN:724,(anonymous_113)
FN:731,(anonymous_114)
FN:741,(anonymous_115)
FN:787,(anonymous_116)
FN:793,regex
FN:794,(anonymous_118)
FN:804,(anonymous_119)
FN:809,(anonymous_120)
FN:817,(anonymous_121)
FN:833,regexStr
FN:861,(anonymous_123)
FN:865,(anonymous_124)
FN:877,betweenParens
FN:885,betweenCurlies
FN:893,betweenSquares
FN:901,betweenAngles
FN:907,betweenDoubleQuotes
FN:913,betweenSingleQuotes
FN:919,betweenBackTicks
FNF:132
FNH:128
FNDA:16,make
FNDA:0,show
FNDA:2256,unParser
FNDA:39,runParser
FNDA:3228,map
FNDA:10220,(anonymous_5)
FNDA:6587,(anonymous_6)
FNDA:4,tap
FNDA:4,(anonymous_8)
FNDA:4,(anonymous_9)
FNDA:0,tapLog
FNDA:0,(anonymous_11)
FNDA:1356,apply
FNDA:3689,(anonymous_13)
FNDA:2466,(anonymous_14)
FNDA:2125,(anonymous_15)
FNDA:2838,pure
FNDA:2754,(anonymous_17)
FNDA:2153,alt
FNDA:13035,(anonymous_19)
FNDA:1862,bind
FNDA:6264,(anonymous_21)
FNDA:5430,(anonymous_22)
FNDA:1314,fail
FNDA:2759,(anonymous_24)
FNDA:89,tries
FNDA:4695,(anonymous_26)
FNDA:1851,(anonymous_27)
FNDA:4,withError
FNDA:18,flipWithError
FNDA:12,lookAhead
FNDA:12,(anonymous_31)
FNDA:1432,many
FNDA:1122,(anonymous_33)
FNDA:1094,(anonymous_34)
FNDA:408,(anonymous_35)
FNDA:53,many1
FNDA:350,times
FNDA:161,(anonymous_38)
FNDA:4,times2
FNDA:4,times3
FNDA:4,times4
FNDA:4,times5
FNDA:12,timesMin
FNDA:157,timesMax
FNDA:156,(anonymous_45)
FNDA:284,(anonymous_46)
FNDA:157,(anonymous_47)
FNDA:23,timesMinMax
FNDA:40,between
FNDA:8,orDefault
FNDA:8,orUnit
FNDA:4,(anonymous_52)
FNDA:4,(anonymous_53)
FNDA:4,(anonymous_54)
FNDA:18,opt
FNDA:158,(anonymous_56)
FNDA:22,sepBy1
FNDA:45,(anonymous_58)
FNDA:37,(anonymous_59)
FNDA:13,sepBy
FNDA:4,(anonymous_61)
FNDA:48,sepByOptEnd
FNDA:8,(anonymous_63)
FNDA:56,sepByOptEnd1
FNDA:48,(anonymous_65)
FNDA:40,(anonymous_66)
FNDA:40,(anonymous_67)
FNDA:8,sepByWithEnd
FNDA:8,sepByWithEnd1
FNDA:24,chainr1$prime
FNDA:16,(anonymous_71)
FNDA:16,(anonymous_72)
FNDA:32,chainr1
FNDA:24,(anonymous_74)
FNDA:8,chainr
FNDA:24,chainl1$prime
FNDA:16,(anonymous_77)
FNDA:16,(anonymous_78)
FNDA:16,chainl1
FNDA:8,(anonymous_80)
FNDA:8,chainl
FNDA:50,anyOf
FNDA:72,many1Until
FNDA:48,(anonymous_84)
FNDA:8,(anonymous_85)
FNDA:16,(anonymous_86)
FNDA:12,manyUntil
FNDA:4,(anonymous_88)
FNDA:18,filter
FNDA:160,(anonymous_90)
FNDA:427,(anonymous_91)
FNDA:4041,(anonymous_92)
FNDA:2368,(anonymous_93)
FNDA:679,(anonymous_94)
FNDA:1627,(anonymous_95)
FNDA:4,(anonymous_96)
FNDA:36,(anonymous_97)
FNDA:381,str
FNDA:2968,(anonymous_99)
FNDA:56,strIgnoreCase
FNDA:2537,(anonymous_101)
FNDA:29,anyCharBy
FNDA:24,(anonymous_103)
FNDA:24,anyOfStr
FNDA:4,anyOfStrIgnoreCase
FNDA:13,anyCharNotIn
FNDA:8,(anonymous_107)
FNDA:8,anyCharNotInIgnoreCase
FNDA:8,(anonymous_109)
FNDA:19,anyCharInRange
FNDA:1294,(anonymous_111)
FNDA:134,(anonymous_112)
FNDA:134,(anonymous_113)
FNDA:72,(anonymous_114)
FNDA:46,(anonymous_115)
FNDA:106,(anonymous_116)
FNDA:82,regex
FNDA:212,(anonymous_118)
FNDA:0,(anonymous_119)
FNDA:164,(anonymous_120)
FNDA:164,(anonymous_121)
FNDA:28,regexStr
FNDA:24,(anonymous_123)
FNDA:24,(anonymous_124)
FNDA:4,betweenParens
FNDA:4,betweenCurlies
FNDA:4,betweenSquares
FNDA:4,betweenAngles
FNDA:4,betweenDoubleQuotes
FNDA:4,betweenSingleQuotes
FNDA:4,betweenBackTicks
DA:4,5
DA:5,5
DA:6,5
DA:7,5
DA:8,5
DA:9,5
DA:10,5
DA:11,5
DA:12,5
DA:13,5
DA:14,5
DA:15,5
DA:16,5
DA:17,5
DA:18,5
DA:19,5
DA:20,5
DA:21,5
DA:22,5
DA:24,5
DA:26,5
DA:28,5
DA:31,16
DA:37,5
DA:40,0
DA:43,5
DA:45,5
DA:48,2256
DA:52,39
DA:56,39
DA:57,8
DA:59,31
DA:64,3228
DA:65,3228
DA:66,10220
DA:67,6587
DA:75,5
DA:77,5
DA:79,5
DA:82,4
DA:83,4
DA:84,4
DA:85,4
DA:91,0
DA:92,0
DA:93,0
DA:98,1356
DA:99,1356
DA:100,1356
DA:101,3689
DA:102,2466
DA:103,2466
DA:104,2125
DA:113,5
DA:118,5
DA:120,5
DA:122,5
DA:124,5
DA:126,5
DA:128,5
DA:131,2838
DA:132,2754
DA:139,5
DA:145,5
DA:148,2153
DA:149,2153
DA:150,2153
DA:151,13035
DA:152,13035
DA:153,6571
DA:155,6464
DA:160,5
DA:165,5
DA:168,1862
DA:169,1862
DA:170,6264
DA:171,5430
DA:172,5430
DA:177,5
DA:184,5
DA:186,5
DA:189,1314
DA:190,2759
DA:198,89
DA:199,89
DA:200,4695
DA:201,4695
DA:202,1851
DA:211,4
DA:215,18
DA:218,5
DA:220,5
DA:222,5
DA:224,5
DA:226,5
DA:228,5
DA:230,5
DA:232,5
DA:234,5
DA:236,5
DA:238,5
DA:240,5
DA:242,5
DA:244,5
DA:246,5
DA:248,5
DA:250,5
DA:252,5
DA:254,5
DA:256,5
DA:258,5
DA:280,12
DA:281,12
DA:282,12
DA:283,12
DA:284,4
DA:286,8
DA:295,1432
DA:296,1122
DA:297,1094
DA:300,408
DA:308,53
DA:312,350
DA:313,112
DA:314,161
DA:320,238
DA:325,4
DA:329,4
DA:333,4
DA:337,4
DA:341,12
DA:345,157
DA:346,40
DA:347,156
DA:353,117
DA:354,284
DA:359,157
DA:368,23
DA:372,40
DA:376,8
DA:380,8
DA:381,4
DA:382,4
DA:388,4
DA:396,18
DA:397,18
DA:398,158
DA:406,22
DA:407,45
DA:408,37
DA:414,13
DA:415,4
DA:423,48
DA:424,8
DA:432,56
DA:433,48
DA:434,40
DA:435,40
DA:442,8
DA:446,8
DA:450,24
DA:451,16
DA:452,16
DA:458,32
DA:459,24
DA:464,8
DA:468,24
DA:469,16
DA:470,16
DA:476,16
DA:477,8
DA:482,8
DA:486,50
DA:490,72
DA:491,48
DA:492,8
DA:494,16
DA:500,12
DA:501,4
DA:509,18
DA:510,160
DA:511,130
DA:513,30
DA:518,5
DA:519,427
DA:520,427
DA:521,124
DA:526,303
DA:533,5
DA:534,4041
DA:535,4041
DA:536,4041
DA:537,4041
DA:538,3790
DA:546,251
DA:553,5
DA:554,2368
DA:555,679
DA:559,5
DA:560,1627
DA:563,5
DA:565,5
DA:567,5
DA:569,5
DA:570,4
DA:573,5
DA:575,5
DA:577,5
DA:578,36
DA:582,381
DA:583,2968
DA:584,2968
DA:585,2968
DA:586,2968
DA:587,2968
DA:588,1221
DA:596,1747
DA:605,56
DA:606,2537
DA:607,2537
DA:608,2537
DA:609,2537
DA:610,2537
DA:611,374
DA:619,2163
DA:628,29
DA:629,24
DA:630,12
DA:632,12
DA:638,24
DA:642,4
DA:645,5
DA:659,5
DA:661,5
DA:664,13
DA:665,8
DA:670,8
DA:671,8
DA:672,8
DA:677,19
DA:678,1294
DA:679,1294
DA:680,854
DA:682,440
DA:687,5
DA:719,5
DA:721,5
DA:723,5
DA:724,134
DA:725,134
DA:729,5
DA:731,5
DA:732,72
DA:735,5
DA:737,5
DA:739,5
DA:741,5
DA:742,46
DA:745,5
DA:747,5
DA:749,5
DA:751,5
DA:753,5
DA:755,5
DA:757,5
DA:759,5
DA:761,5
DA:763,5
DA:765,5
DA:785,5
DA:787,5
DA:788,106
DA:791,5
DA:794,82
DA:795,212
DA:796,212
DA:797,212
DA:798,212
DA:799,212
DA:800,212
DA:801,212
DA:802,212
DA:803,212
DA:804,164
DA:805,0
DA:810,164
DA:818,164
DA:819,0
DA:821,164
DA:825,48
DA:834,28
DA:835,28
DA:838,5
DA:840,5
DA:842,5
DA:844,5
DA:846,5
DA:848,5
DA:850,5
DA:855,5
DA:857,5
DA:859,5
DA:861,5
DA:862,24
DA:865,5
DA:866,24
DA:869,5
DA:871,5
DA:873,5
DA:875,5
DA:878,4
DA:881,5
DA:883,5
DA:886,4
DA:889,5
DA:891,5
DA:894,4
DA:897,5
DA:899,5
DA:902,4
DA:905,5
DA:908,4
DA:911,5
DA:914,4
DA:917,5
DA:920,4
DA:923,5
DA:925,5
DA:927,5
DA:929,5
DA:931,5
DA:933,5
DA:935,5
DA:937,5
DA:939,5
DA:941,5
DA:943,5
DA:945,5
DA:947,5
DA:949,5
DA:951,5
DA:953,5
DA:955,5
DA:957,5
DA:959,5
DA:961,5
DA:963,5
DA:965,5
DA:967,5
DA:969,5
DA:971,5
DA:973,5
DA:974,5
DA:975,5
DA:976,5
DA:977,5
DA:978,5
DA:979,5
DA:980,5
DA:981,5
DA:982,5
DA:983,5
DA:984,5
DA:985,5
DA:986,5
DA:987,5
DA:988,5
DA:989,5
DA:990,5
DA:991,5
DA:992,5
DA:993,5
DA:994,5
DA:995,5
DA:996,5
DA:997,5
DA:998,5
DA:999,5
DA:1000,5
DA:1001,5
DA:1002,5
DA:1003,5
DA:1004,5
DA:1005,5
DA:1006,5
DA:1007,5
DA:1008,5
DA:1009,5
DA:1010,5
DA:1011,5
DA:1012,5
DA:1013,5
DA:1014,5
DA:1015,5
DA:1016,5
DA:1017,5
DA:1018,5
DA:1019,5
DA:1020,5
DA:1021,5
DA:1022,5
DA:1023,5
DA:1024,5
DA:1025,5
DA:1026,5
DA:1027,5
DA:1028,5
DA:1029,5
DA:1030,5
DA:1031,5
DA:1032,5
DA:1033,5
DA:1034,5
DA:1035,5
DA:1036,5
DA:1037,5
DA:1038,5
DA:1039,5
DA:1040,5
DA:1041,5
DA:1042,5
DA:1043,5
DA:1044,5
DA:1045,5
DA:1046,5
DA:1047,5
DA:1048,5
DA:1049,5
DA:1050,5
DA:1051,5
DA:1052,5
DA:1053,5
DA:1054,5
DA:1055,5
DA:1056,5
DA:1057,5
DA:1058,5
DA:1059,5
DA:1060,5
DA:1061,5
DA:1062,5
DA:1063,5
DA:1064,5
DA:1065,5
DA:1066,5
DA:1067,5
DA:1068,5
DA:1069,5
DA:1070,5
DA:1071,5
DA:1072,5
DA:1073,5
DA:1074,5
DA:1075,5
DA:1076,5
DA:1077,5
DA:1078,5
DA:1079,5
DA:1080,5
DA:1081,5
DA:1082,5
DA:1083,5
DA:1084,5
DA:1085,5
DA:1086,5
DA:1087,5
DA:1088,5
DA:1089,5
DA:1090,5
DA:1091,5
DA:1092,5
DA:1093,5
DA:1094,5
DA:1095,5
DA:1096,5
DA:1097,5
DA:1098,5
DA:1099,5
DA:1100,5
DA:1101,5
DA:1102,5
DA:1103,5
DA:1104,5
DA:1105,5
DA:1106,5
DA:1107,5
DA:1108,5
DA:1109,5
DA:1110,5
DA:1111,5
DA:1112,5
DA:1113,5
DA:1114,5
DA:1115,5
DA:1116,5
DA:1117,5
DA:1118,5
DA:1119,5
DA:1120,5
DA:1121,5
DA:1122,5
DA:1123,5
DA:1124,5
DA:1125,5
DA:1126,5
DA:1127,5
DA:1128,5
DA:1129,5
LF:508
LH:502
BRDA:56,0,0,8
BRDA:56,0,1,31
BRDA:152,1,0,6571
BRDA:152,1,1,6464
BRDA:152,2,0,13035
BRDA:152,2,1,6635
BRDA:283,3,0,4
BRDA:283,3,1,8
BRDA:312,4,0,112
BRDA:312,4,1,238
BRDA:345,5,0,40
BRDA:345,5,1,117
BRDA:510,6,0,130
BRDA:510,6,1,30
BRDA:520,7,0,124
BRDA:520,7,1,303
BRDA:537,8,0,3790
BRDA:537,8,1,251
BRDA:587,9,0,1221
BRDA:587,9,1,1747
BRDA:610,10,0,374
BRDA:610,10,1,2163
BRDA:629,11,0,12
BRDA:629,11,1,12
BRDA:679,12,0,854
BRDA:679,12,1,440
BRDA:679,13,0,1294
BRDA:679,13,1,892
BRDA:799,14,0,0
BRDA:799,14,1,212
BRDA:803,15,0,164
BRDA:803,15,1,48
BRDA:818,16,0,0
BRDA:818,16,1,164
BRDA:834,17,0,28
BRDA:834,17,1,0
BRF:36
BRH:33
end_of_record
TN:
SF:/home/awhite/dev/andywhite37/relude-parse/lib/js/src/ReludeParse_UUID.bs.js
FN:8,show
FN:12,hexDigits
FN:18,(anonymous_2)
FNF:3
FNH:3
FNDA:1,show
FNDA:5,hexDigits
FNDA:2,(anonymous_2)
DA:4,1
DA:5,1
DA:6,1
DA:9,1
DA:13,5
DA:16,1
DA:18,1
DA:19,2
DA:22,1
DA:24,1
DA:25,1
DA:26,1
DA:27,1
DA:28,1
LF:14
LH:14
BRF:0
BRH:0
end_of_record
