TN:
SF:/home/awhite/dev/andywhite37/relude-parse/lib/js/src/ReludeParse.bs.js
FNF:0
FNH:0
DA:4,1
DA:6,1
DA:8,1
DA:10,1
DA:12,1
DA:14,1
DA:16,1
DA:18,1
DA:20,1
DA:21,1
DA:22,1
DA:23,1
DA:24,1
DA:25,1
DA:26,1
LF:15
LH:15
BRF:0
BRH:0
end_of_record
TN:
SF:/home/awhite/dev/andywhite37/relude-parse/lib/js/src/ReludeParse_Parser.bs.js
FN:28,make
FN:37,make$1
FN:41,show
FN:52,unParser
FN:56,runParser
FN:68,map
FN:70,(anonymous_6)
FN:71,(anonymous_7)
FN:86,tap
FN:88,(anonymous_9)
FN:89,(anonymous_10)
FN:95,tapLog
FN:96,(anonymous_12)
FN:102,apply
FN:105,(anonymous_14)
FN:106,(anonymous_15)
FN:108,(anonymous_16)
FN:135,pure
FN:136,(anonymous_18)
FN:144,(anonymous_19)
FN:159,alt
FN:162,(anonymous_21)
FN:172,altLazy
FN:174,(anonymous_23)
FN:185,orElse
FN:189,orElseLazy
FN:200,bind
FN:202,(anonymous_27)
FN:203,(anonymous_28)
FN:221,fail
FN:222,(anonymous_30)
FN:230,throwError
FN:244,catchError
FN:246,(anonymous_33)
FN:247,(anonymous_34)
FN:265,tries
FN:267,(anonymous_36)
FN:269,(anonymous_37)
FN:278,withError
FN:282,flipWithError
FN:347,lookAhead
FN:349,(anonymous_41)
FN:362,lookAheadNot
FN:364,(anonymous_43)
FN:380,many
FN:381,(anonymous_45)
FN:382,(anonymous_46)
FN:385,(anonymous_47)
FN:393,many1
FN:397,times
FN:399,(anonymous_50)
FN:410,times2
FN:414,times3
FN:418,times4
FN:422,times5
FN:426,timesMin
FN:430,timesMax
FN:432,(anonymous_57)
FN:439,(anonymous_58)
FN:444,(anonymous_59)
FN:453,timesMinMax
FN:457,between
FN:461,orDefault
FN:465,orUnit
FN:466,(anonymous_64)
FN:467,(anonymous_65)
FN:473,(anonymous_66)
FN:481,opt
FN:483,(anonymous_68)
FN:491,sepBy1
FN:492,(anonymous_70)
FN:493,(anonymous_71)
FN:499,sepBy
FN:500,(anonymous_73)
FN:508,sepByOptEnd
FN:509,(anonymous_75)
FN:517,sepByOptEnd1
FN:518,(anonymous_77)
FN:519,(anonymous_78)
FN:520,(anonymous_79)
FN:527,sepByWithEnd
FN:531,sepByWithEnd1
FN:535,chainr1
FN:536,(anonymous_83)
FN:541,chainr1$prime
FN:542,(anonymous_85)
FN:543,(anonymous_86)
FN:549,chainr
FN:553,chainl1$prime
FN:554,(anonymous_89)
FN:555,(anonymous_90)
FN:561,chainl1
FN:562,(anonymous_92)
FN:567,chainl
FN:571,anyOf
FN:575,getSome
FN:576,(anonymous_96)
FN:585,getNonEmptyStr
FN:586,(anonymous_98)
FN:595,getFst
FN:596,(anonymous_100)
FN:601,getSnd
FN:602,(anonymous_102)
FN:607,many1UntilWithEnd
FN:608,(anonymous_104)
FN:609,(anonymous_105)
FN:614,(anonymous_106)
FN:623,manyUntilWithEnd
FN:624,(anonymous_108)
FN:629,(anonymous_109)
FN:637,manyUntil
FN:641,many1Until
FN:645,many1UntilPeekWithEnd
FN:646,(anonymous_113)
FN:647,(anonymous_114)
FN:652,(anonymous_115)
FN:661,manyUntilPeekWithEnd
FN:662,(anonymous_117)
FN:667,(anonymous_118)
FN:675,manyUntilPeek
FN:679,many1UntilPeek
FN:683,filter
FN:684,(anonymous_122)
FN:693,(anonymous_123)
FN:708,orEOF
FN:712,(anonymous_125)
FN:732,notChar
FN:733,(anonymous_127)
FN:762,(anonymous_128)
FN:763,(anonymous_129)
FN:768,(anonymous_130)
FN:778,(anonymous_131)
FN:786,(anonymous_132)
FN:790,str
FN:791,(anonymous_134)
FN:813,strIgnoreCase
FN:814,(anonymous_136)
FN:836,anyCharBy
FN:837,(anonymous_138)
FN:846,anyOfStr
FN:850,anyOfStrIgnoreCase
FN:872,anyCharNotIn
FN:873,(anonymous_142)
FN:878,anyCharNotInIgnoreCase
FN:880,(anonymous_144)
FN:885,anyCharInRange
FN:886,(anonymous_146)
FN:932,(anonymous_147)
FN:933,(anonymous_148)
FN:940,(anonymous_149)
FN:950,(anonymous_150)
FN:996,(anonymous_151)
FN:1002,regex
FN:1003,(anonymous_153)
FN:1013,(anonymous_154)
FN:1018,(anonymous_155)
FN:1026,(anonymous_156)
FN:1042,regexStr
FN:1070,(anonymous_158)
FN:1074,(anonymous_159)
FN:1086,betweenParens
FN:1094,betweenCurlies
FN:1102,betweenSquares
FN:1110,betweenAngles
FN:1116,betweenDoubleQuotes
FN:1122,betweenSingleQuotes
FN:1128,betweenBackTicks
FN:1136,(anonymous_167)
FN:1142,orEOL
FNF:169
FNH:168
FNDA:4,make
FNDA:1,make$1
FNDA:3,show
FNDA:650,unParser
FNDA:100,runParser
FNDA:1699,map
FNDA:12205,(anonymous_6)
FNDA:6446,(anonymous_7)
FNDA:2,tap
FNDA:2,(anonymous_9)
FNDA:2,(anonymous_10)
FNDA:1,tapLog
FNDA:1,(anonymous_12)
FNDA:554,apply
FNDA:5554,(anonymous_14)
FNDA:3420,(anonymous_15)
FNDA:2938,(anonymous_16)
FNDA:1784,pure
FNDA:1763,(anonymous_18)
FNDA:1,(anonymous_19)
FNDA:1250,alt
FNDA:14412,(anonymous_21)
FNDA:6,altLazy
FNDA:6,(anonymous_23)
FNDA:3,orElse
FNDA:3,orElseLazy
FNDA:1041,bind
FNDA:4276,(anonymous_27)
FNDA:3776,(anonymous_28)
FNDA:1283,fail
FNDA:2768,(anonymous_30)
FNDA:1,throwError
FNDA:1,catchError
FNDA:1,(anonymous_33)
FNDA:1,(anonymous_34)
FNDA:71,tries
FNDA:4361,(anonymous_36)
FNDA:2364,(anonymous_37)
FNDA:1,withError
FNDA:7,flipWithError
FNDA:40,lookAhead
FNDA:41,(anonymous_41)
FNDA:2,lookAheadNot
FNDA:2,(anonymous_43)
FNDA:804,many
FNDA:608,(anonymous_45)
FNDA:601,(anonymous_46)
FNDA:305,(anonymous_47)
FNDA:25,many1
FNDA:131,times
FNDA:221,(anonymous_50)
FNDA:2,times2
FNDA:2,times3
FNDA:2,times4
FNDA:1,times5
FNDA:3,timesMin
FNDA:49,timesMax
FNDA:312,(anonymous_57)
FNDA:491,(anonymous_58)
FNDA:418,(anonymous_59)
FNDA:8,timesMinMax
FNDA:10,between
FNDA:2,orDefault
FNDA:2,orUnit
FNDA:1,(anonymous_64)
FNDA:1,(anonymous_65)
FNDA:1,(anonymous_66)
FNDA:21,opt
FNDA:210,(anonymous_68)
FNDA:9,sepBy1
FNDA:60,(anonymous_70)
FNDA:58,(anonymous_71)
FNDA:6,sepBy
FNDA:1,(anonymous_73)
FNDA:12,sepByOptEnd
FNDA:2,(anonymous_75)
FNDA:14,sepByOptEnd1
FNDA:12,(anonymous_77)
FNDA:10,(anonymous_78)
FNDA:10,(anonymous_79)
FNDA:2,sepByWithEnd
FNDA:2,sepByWithEnd1
FNDA:8,chainr1
FNDA:6,(anonymous_83)
FNDA:6,chainr1$prime
FNDA:4,(anonymous_85)
FNDA:4,(anonymous_86)
FNDA:2,chainr
FNDA:6,chainl1$prime
FNDA:4,(anonymous_89)
FNDA:4,(anonymous_90)
FNDA:4,chainl1
FNDA:2,(anonymous_92)
FNDA:2,chainl
FNDA:23,anyOf
FNDA:2,getSome
FNDA:2,(anonymous_96)
FNDA:2,getNonEmptyStr
FNDA:2,(anonymous_98)
FNDA:14,getFst
FNDA:9,(anonymous_100)
FNDA:1,getSnd
FNDA:1,(anonymous_102)
FNDA:36,many1UntilWithEnd
FNDA:24,(anonymous_104)
FNDA:4,(anonymous_105)
FNDA:8,(anonymous_106)
FNDA:6,manyUntilWithEnd
FNDA:2,(anonymous_108)
FNDA:2,(anonymous_109)
FNDA:3,manyUntil
FNDA:3,many1Until
FNDA:43,many1UntilPeekWithEnd
FNDA:30,(anonymous_113)
FNDA:6,(anonymous_114)
FNDA:12,(anonymous_115)
FNDA:7,manyUntilPeekWithEnd
FNDA:2,(anonymous_117)
FNDA:4,(anonymous_118)
FNDA:4,manyUntilPeek
FNDA:3,many1UntilPeek
FNDA:15,filter
FNDA:404,(anonymous_122)
FNDA:151,(anonymous_123)
FNDA:1,orEOF
FNDA:2589,(anonymous_125)
FNDA:3,notChar
FNDA:3,(anonymous_127)
FNDA:2053,(anonymous_128)
FNDA:920,(anonymous_129)
FNDA:923,(anonymous_130)
FNDA:1,(anonymous_131)
FNDA:9,(anonymous_132)
FNDA:257,str
FNDA:3625,(anonymous_134)
FNDA:52,strIgnoreCase
FNDA:4767,(anonymous_136)
FNDA:12,anyCharBy
FNDA:6,(anonymous_138)
FNDA:7,anyOfStr
FNDA:1,anyOfStrIgnoreCase
FNDA:8,anyCharNotIn
FNDA:2,(anonymous_142)
FNDA:2,anyCharNotInIgnoreCase
FNDA:2,(anonymous_144)
FNDA:19,anyCharInRange
FNDA:388,(anonymous_146)
FNDA:82,(anonymous_147)
FNDA:82,(anonymous_148)
FNDA:18,(anonymous_149)
FNDA:95,(anonymous_150)
FNDA:286,(anonymous_151)
FNDA:30,regex
FNDA:53,(anonymous_153)
FNDA:0,(anonymous_154)
FNDA:41,(anonymous_155)
FNDA:41,(anonymous_156)
FNDA:7,regexStr
FNDA:6,(anonymous_158)
FNDA:6,(anonymous_159)
FNDA:1,betweenParens
FNDA:1,betweenCurlies
FNDA:1,betweenSquares
FNDA:1,betweenAngles
FNDA:1,betweenDoubleQuotes
FNDA:1,betweenSingleQuotes
FNDA:1,betweenBackTicks
FNDA:5,(anonymous_167)
FNDA:2,orEOL
DA:4,6
DA:5,6
DA:6,6
DA:7,6
DA:8,6
DA:9,6
DA:10,6
DA:11,6
DA:12,6
DA:13,6
DA:14,6
DA:15,6
DA:16,6
DA:17,6
DA:18,6
DA:19,6
DA:20,6
DA:21,6
DA:22,6
DA:23,6
DA:24,6
DA:26,6
DA:29,4
DA:35,6
DA:38,1
DA:42,3
DA:45,6
DA:50,6
DA:53,650
DA:57,100
DA:61,100
DA:62,17
DA:64,83
DA:69,1699
DA:70,1699
DA:71,12205
DA:72,6446
DA:80,6
DA:82,6
DA:84,6
DA:87,2
DA:88,2
DA:89,2
DA:90,2
DA:96,1
DA:97,1
DA:98,1
DA:103,554
DA:104,554
DA:105,554
DA:106,5554
DA:107,3420
DA:108,3420
DA:109,2938
DA:118,6
DA:123,6
DA:125,6
DA:127,6
DA:129,6
DA:131,6
DA:133,6
DA:136,1784
DA:137,1763
DA:144,6
DA:145,1
DA:151,6
DA:157,6
DA:160,1250
DA:161,1250
DA:162,1250
DA:163,14412
DA:164,14412
DA:165,9240
DA:167,5172
DA:173,6
DA:174,6
DA:175,6
DA:176,6
DA:177,4
DA:178,4
DA:180,2
DA:186,3
DA:190,3
DA:193,6
DA:198,6
DA:201,1041
DA:202,1041
DA:203,4276
DA:204,3776
DA:205,3776
DA:210,6
DA:217,6
DA:219,6
DA:222,1283
DA:223,2768
DA:231,1
DA:234,6
DA:242,6
DA:245,1
DA:246,1
DA:247,1
DA:248,1
DA:249,1
DA:254,6
DA:263,6
DA:266,71
DA:267,71
DA:268,4361
DA:269,4361
DA:270,2364
DA:279,1
DA:283,7
DA:286,6
DA:288,6
DA:290,6
DA:292,6
DA:294,6
DA:296,6
DA:298,6
DA:300,6
DA:302,6
DA:304,6
DA:306,6
DA:308,6
DA:310,6
DA:312,6
DA:314,6
DA:316,6
DA:318,6
DA:320,6
DA:322,6
DA:324,6
DA:326,6
DA:348,40
DA:349,40
DA:350,41
DA:351,41
DA:352,31
DA:354,10
DA:363,2
DA:364,2
DA:365,2
DA:366,2
DA:367,1
DA:372,1
DA:381,804
DA:382,608
DA:383,601
DA:386,305
DA:394,25
DA:398,131
DA:399,37
DA:400,221
DA:406,94
DA:411,2
DA:415,2
DA:419,2
DA:423,1
DA:427,3
DA:431,49
DA:432,13
DA:433,312
DA:439,36
DA:440,491
DA:445,418
DA:454,8
DA:458,10
DA:462,2
DA:466,2
DA:467,1
DA:468,1
DA:474,1
DA:482,21
DA:483,21
DA:484,210
DA:492,9
DA:493,60
DA:494,58
DA:500,6
DA:501,1
DA:509,12
DA:510,2
DA:518,14
DA:519,12
DA:520,10
DA:521,10
DA:528,2
DA:532,2
DA:536,8
DA:537,6
DA:542,6
DA:543,4
DA:544,4
DA:550,2
DA:554,6
DA:555,4
DA:556,4
DA:562,4
DA:563,2
DA:568,2
DA:572,23
DA:576,2
DA:577,2
DA:578,1
DA:580,1
DA:586,2
DA:587,2
DA:588,1
DA:590,1
DA:596,14
DA:597,9
DA:602,1
DA:603,1
DA:608,36
DA:609,24
DA:610,4
DA:615,8
DA:624,6
DA:625,2
DA:630,2
DA:638,3
DA:642,3
DA:646,43
DA:647,30
DA:648,6
DA:653,12
DA:662,7
DA:663,2
DA:668,4
DA:676,4
DA:680,3
DA:684,15
DA:685,404
DA:686,287
DA:688,117
DA:693,6
DA:694,151
DA:695,151
DA:696,39
DA:701,112
DA:709,1
DA:712,6
DA:713,2589
DA:714,2589
DA:715,2589
DA:716,2589
DA:717,2479
DA:725,110
DA:733,3
DA:734,3
DA:735,3
DA:736,3
DA:737,3
DA:738,2
DA:739,2
DA:740,1
DA:745,1
DA:754,1
DA:762,6
DA:763,2053
DA:764,920
DA:768,6
DA:769,923
DA:772,6
DA:774,6
DA:776,6
DA:778,6
DA:779,1
DA:782,6
DA:784,6
DA:786,6
DA:787,9
DA:791,257
DA:792,3625
DA:793,3625
DA:794,3625
DA:795,3625
DA:796,3625
DA:797,1283
DA:805,2342
DA:814,52
DA:815,4767
DA:816,4767
DA:817,4767
DA:818,4767
DA:819,4767
DA:820,619
DA:828,4148
DA:837,12
DA:838,6
DA:839,3
DA:841,3
DA:847,7
DA:851,1
DA:854,6
DA:868,6
DA:870,6
DA:873,8
DA:874,2
DA:879,2
DA:880,2
DA:881,2
DA:886,19
DA:887,388
DA:888,388
DA:889,273
DA:891,115
DA:896,6
DA:928,6
DA:930,6
DA:932,6
DA:933,82
DA:934,82
DA:938,6
DA:940,6
DA:941,18
DA:944,6
DA:946,6
DA:948,6
DA:950,6
DA:951,95
DA:954,6
DA:956,6
DA:958,6
DA:960,6
DA:962,6
DA:964,6
DA:966,6
DA:968,6
DA:970,6
DA:972,6
DA:974,6
DA:994,6
DA:996,6
DA:997,286
DA:1000,6
DA:1003,30
DA:1004,53
DA:1005,53
DA:1006,53
DA:1007,53
DA:1008,53
DA:1009,53
DA:1010,53
DA:1011,53
DA:1012,53
DA:1013,41
DA:1014,0
DA:1019,41
DA:1027,41
DA:1028,0
DA:1030,41
DA:1034,12
DA:1043,7
DA:1044,7
DA:1047,6
DA:1049,6
DA:1051,6
DA:1053,6
DA:1055,6
DA:1057,6
DA:1059,6
DA:1064,6
DA:1066,6
DA:1068,6
DA:1070,6
DA:1071,6
DA:1074,6
DA:1075,6
DA:1078,6
DA:1080,6
DA:1082,6
DA:1084,6
DA:1087,1
DA:1090,6
DA:1092,6
DA:1095,1
DA:1098,6
DA:1100,6
DA:1103,1
DA:1106,6
DA:1108,6
DA:1111,1
DA:1114,6
DA:1117,1
DA:1120,6
DA:1123,1
DA:1126,6
DA:1129,1
DA:1132,6
DA:1134,6
DA:1136,6
DA:1137,5
DA:1140,6
DA:1143,2
DA:1146,6
DA:1148,6
DA:1150,6
DA:1152,6
DA:1154,6
DA:1156,6
DA:1158,6
DA:1160,6
DA:1162,6
DA:1164,6
DA:1166,6
DA:1168,6
DA:1170,6
DA:1172,6
DA:1174,6
DA:1176,6
DA:1178,6
DA:1180,6
DA:1182,6
DA:1184,6
DA:1186,6
DA:1188,6
DA:1190,6
DA:1192,6
DA:1194,6
DA:1196,6
DA:1198,6
DA:1200,6
DA:1202,6
DA:1203,6
DA:1204,6
DA:1205,6
DA:1206,6
DA:1207,6
DA:1208,6
DA:1209,6
DA:1210,6
DA:1211,6
DA:1212,6
DA:1213,6
DA:1214,6
DA:1215,6
DA:1216,6
DA:1217,6
DA:1218,6
DA:1219,6
DA:1220,6
DA:1221,6
DA:1222,6
DA:1223,6
DA:1224,6
DA:1225,6
DA:1226,6
DA:1227,6
DA:1228,6
DA:1229,6
DA:1230,6
DA:1231,6
DA:1232,6
DA:1233,6
DA:1234,6
DA:1235,6
DA:1236,6
DA:1237,6
DA:1238,6
DA:1239,6
DA:1240,6
DA:1241,6
DA:1242,6
DA:1243,6
DA:1244,6
DA:1245,6
DA:1246,6
DA:1247,6
DA:1248,6
DA:1249,6
DA:1250,6
DA:1251,6
DA:1252,6
DA:1253,6
DA:1254,6
DA:1255,6
DA:1256,6
DA:1257,6
DA:1258,6
DA:1259,6
DA:1260,6
DA:1261,6
DA:1262,6
DA:1263,6
DA:1264,6
DA:1265,6
DA:1266,6
DA:1267,6
DA:1268,6
DA:1269,6
DA:1270,6
DA:1271,6
DA:1272,6
DA:1273,6
DA:1274,6
DA:1275,6
DA:1276,6
DA:1277,6
DA:1278,6
DA:1279,6
DA:1280,6
DA:1281,6
DA:1282,6
DA:1283,6
DA:1284,6
DA:1285,6
DA:1286,6
DA:1287,6
DA:1288,6
DA:1289,6
DA:1290,6
DA:1291,6
DA:1292,6
DA:1293,6
DA:1294,6
DA:1295,6
DA:1296,6
DA:1297,6
DA:1298,6
DA:1299,6
DA:1300,6
DA:1301,6
DA:1302,6
DA:1303,6
DA:1304,6
DA:1305,6
DA:1306,6
DA:1307,6
DA:1308,6
DA:1309,6
DA:1310,6
DA:1311,6
DA:1312,6
DA:1313,6
DA:1314,6
DA:1315,6
DA:1316,6
DA:1317,6
DA:1318,6
DA:1319,6
DA:1320,6
DA:1321,6
DA:1322,6
DA:1323,6
DA:1324,6
DA:1325,6
DA:1326,6
DA:1327,6
DA:1328,6
DA:1329,6
DA:1330,6
DA:1331,6
DA:1332,6
DA:1333,6
DA:1334,6
DA:1335,6
DA:1336,6
DA:1337,6
DA:1338,6
DA:1339,6
DA:1340,6
DA:1341,6
DA:1342,6
DA:1343,6
DA:1344,6
DA:1345,6
DA:1346,6
DA:1347,6
DA:1348,6
DA:1349,6
DA:1350,6
DA:1351,6
DA:1352,6
DA:1353,6
DA:1354,6
DA:1355,6
DA:1356,6
DA:1357,6
DA:1358,6
DA:1359,6
DA:1360,6
DA:1361,6
DA:1362,6
DA:1363,6
DA:1364,6
DA:1365,6
DA:1366,6
DA:1367,6
DA:1368,6
DA:1369,6
DA:1370,6
DA:1371,6
DA:1372,6
DA:1373,6
DA:1374,6
DA:1375,6
DA:1376,6
DA:1377,6
DA:1378,6
DA:1379,6
DA:1380,6
DA:1381,6
DA:1382,6
DA:1383,6
DA:1384,6
DA:1385,6
DA:1386,6
DA:1387,6
DA:1388,6
DA:1389,6
DA:1390,6
DA:1391,6
DA:1392,6
DA:1393,6
DA:1394,6
LF:616
LH:614
BRDA:61,0,0,17
BRDA:61,0,1,83
BRDA:164,1,0,9240
BRDA:164,1,1,5172
BRDA:164,2,0,14412
BRDA:164,2,1,9258
BRDA:176,3,0,4
BRDA:176,3,1,2
BRDA:176,4,0,6
BRDA:176,4,1,4
BRDA:351,5,0,31
BRDA:351,5,1,10
BRDA:366,6,0,1
BRDA:366,6,1,1
BRDA:398,7,0,37
BRDA:398,7,1,94
BRDA:431,8,0,13
BRDA:431,8,1,36
BRDA:577,9,0,1
BRDA:577,9,1,1
BRDA:587,10,0,1
BRDA:587,10,1,1
BRDA:685,11,0,287
BRDA:685,11,1,117
BRDA:695,12,0,39
BRDA:695,12,1,112
BRDA:716,13,0,2479
BRDA:716,13,1,110
BRDA:737,14,0,2
BRDA:737,14,1,1
BRDA:739,15,0,1
BRDA:739,15,1,1
BRDA:796,16,0,1283
BRDA:796,16,1,2342
BRDA:819,17,0,619
BRDA:819,17,1,4148
BRDA:838,18,0,3
BRDA:838,18,1,3
BRDA:888,19,0,273
BRDA:888,19,1,115
BRDA:888,20,0,388
BRDA:888,20,1,284
BRDA:1008,21,0,0
BRDA:1008,21,1,53
BRDA:1012,22,0,41
BRDA:1012,22,1,12
BRDA:1027,23,0,0
BRDA:1027,23,1,41
BRDA:1043,24,0,7
BRDA:1043,24,1,0
BRF:50
BRH:47
end_of_record
TN:
SF:/home/awhite/dev/andywhite37/relude-parse/lib/js/src/extras/ReludeParse_IPv4.bs.js
FN:12,show
FN:28,toTuple
FN:37,(anonymous_2)
FN:51,parse
FN:55,parseOption
FN:59,unsafeFromString
FN:60,(anonymous_6)
FN:65,unsafeFromInts
FNF:8
FNH:8
FNDA:12,show
FNDA:4,toTuple
FNDA:17,(anonymous_2)
FNDA:1,parse
FNDA:1,parseOption
FNDA:12,unsafeFromString
FNDA:1,(anonymous_6)
FNDA:11,unsafeFromInts
DA:4,2
DA:5,2
DA:6,2
DA:7,2
DA:8,2
DA:9,2
DA:10,2
DA:13,12
DA:29,4
DA:37,2
DA:38,17
DA:52,1
DA:56,1
DA:60,12
DA:61,1
DA:66,11
DA:74,2
DA:75,2
DA:76,2
DA:77,2
DA:78,2
DA:79,2
DA:80,2
LF:23
LH:23
BRF:0
BRH:0
end_of_record
TN:
SF:/home/awhite/dev/andywhite37/relude-parse/lib/js/src/extras/ReludeParse_IPv6.bs.js
FN:13,make
FN:37,show
FN:46,(anonymous_2)
FN:77,(anonymous_3)
FN:81,(anonymous_4)
FN:85,(anonymous_5)
FN:89,(anonymous_6)
FN:93,(anonymous_7)
FN:98,(anonymous_8)
FN:102,(anonymous_9)
FN:110,(anonymous_10)
FN:294,(anonymous_11)
FN:300,parse
FN:304,parseOption
FN:308,unsafeFromString
FN:309,(anonymous_15)
FN:314,unsafeFromInts
FNF:17
FNH:17
FNDA:72,make
FNDA:31,show
FNDA:200,(anonymous_2)
FNDA:113,(anonymous_3)
FNDA:11,(anonymous_4)
FNDA:9,(anonymous_5)
FNDA:9,(anonymous_6)
FNDA:173,(anonymous_7)
FNDA:173,(anonymous_8)
FNDA:18,(anonymous_9)
FNDA:53,(anonymous_10)
FNDA:6,(anonymous_11)
FNDA:2,parse
FNDA:2,parseOption
FNDA:28,unsafeFromString
FNDA:1,(anonymous_15)
FNDA:27,unsafeFromInts
DA:4,1
DA:5,1
DA:6,1
DA:7,1
DA:8,1
DA:9,1
DA:10,1
DA:11,1
DA:14,72
DA:26,1
DA:38,31
DA:39,31
DA:40,31
DA:41,25
DA:43,6
DA:45,25
DA:46,25
DA:47,200
DA:77,1
DA:78,113
DA:81,1
DA:82,11
DA:85,1
DA:86,9
DA:89,1
DA:90,9
DA:93,1
DA:94,173
DA:99,173
DA:102,1
DA:103,18
DA:106,1
DA:108,1
DA:110,1
DA:111,53
DA:112,53
DA:113,53
DA:114,45
DA:115,45
DA:116,45
DA:117,45
DA:118,45
DA:119,45
DA:120,43
DA:121,43
DA:122,41
DA:123,41
DA:124,38
DA:125,38
DA:126,35
DA:127,35
DA:128,33
DA:129,0
DA:131,33
DA:134,2
DA:137,3
DA:140,3
DA:143,2
DA:146,2
DA:149,0
DA:151,12
DA:152,12
DA:153,5
DA:154,5
DA:155,5
DA:156,5
DA:157,3
DA:158,3
DA:159,3
DA:160,3
DA:161,2
DA:162,2
DA:163,2
DA:164,2
DA:165,1
DA:166,1
DA:167,1
DA:168,1
DA:169,0
DA:170,0
DA:171,0
DA:173,0
DA:176,1
DA:177,1
DA:178,1
DA:180,0
DA:184,0
DA:187,1
DA:188,1
DA:189,1
DA:190,1
DA:191,1
DA:192,0
DA:194,1
DA:197,0
DA:201,0
DA:204,1
DA:205,1
DA:206,1
DA:207,1
DA:208,1
DA:209,0
DA:210,0
DA:211,0
DA:212,0
DA:214,0
DA:217,1
DA:220,0
DA:224,0
DA:227,2
DA:228,2
DA:229,2
DA:230,2
DA:231,2
DA:232,1
DA:233,1
DA:234,1
DA:235,1
DA:236,1
DA:237,1
DA:238,0
DA:240,1
DA:243,0
DA:246,1
DA:249,0
DA:253,0
DA:256,7
DA:257,7
DA:258,7
DA:259,7
DA:260,7
DA:261,5
DA:262,5
DA:263,5
DA:264,4
DA:265,4
DA:266,4
DA:267,2
DA:268,2
DA:269,2
DA:270,1
DA:272,1
DA:275,2
DA:278,1
DA:281,2
DA:284,0
DA:290,8
DA:294,1
DA:295,6
DA:298,1
DA:301,2
DA:305,2
DA:309,28
DA:310,1
DA:315,27
DA:318,1
DA:319,1
DA:320,1
DA:321,1
DA:322,1
DA:323,1
DA:324,1
LF:162
LH:139
BRDA:40,0,0,25
BRDA:40,0,1,6
BRDA:40,1,0,31
BRDA:40,1,1,7
BRDA:40,1,2,7
BRDA:40,1,3,7
BRDA:40,1,4,7
BRDA:40,1,5,7
BRDA:40,1,6,7
BRDA:40,1,7,7
BRDA:45,2,0,25
BRDA:45,2,1,0
BRDA:113,3,0,45
BRDA:113,3,1,8
BRDA:117,4,0,45
BRDA:117,4,1,0
BRDA:119,5,0,43
BRDA:119,5,1,2
BRDA:121,6,0,41
BRDA:121,6,1,2
BRDA:123,7,0,38
BRDA:123,7,1,3
BRDA:125,8,0,35
BRDA:125,8,1,3
BRDA:127,9,0,33
BRDA:127,9,1,2
BRDA:128,10,0,0
BRDA:128,10,1,33
BRDA:151,11,0,12
BRDA:151,11,1,0
BRDA:152,12,0,5
BRDA:152,12,1,7
BRDA:154,13,0,5
BRDA:154,13,1,0
BRDA:156,14,0,3
BRDA:156,14,1,2
BRDA:158,15,0,3
BRDA:158,15,1,0
BRDA:160,16,0,2
BRDA:160,16,1,1
BRDA:162,17,0,2
BRDA:162,17,1,0
BRDA:164,18,0,1
BRDA:164,18,1,1
BRDA:166,19,0,1
BRDA:166,19,1,0
BRDA:168,20,0,0
BRDA:168,20,1,1
BRDA:170,21,0,0
BRDA:170,21,1,0
BRDA:170,22,0,0
BRDA:170,22,1,0
BRDA:177,23,0,1
BRDA:177,23,1,0
BRDA:188,24,0,1
BRDA:188,24,1,0
BRDA:191,25,0,0
BRDA:191,25,1,1
BRDA:205,26,0,1
BRDA:205,26,1,0
BRDA:208,27,0,0
BRDA:208,27,1,1
BRDA:211,28,0,0
BRDA:211,28,1,0
BRDA:228,29,0,2
BRDA:228,29,1,0
BRDA:231,30,0,1
BRDA:231,30,1,1
BRDA:234,31,0,1
BRDA:234,31,1,0
BRDA:237,32,0,0
BRDA:237,32,1,1
BRDA:257,33,0,7
BRDA:257,33,1,0
BRDA:260,34,0,5
BRDA:260,34,1,2
BRDA:263,35,0,4
BRDA:263,35,1,1
BRDA:266,36,0,2
BRDA:266,36,1,2
BRDA:269,37,0,1
BRDA:269,37,1,1
BRF:82
BRH:58
end_of_record
TN:
SF:/home/awhite/dev/andywhite37/relude-parse/lib/js/src/extras/ReludeParse_NanpPhone.bs.js
FN:10,(anonymous_0)
FN:18,(anonymous_1)
FN:27,(anonymous_2)
FN:37,(anonymous_3)
FN:48,make
FN:56,toDigits
FN:84,parse
FN:88,parseOption
FN:92,unsafeFromString
FN:93,(anonymous_9)
FN:98,show
FNF:11
FNH:11
FNDA:19,(anonymous_0)
FNDA:21,(anonymous_1)
FNDA:19,(anonymous_2)
FNDA:17,(anonymous_3)
FNDA:17,make
FNDA:13,toDigits
FNDA:16,parse
FNDA:2,parseOption
FNDA:8,unsafeFromString
FNDA:1,(anonymous_9)
FNDA:6,show
DA:4,1
DA:5,1
DA:6,1
DA:7,1
DA:8,1
DA:10,1
DA:11,19
DA:19,21
DA:25,1
DA:27,1
DA:28,19
DA:35,1
DA:37,1
DA:38,17
DA:46,1
DA:49,17
DA:57,13
DA:58,13
DA:59,13
DA:60,13
DA:74,1
DA:82,1
DA:85,16
DA:89,2
DA:93,8
DA:94,1
DA:99,6
DA:100,6
DA:101,6
DA:102,6
DA:103,6
DA:104,6
DA:105,6
DA:106,6
DA:107,6
DA:108,6
DA:109,6
DA:110,6
DA:111,6
DA:113,1
DA:115,1
DA:117,1
DA:119,1
DA:121,1
DA:123,1
DA:128,1
DA:129,1
DA:130,1
DA:131,1
DA:132,1
DA:133,1
DA:134,1
DA:135,1
DA:136,1
DA:137,1
LF:55
LH:55
BRDA:99,0,0,6
BRDA:99,0,1,0
BRDA:111,1,0,1
BRDA:111,1,1,1
BRDA:111,1,2,1
BRDA:111,1,3,1
BRDA:111,1,4,1
BRDA:111,1,5,1
BRF:8
BRH:7
end_of_record
TN:
SF:/home/awhite/dev/andywhite37/relude-parse/lib/js/src/extras/ReludeParse_UUID.bs.js
FN:11,unsafeFromParts
FN:30,show
FN:34,hexDigits
FN:42,parse
FN:46,parseOption
FN:50,unsafeFromString
FN:51,(anonymous_6)
FNF:7
FNH:5
FNDA:6,unsafeFromParts
FNDA:2,show
FNDA:5,hexDigits
FNDA:1,parse
FNDA:0,parseOption
FNDA:3,unsafeFromString
FNDA:0,(anonymous_6)
DA:4,1
DA:5,1
DA:6,1
DA:7,1
DA:8,1
DA:9,1
DA:12,6
DA:31,2
DA:35,5
DA:38,1
DA:40,1
DA:43,1
DA:47,0
DA:51,3
DA:52,0
DA:56,1
DA:57,1
DA:58,1
DA:59,1
DA:60,1
LF:20
LH:18
BRF:0
BRH:0
end_of_record
